[2025-02-12T20:07:20.774+0000] {processor.py:186} INFO - Started process (PID=131) to work on /opt/airflow/dags/etl_calories_dag.py
[2025-02-12T20:07:20.775+0000] {processor.py:914} INFO - Processing file /opt/airflow/dags/etl_calories_dag.py for tasks to queue
[2025-02-12T20:07:20.777+0000] {logging_mixin.py:190} INFO - [2025-02-12T20:07:20.777+0000] {dagbag.py:588} INFO - Filling up the DagBag from /opt/airflow/dags/etl_calories_dag.py
[2025-02-12T20:07:21.365+0000] {processor.py:925} INFO - DAG(s) 'etl_calories_dag' retrieved from /opt/airflow/dags/etl_calories_dag.py
[2025-02-12T20:07:21.522+0000] {logging_mixin.py:190} INFO - [2025-02-12T20:07:21.521+0000] {override.py:1912} INFO - Created Permission View: can edit on DAG:etl_calories_dag
[2025-02-12T20:07:21.588+0000] {logging_mixin.py:190} INFO - [2025-02-12T20:07:21.587+0000] {override.py:1912} INFO - Created Permission View: can read on DAG:etl_calories_dag
[2025-02-12T20:07:21.632+0000] {logging_mixin.py:190} INFO - [2025-02-12T20:07:21.632+0000] {override.py:1912} INFO - Created Permission View: can delete on DAG:etl_calories_dag
[2025-02-12T20:07:21.704+0000] {logging_mixin.py:190} INFO - [2025-02-12T20:07:21.704+0000] {override.py:1912} INFO - Created Permission View: can create on DAG Run:etl_calories_dag
[2025-02-12T20:07:21.762+0000] {logging_mixin.py:190} INFO - [2025-02-12T20:07:21.761+0000] {override.py:1912} INFO - Created Permission View: can read on DAG Run:etl_calories_dag
[2025-02-12T20:07:21.813+0000] {logging_mixin.py:190} INFO - [2025-02-12T20:07:21.813+0000] {override.py:1912} INFO - Created Permission View: menu access on DAG Run:etl_calories_dag
[2025-02-12T20:07:21.865+0000] {logging_mixin.py:190} INFO - [2025-02-12T20:07:21.865+0000] {override.py:1912} INFO - Created Permission View: can delete on DAG Run:etl_calories_dag
[2025-02-12T20:07:21.866+0000] {logging_mixin.py:190} INFO - [2025-02-12T20:07:21.866+0000] {dag.py:3239} INFO - Sync 1 DAGs
[2025-02-12T20:07:21.892+0000] {logging_mixin.py:190} INFO - [2025-02-12T20:07:21.892+0000] {dag.py:3262} INFO - Creating ORM DAG for etl_calories_dag
[2025-02-12T20:07:21.909+0000] {logging_mixin.py:190} INFO - [2025-02-12T20:07:21.908+0000] {dag.py:4180} INFO - Setting next_dagrun for etl_calories_dag to 2025-02-12 00:00:00+00:00, run_after=2025-02-13 00:00:00+00:00
[2025-02-12T20:07:21.987+0000] {processor.py:208} INFO - Processing /opt/airflow/dags/etl_calories_dag.py took 1.219 seconds
[2025-02-12T20:07:56.891+0000] {processor.py:186} INFO - Started process (PID=150) to work on /opt/airflow/dags/etl_calories_dag.py
[2025-02-12T20:07:56.892+0000] {processor.py:914} INFO - Processing file /opt/airflow/dags/etl_calories_dag.py for tasks to queue
[2025-02-12T20:07:56.895+0000] {logging_mixin.py:190} INFO - [2025-02-12T20:07:56.894+0000] {dagbag.py:588} INFO - Filling up the DagBag from /opt/airflow/dags/etl_calories_dag.py
[2025-02-12T20:07:57.367+0000] {processor.py:925} INFO - DAG(s) 'etl_calories_dag' retrieved from /opt/airflow/dags/etl_calories_dag.py
[2025-02-12T20:07:57.397+0000] {logging_mixin.py:190} INFO - [2025-02-12T20:07:57.397+0000] {dag.py:3239} INFO - Sync 1 DAGs
[2025-02-12T20:07:57.428+0000] {logging_mixin.py:190} INFO - [2025-02-12T20:07:57.427+0000] {dag.py:4180} INFO - Setting next_dagrun for etl_calories_dag to 2025-02-12 00:00:00+00:00, run_after=2025-02-13 00:00:00+00:00
[2025-02-12T20:07:57.495+0000] {processor.py:208} INFO - Processing /opt/airflow/dags/etl_calories_dag.py took 0.610 seconds
[2025-02-12T20:08:28.457+0000] {processor.py:186} INFO - Started process (PID=153) to work on /opt/airflow/dags/etl_calories_dag.py
[2025-02-12T20:08:28.458+0000] {processor.py:914} INFO - Processing file /opt/airflow/dags/etl_calories_dag.py for tasks to queue
[2025-02-12T20:08:28.463+0000] {logging_mixin.py:190} INFO - [2025-02-12T20:08:28.462+0000] {dagbag.py:588} INFO - Filling up the DagBag from /opt/airflow/dags/etl_calories_dag.py
[2025-02-12T20:08:29.166+0000] {processor.py:925} INFO - DAG(s) 'etl_calories_dag' retrieved from /opt/airflow/dags/etl_calories_dag.py
[2025-02-12T20:08:29.200+0000] {logging_mixin.py:190} INFO - [2025-02-12T20:08:29.200+0000] {dag.py:3239} INFO - Sync 1 DAGs
[2025-02-12T20:08:29.235+0000] {logging_mixin.py:190} INFO - [2025-02-12T20:08:29.235+0000] {dag.py:4180} INFO - Setting next_dagrun for etl_calories_dag to 2025-02-12 00:00:00+00:00, run_after=2025-02-13 00:00:00+00:00
[2025-02-12T20:08:29.308+0000] {processor.py:208} INFO - Processing /opt/airflow/dags/etl_calories_dag.py took 0.859 seconds
[2025-02-12T20:09:00.265+0000] {processor.py:186} INFO - Started process (PID=156) to work on /opt/airflow/dags/etl_calories_dag.py
[2025-02-12T20:09:00.267+0000] {processor.py:914} INFO - Processing file /opt/airflow/dags/etl_calories_dag.py for tasks to queue
[2025-02-12T20:09:00.270+0000] {logging_mixin.py:190} INFO - [2025-02-12T20:09:00.270+0000] {dagbag.py:588} INFO - Filling up the DagBag from /opt/airflow/dags/etl_calories_dag.py
[2025-02-12T20:09:00.905+0000] {processor.py:925} INFO - DAG(s) 'etl_calories_dag' retrieved from /opt/airflow/dags/etl_calories_dag.py
[2025-02-12T20:09:00.932+0000] {logging_mixin.py:190} INFO - [2025-02-12T20:09:00.932+0000] {dag.py:3239} INFO - Sync 1 DAGs
[2025-02-12T20:09:00.962+0000] {logging_mixin.py:190} INFO - [2025-02-12T20:09:00.961+0000] {dag.py:4180} INFO - Setting next_dagrun for etl_calories_dag to 2025-02-12 00:00:00+00:00, run_after=2025-02-13 00:00:00+00:00
[2025-02-12T20:09:01.034+0000] {processor.py:208} INFO - Processing /opt/airflow/dags/etl_calories_dag.py took 0.775 seconds
[2025-02-12T20:09:31.843+0000] {processor.py:186} INFO - Started process (PID=159) to work on /opt/airflow/dags/etl_calories_dag.py
[2025-02-12T20:09:31.844+0000] {processor.py:914} INFO - Processing file /opt/airflow/dags/etl_calories_dag.py for tasks to queue
[2025-02-12T20:09:31.846+0000] {logging_mixin.py:190} INFO - [2025-02-12T20:09:31.846+0000] {dagbag.py:588} INFO - Filling up the DagBag from /opt/airflow/dags/etl_calories_dag.py
[2025-02-12T20:09:32.405+0000] {processor.py:925} INFO - DAG(s) 'etl_calories_dag' retrieved from /opt/airflow/dags/etl_calories_dag.py
[2025-02-12T20:09:32.438+0000] {logging_mixin.py:190} INFO - [2025-02-12T20:09:32.437+0000] {dag.py:3239} INFO - Sync 1 DAGs
[2025-02-12T20:09:32.465+0000] {logging_mixin.py:190} INFO - [2025-02-12T20:09:32.464+0000] {dag.py:4180} INFO - Setting next_dagrun for etl_calories_dag to 2025-02-12 00:00:00+00:00, run_after=2025-02-13 00:00:00+00:00
[2025-02-12T20:09:32.525+0000] {processor.py:208} INFO - Processing /opt/airflow/dags/etl_calories_dag.py took 0.687 seconds
[2025-02-12T20:10:02.967+0000] {processor.py:186} INFO - Started process (PID=162) to work on /opt/airflow/dags/etl_calories_dag.py
[2025-02-12T20:10:02.968+0000] {processor.py:914} INFO - Processing file /opt/airflow/dags/etl_calories_dag.py for tasks to queue
[2025-02-12T20:10:02.970+0000] {logging_mixin.py:190} INFO - [2025-02-12T20:10:02.970+0000] {dagbag.py:588} INFO - Filling up the DagBag from /opt/airflow/dags/etl_calories_dag.py
[2025-02-12T20:10:03.475+0000] {processor.py:925} INFO - DAG(s) 'etl_calories_dag' retrieved from /opt/airflow/dags/etl_calories_dag.py
[2025-02-12T20:10:03.508+0000] {logging_mixin.py:190} INFO - [2025-02-12T20:10:03.508+0000] {dag.py:3239} INFO - Sync 1 DAGs
[2025-02-12T20:10:03.541+0000] {logging_mixin.py:190} INFO - [2025-02-12T20:10:03.540+0000] {dag.py:4180} INFO - Setting next_dagrun for etl_calories_dag to 2025-02-12 00:00:00+00:00, run_after=2025-02-13 00:00:00+00:00
[2025-02-12T20:10:03.602+0000] {processor.py:208} INFO - Processing /opt/airflow/dags/etl_calories_dag.py took 0.642 seconds
[2025-02-12T20:10:34.768+0000] {processor.py:186} INFO - Started process (PID=165) to work on /opt/airflow/dags/etl_calories_dag.py
[2025-02-12T20:10:34.769+0000] {processor.py:914} INFO - Processing file /opt/airflow/dags/etl_calories_dag.py for tasks to queue
[2025-02-12T20:10:34.772+0000] {logging_mixin.py:190} INFO - [2025-02-12T20:10:34.771+0000] {dagbag.py:588} INFO - Filling up the DagBag from /opt/airflow/dags/etl_calories_dag.py
[2025-02-12T20:10:35.259+0000] {processor.py:925} INFO - DAG(s) 'etl_calories_dag' retrieved from /opt/airflow/dags/etl_calories_dag.py
[2025-02-12T20:10:35.286+0000] {logging_mixin.py:190} INFO - [2025-02-12T20:10:35.286+0000] {dag.py:3239} INFO - Sync 1 DAGs
[2025-02-12T20:10:35.311+0000] {logging_mixin.py:190} INFO - [2025-02-12T20:10:35.311+0000] {dag.py:4180} INFO - Setting next_dagrun for etl_calories_dag to 2025-02-12 00:00:00+00:00, run_after=2025-02-13 00:00:00+00:00
[2025-02-12T20:10:35.370+0000] {processor.py:208} INFO - Processing /opt/airflow/dags/etl_calories_dag.py took 0.607 seconds
[2025-02-12T20:11:06.404+0000] {processor.py:186} INFO - Started process (PID=184) to work on /opt/airflow/dags/etl_calories_dag.py
[2025-02-12T20:11:06.405+0000] {processor.py:914} INFO - Processing file /opt/airflow/dags/etl_calories_dag.py for tasks to queue
[2025-02-12T20:11:06.408+0000] {logging_mixin.py:190} INFO - [2025-02-12T20:11:06.407+0000] {dagbag.py:588} INFO - Filling up the DagBag from /opt/airflow/dags/etl_calories_dag.py
[2025-02-12T20:11:06.913+0000] {processor.py:925} INFO - DAG(s) 'etl_calories_dag' retrieved from /opt/airflow/dags/etl_calories_dag.py
[2025-02-12T20:11:06.940+0000] {logging_mixin.py:190} INFO - [2025-02-12T20:11:06.940+0000] {dag.py:3239} INFO - Sync 1 DAGs
[2025-02-12T20:11:06.968+0000] {logging_mixin.py:190} INFO - [2025-02-12T20:11:06.968+0000] {dag.py:4180} INFO - Setting next_dagrun for etl_calories_dag to 2025-02-12 00:00:00+00:00, run_after=2025-02-13 00:00:00+00:00
[2025-02-12T20:11:07.043+0000] {processor.py:208} INFO - Processing /opt/airflow/dags/etl_calories_dag.py took 0.645 seconds
[2025-02-12T20:11:38.165+0000] {processor.py:186} INFO - Started process (PID=187) to work on /opt/airflow/dags/etl_calories_dag.py
[2025-02-12T20:11:38.166+0000] {processor.py:914} INFO - Processing file /opt/airflow/dags/etl_calories_dag.py for tasks to queue
[2025-02-12T20:11:38.169+0000] {logging_mixin.py:190} INFO - [2025-02-12T20:11:38.169+0000] {dagbag.py:588} INFO - Filling up the DagBag from /opt/airflow/dags/etl_calories_dag.py
[2025-02-12T20:11:38.673+0000] {processor.py:925} INFO - DAG(s) 'etl_calories_dag' retrieved from /opt/airflow/dags/etl_calories_dag.py
[2025-02-12T20:11:38.701+0000] {logging_mixin.py:190} INFO - [2025-02-12T20:11:38.701+0000] {dag.py:3239} INFO - Sync 1 DAGs
[2025-02-12T20:11:38.729+0000] {logging_mixin.py:190} INFO - [2025-02-12T20:11:38.729+0000] {dag.py:4180} INFO - Setting next_dagrun for etl_calories_dag to 2025-02-12 00:00:00+00:00, run_after=2025-02-13 00:00:00+00:00
[2025-02-12T20:11:38.795+0000] {processor.py:208} INFO - Processing /opt/airflow/dags/etl_calories_dag.py took 0.635 seconds
[2025-02-12T20:12:09.095+0000] {processor.py:186} INFO - Started process (PID=190) to work on /opt/airflow/dags/etl_calories_dag.py
[2025-02-12T20:12:09.096+0000] {processor.py:914} INFO - Processing file /opt/airflow/dags/etl_calories_dag.py for tasks to queue
[2025-02-12T20:12:09.098+0000] {logging_mixin.py:190} INFO - [2025-02-12T20:12:09.098+0000] {dagbag.py:588} INFO - Filling up the DagBag from /opt/airflow/dags/etl_calories_dag.py
[2025-02-12T20:12:09.632+0000] {processor.py:925} INFO - DAG(s) 'etl_calories_dag' retrieved from /opt/airflow/dags/etl_calories_dag.py
[2025-02-12T20:12:09.662+0000] {logging_mixin.py:190} INFO - [2025-02-12T20:12:09.662+0000] {dag.py:3239} INFO - Sync 1 DAGs
[2025-02-12T20:12:09.692+0000] {logging_mixin.py:190} INFO - [2025-02-12T20:12:09.691+0000] {dag.py:4180} INFO - Setting next_dagrun for etl_calories_dag to 2025-02-12 00:00:00+00:00, run_after=2025-02-13 00:00:00+00:00
[2025-02-12T20:12:09.759+0000] {processor.py:208} INFO - Processing /opt/airflow/dags/etl_calories_dag.py took 0.670 seconds
[2025-02-12T20:12:40.174+0000] {processor.py:186} INFO - Started process (PID=193) to work on /opt/airflow/dags/etl_calories_dag.py
[2025-02-12T20:12:40.175+0000] {processor.py:914} INFO - Processing file /opt/airflow/dags/etl_calories_dag.py for tasks to queue
[2025-02-12T20:12:40.178+0000] {logging_mixin.py:190} INFO - [2025-02-12T20:12:40.177+0000] {dagbag.py:588} INFO - Filling up the DagBag from /opt/airflow/dags/etl_calories_dag.py
[2025-02-12T20:12:40.666+0000] {processor.py:925} INFO - DAG(s) 'etl_calories_dag' retrieved from /opt/airflow/dags/etl_calories_dag.py
[2025-02-12T20:12:40.691+0000] {logging_mixin.py:190} INFO - [2025-02-12T20:12:40.691+0000] {dag.py:3239} INFO - Sync 1 DAGs
[2025-02-12T20:12:40.716+0000] {logging_mixin.py:190} INFO - [2025-02-12T20:12:40.715+0000] {dag.py:4180} INFO - Setting next_dagrun for etl_calories_dag to 2025-02-12 00:00:00+00:00, run_after=2025-02-13 00:00:00+00:00
[2025-02-12T20:12:40.781+0000] {processor.py:208} INFO - Processing /opt/airflow/dags/etl_calories_dag.py took 0.612 seconds
[2025-02-12T20:13:10.959+0000] {processor.py:186} INFO - Started process (PID=212) to work on /opt/airflow/dags/etl_calories_dag.py
[2025-02-12T20:13:10.960+0000] {processor.py:914} INFO - Processing file /opt/airflow/dags/etl_calories_dag.py for tasks to queue
[2025-02-12T20:13:10.962+0000] {logging_mixin.py:190} INFO - [2025-02-12T20:13:10.962+0000] {dagbag.py:588} INFO - Filling up the DagBag from /opt/airflow/dags/etl_calories_dag.py
[2025-02-12T20:13:11.510+0000] {processor.py:925} INFO - DAG(s) 'etl_calories_dag' retrieved from /opt/airflow/dags/etl_calories_dag.py
[2025-02-12T20:13:11.538+0000] {logging_mixin.py:190} INFO - [2025-02-12T20:13:11.538+0000] {dag.py:3239} INFO - Sync 1 DAGs
[2025-02-12T20:13:11.567+0000] {logging_mixin.py:190} INFO - [2025-02-12T20:13:11.567+0000] {dag.py:4180} INFO - Setting next_dagrun for etl_calories_dag to 2025-02-12 00:00:00+00:00, run_after=2025-02-13 00:00:00+00:00
[2025-02-12T20:13:11.633+0000] {processor.py:208} INFO - Processing /opt/airflow/dags/etl_calories_dag.py took 0.680 seconds
[2025-02-12T20:13:42.720+0000] {processor.py:186} INFO - Started process (PID=215) to work on /opt/airflow/dags/etl_calories_dag.py
[2025-02-12T20:13:42.721+0000] {processor.py:914} INFO - Processing file /opt/airflow/dags/etl_calories_dag.py for tasks to queue
[2025-02-12T20:13:42.724+0000] {logging_mixin.py:190} INFO - [2025-02-12T20:13:42.723+0000] {dagbag.py:588} INFO - Filling up the DagBag from /opt/airflow/dags/etl_calories_dag.py
[2025-02-12T20:13:43.218+0000] {processor.py:925} INFO - DAG(s) 'etl_calories_dag' retrieved from /opt/airflow/dags/etl_calories_dag.py
[2025-02-12T20:13:43.245+0000] {logging_mixin.py:190} INFO - [2025-02-12T20:13:43.244+0000] {dag.py:3239} INFO - Sync 1 DAGs
[2025-02-12T20:13:43.270+0000] {logging_mixin.py:190} INFO - [2025-02-12T20:13:43.270+0000] {dag.py:4180} INFO - Setting next_dagrun for etl_calories_dag to 2025-02-12 00:00:00+00:00, run_after=2025-02-13 00:00:00+00:00
[2025-02-12T20:13:43.337+0000] {processor.py:208} INFO - Processing /opt/airflow/dags/etl_calories_dag.py took 0.630 seconds
[2025-02-12T20:14:14.085+0000] {processor.py:186} INFO - Started process (PID=218) to work on /opt/airflow/dags/etl_calories_dag.py
[2025-02-12T20:14:14.087+0000] {processor.py:914} INFO - Processing file /opt/airflow/dags/etl_calories_dag.py for tasks to queue
[2025-02-12T20:14:14.090+0000] {logging_mixin.py:190} INFO - [2025-02-12T20:14:14.090+0000] {dagbag.py:588} INFO - Filling up the DagBag from /opt/airflow/dags/etl_calories_dag.py
[2025-02-12T20:14:14.617+0000] {processor.py:925} INFO - DAG(s) 'etl_calories_dag' retrieved from /opt/airflow/dags/etl_calories_dag.py
[2025-02-12T20:14:14.649+0000] {logging_mixin.py:190} INFO - [2025-02-12T20:14:14.648+0000] {dag.py:3239} INFO - Sync 1 DAGs
[2025-02-12T20:14:14.679+0000] {logging_mixin.py:190} INFO - [2025-02-12T20:14:14.678+0000] {dag.py:4180} INFO - Setting next_dagrun for etl_calories_dag to 2025-02-12 00:00:00+00:00, run_after=2025-02-13 00:00:00+00:00
[2025-02-12T20:14:14.740+0000] {processor.py:208} INFO - Processing /opt/airflow/dags/etl_calories_dag.py took 0.662 seconds
[2025-02-12T20:14:44.959+0000] {processor.py:186} INFO - Started process (PID=221) to work on /opt/airflow/dags/etl_calories_dag.py
[2025-02-12T20:14:44.960+0000] {processor.py:914} INFO - Processing file /opt/airflow/dags/etl_calories_dag.py for tasks to queue
[2025-02-12T20:14:44.962+0000] {logging_mixin.py:190} INFO - [2025-02-12T20:14:44.962+0000] {dagbag.py:588} INFO - Filling up the DagBag from /opt/airflow/dags/etl_calories_dag.py
[2025-02-12T20:14:45.483+0000] {processor.py:925} INFO - DAG(s) 'etl_calories_dag' retrieved from /opt/airflow/dags/etl_calories_dag.py
[2025-02-12T20:14:45.528+0000] {logging_mixin.py:190} INFO - [2025-02-12T20:14:45.527+0000] {dag.py:3239} INFO - Sync 1 DAGs
[2025-02-12T20:14:45.571+0000] {logging_mixin.py:190} INFO - [2025-02-12T20:14:45.571+0000] {dag.py:4180} INFO - Setting next_dagrun for etl_calories_dag to 2025-02-12 00:00:00+00:00, run_after=2025-02-13 00:00:00+00:00
[2025-02-12T20:14:45.639+0000] {processor.py:208} INFO - Processing /opt/airflow/dags/etl_calories_dag.py took 0.686 seconds
[2025-02-12T20:15:15.891+0000] {processor.py:186} INFO - Started process (PID=224) to work on /opt/airflow/dags/etl_calories_dag.py
[2025-02-12T20:15:15.892+0000] {processor.py:914} INFO - Processing file /opt/airflow/dags/etl_calories_dag.py for tasks to queue
[2025-02-12T20:15:15.894+0000] {logging_mixin.py:190} INFO - [2025-02-12T20:15:15.894+0000] {dagbag.py:588} INFO - Filling up the DagBag from /opt/airflow/dags/etl_calories_dag.py
[2025-02-12T20:15:16.370+0000] {processor.py:925} INFO - DAG(s) 'etl_calories_dag' retrieved from /opt/airflow/dags/etl_calories_dag.py
[2025-02-12T20:15:16.397+0000] {logging_mixin.py:190} INFO - [2025-02-12T20:15:16.397+0000] {dag.py:3239} INFO - Sync 1 DAGs
[2025-02-12T20:15:16.425+0000] {logging_mixin.py:190} INFO - [2025-02-12T20:15:16.424+0000] {dag.py:4180} INFO - Setting next_dagrun for etl_calories_dag to 2025-02-12 00:00:00+00:00, run_after=2025-02-13 00:00:00+00:00
[2025-02-12T20:15:16.479+0000] {processor.py:208} INFO - Processing /opt/airflow/dags/etl_calories_dag.py took 0.594 seconds
[2025-02-12T20:15:47.337+0000] {processor.py:186} INFO - Started process (PID=227) to work on /opt/airflow/dags/etl_calories_dag.py
[2025-02-12T20:15:47.339+0000] {processor.py:914} INFO - Processing file /opt/airflow/dags/etl_calories_dag.py for tasks to queue
[2025-02-12T20:15:47.341+0000] {logging_mixin.py:190} INFO - [2025-02-12T20:15:47.341+0000] {dagbag.py:588} INFO - Filling up the DagBag from /opt/airflow/dags/etl_calories_dag.py
[2025-02-12T20:15:48.222+0000] {processor.py:925} INFO - DAG(s) 'etl_calories_dag' retrieved from /opt/airflow/dags/etl_calories_dag.py
[2025-02-12T20:15:48.255+0000] {logging_mixin.py:190} INFO - [2025-02-12T20:15:48.255+0000] {dag.py:3239} INFO - Sync 1 DAGs
[2025-02-12T20:15:48.285+0000] {logging_mixin.py:190} INFO - [2025-02-12T20:15:48.285+0000] {dag.py:4180} INFO - Setting next_dagrun for etl_calories_dag to 2025-02-12 00:00:00+00:00, run_after=2025-02-13 00:00:00+00:00
[2025-02-12T20:15:48.363+0000] {processor.py:208} INFO - Processing /opt/airflow/dags/etl_calories_dag.py took 1.032 seconds
[2025-02-12T20:16:19.220+0000] {processor.py:186} INFO - Started process (PID=246) to work on /opt/airflow/dags/etl_calories_dag.py
[2025-02-12T20:16:19.221+0000] {processor.py:914} INFO - Processing file /opt/airflow/dags/etl_calories_dag.py for tasks to queue
[2025-02-12T20:16:19.223+0000] {logging_mixin.py:190} INFO - [2025-02-12T20:16:19.223+0000] {dagbag.py:588} INFO - Filling up the DagBag from /opt/airflow/dags/etl_calories_dag.py
[2025-02-12T20:16:19.727+0000] {processor.py:925} INFO - DAG(s) 'etl_calories_dag' retrieved from /opt/airflow/dags/etl_calories_dag.py
[2025-02-12T20:16:19.757+0000] {logging_mixin.py:190} INFO - [2025-02-12T20:16:19.756+0000] {dag.py:3239} INFO - Sync 1 DAGs
[2025-02-12T20:16:19.783+0000] {logging_mixin.py:190} INFO - [2025-02-12T20:16:19.783+0000] {dag.py:4180} INFO - Setting next_dagrun for etl_calories_dag to 2025-02-12 00:00:00+00:00, run_after=2025-02-13 00:00:00+00:00
[2025-02-12T20:16:19.842+0000] {processor.py:208} INFO - Processing /opt/airflow/dags/etl_calories_dag.py took 0.628 seconds
[2025-02-12T20:16:50.380+0000] {processor.py:186} INFO - Started process (PID=249) to work on /opt/airflow/dags/etl_calories_dag.py
[2025-02-12T20:16:50.381+0000] {processor.py:914} INFO - Processing file /opt/airflow/dags/etl_calories_dag.py for tasks to queue
[2025-02-12T20:16:50.384+0000] {logging_mixin.py:190} INFO - [2025-02-12T20:16:50.384+0000] {dagbag.py:588} INFO - Filling up the DagBag from /opt/airflow/dags/etl_calories_dag.py
[2025-02-12T20:16:50.874+0000] {processor.py:925} INFO - DAG(s) 'etl_calories_dag' retrieved from /opt/airflow/dags/etl_calories_dag.py
[2025-02-12T20:16:50.901+0000] {logging_mixin.py:190} INFO - [2025-02-12T20:16:50.900+0000] {dag.py:3239} INFO - Sync 1 DAGs
[2025-02-12T20:16:50.926+0000] {logging_mixin.py:190} INFO - [2025-02-12T20:16:50.926+0000] {dag.py:4180} INFO - Setting next_dagrun for etl_calories_dag to 2025-02-12 00:00:00+00:00, run_after=2025-02-13 00:00:00+00:00
[2025-02-12T20:16:50.986+0000] {processor.py:208} INFO - Processing /opt/airflow/dags/etl_calories_dag.py took 0.612 seconds
