[2025-02-12T18:58:02.989+0000] {processor.py:186} INFO - Started process (PID=93) to work on /opt/airflow/dags/welcom_dag.py
[2025-02-12T18:58:02.990+0000] {processor.py:914} INFO - Processing file /opt/airflow/dags/welcom_dag.py for tasks to queue
[2025-02-12T18:58:02.994+0000] {logging_mixin.py:190} INFO - [2025-02-12T18:58:02.993+0000] {dagbag.py:588} INFO - Filling up the DagBag from /opt/airflow/dags/welcom_dag.py
[2025-02-12T18:58:03.053+0000] {processor.py:925} INFO - DAG(s) 'welcome_dag' retrieved from /opt/airflow/dags/welcom_dag.py
[2025-02-12T18:58:04.353+0000] {logging_mixin.py:190} INFO - [2025-02-12T18:58:04.352+0000] {override.py:1912} INFO - Created Permission View: can delete on DAG:welcome_dag
[2025-02-12T18:58:04.409+0000] {logging_mixin.py:190} INFO - [2025-02-12T18:58:04.408+0000] {override.py:1912} INFO - Created Permission View: can edit on DAG:welcome_dag
[2025-02-12T18:58:04.461+0000] {logging_mixin.py:190} INFO - [2025-02-12T18:58:04.460+0000] {override.py:1912} INFO - Created Permission View: can read on DAG:welcome_dag
[2025-02-12T18:58:04.549+0000] {logging_mixin.py:190} INFO - [2025-02-12T18:58:04.549+0000] {override.py:1912} INFO - Created Permission View: can create on DAG Run:welcome_dag
[2025-02-12T18:58:04.617+0000] {logging_mixin.py:190} INFO - [2025-02-12T18:58:04.616+0000] {override.py:1912} INFO - Created Permission View: can delete on DAG Run:welcome_dag
[2025-02-12T18:58:04.704+0000] {logging_mixin.py:190} INFO - [2025-02-12T18:58:04.703+0000] {override.py:1912} INFO - Created Permission View: can read on DAG Run:welcome_dag
[2025-02-12T18:58:04.751+0000] {logging_mixin.py:190} INFO - [2025-02-12T18:58:04.750+0000] {override.py:1912} INFO - Created Permission View: menu access on DAG Run:welcome_dag
[2025-02-12T18:58:04.752+0000] {logging_mixin.py:190} INFO - [2025-02-12T18:58:04.751+0000] {dag.py:3239} INFO - Sync 1 DAGs
[2025-02-12T18:58:04.781+0000] {logging_mixin.py:190} INFO - [2025-02-12T18:58:04.781+0000] {dag.py:3262} INFO - Creating ORM DAG for welcome_dag
[2025-02-12T18:58:04.803+0000] {logging_mixin.py:190} INFO - [2025-02-12T18:58:04.802+0000] {dag.py:4180} INFO - Setting next_dagrun for welcome_dag to 2025-02-11 23:00:00+00:00, run_after=2025-02-12 23:00:00+00:00
[2025-02-12T18:58:04.880+0000] {processor.py:208} INFO - Processing /opt/airflow/dags/welcom_dag.py took 0.875 seconds
[2025-02-12T18:58:36.369+0000] {processor.py:186} INFO - Started process (PID=94) to work on /opt/airflow/dags/welcom_dag.py
[2025-02-12T18:58:36.370+0000] {processor.py:914} INFO - Processing file /opt/airflow/dags/welcom_dag.py for tasks to queue
[2025-02-12T18:58:36.373+0000] {logging_mixin.py:190} INFO - [2025-02-12T18:58:36.372+0000] {dagbag.py:588} INFO - Filling up the DagBag from /opt/airflow/dags/welcom_dag.py
[2025-02-12T18:58:36.408+0000] {processor.py:925} INFO - DAG(s) 'welcome_dag' retrieved from /opt/airflow/dags/welcom_dag.py
[2025-02-12T18:58:36.455+0000] {logging_mixin.py:190} INFO - [2025-02-12T18:58:36.455+0000] {dag.py:3239} INFO - Sync 1 DAGs
[2025-02-12T18:58:36.496+0000] {logging_mixin.py:190} INFO - [2025-02-12T18:58:36.496+0000] {dag.py:4180} INFO - Setting next_dagrun for welcome_dag to 2025-02-11 23:00:00+00:00, run_after=2025-02-12 23:00:00+00:00
[2025-02-12T18:58:36.577+0000] {processor.py:208} INFO - Processing /opt/airflow/dags/welcom_dag.py took 0.214 seconds
[2025-02-12T18:59:07.829+0000] {processor.py:186} INFO - Started process (PID=95) to work on /opt/airflow/dags/welcom_dag.py
[2025-02-12T18:59:07.831+0000] {processor.py:914} INFO - Processing file /opt/airflow/dags/welcom_dag.py for tasks to queue
[2025-02-12T18:59:07.835+0000] {logging_mixin.py:190} INFO - [2025-02-12T18:59:07.834+0000] {dagbag.py:588} INFO - Filling up the DagBag from /opt/airflow/dags/welcom_dag.py
[2025-02-12T18:59:07.875+0000] {processor.py:925} INFO - DAG(s) 'welcome_dag' retrieved from /opt/airflow/dags/welcom_dag.py
[2025-02-12T18:59:07.923+0000] {logging_mixin.py:190} INFO - [2025-02-12T18:59:07.923+0000] {dag.py:3239} INFO - Sync 1 DAGs
[2025-02-12T18:59:07.962+0000] {logging_mixin.py:190} INFO - [2025-02-12T18:59:07.961+0000] {dag.py:4180} INFO - Setting next_dagrun for welcome_dag to 2025-02-11 23:00:00+00:00, run_after=2025-02-12 23:00:00+00:00
[2025-02-12T18:59:08.038+0000] {processor.py:208} INFO - Processing /opt/airflow/dags/welcom_dag.py took 0.218 seconds
[2025-02-12T18:59:38.929+0000] {processor.py:186} INFO - Started process (PID=141) to work on /opt/airflow/dags/welcom_dag.py
[2025-02-12T18:59:38.931+0000] {processor.py:914} INFO - Processing file /opt/airflow/dags/welcom_dag.py for tasks to queue
[2025-02-12T18:59:38.933+0000] {logging_mixin.py:190} INFO - [2025-02-12T18:59:38.933+0000] {dagbag.py:588} INFO - Filling up the DagBag from /opt/airflow/dags/welcom_dag.py
[2025-02-12T18:59:38.969+0000] {processor.py:925} INFO - DAG(s) 'welcome_dag' retrieved from /opt/airflow/dags/welcom_dag.py
[2025-02-12T18:59:39.005+0000] {logging_mixin.py:190} INFO - [2025-02-12T18:59:39.005+0000] {dag.py:3239} INFO - Sync 1 DAGs
[2025-02-12T18:59:39.039+0000] {logging_mixin.py:190} INFO - [2025-02-12T18:59:39.039+0000] {dag.py:4180} INFO - Setting next_dagrun for welcome_dag to 2025-02-11 23:00:00+00:00, run_after=2025-02-12 23:00:00+00:00
[2025-02-12T18:59:39.118+0000] {processor.py:208} INFO - Processing /opt/airflow/dags/welcom_dag.py took 0.195 seconds
[2025-02-12T19:00:10.918+0000] {processor.py:186} INFO - Started process (PID=142) to work on /opt/airflow/dags/welcom_dag.py
[2025-02-12T19:00:10.919+0000] {processor.py:914} INFO - Processing file /opt/airflow/dags/welcom_dag.py for tasks to queue
[2025-02-12T19:00:10.923+0000] {logging_mixin.py:190} INFO - [2025-02-12T19:00:10.922+0000] {dagbag.py:588} INFO - Filling up the DagBag from /opt/airflow/dags/welcom_dag.py
[2025-02-12T19:00:10.965+0000] {processor.py:925} INFO - DAG(s) 'welcome_dag' retrieved from /opt/airflow/dags/welcom_dag.py
[2025-02-12T19:00:11.014+0000] {logging_mixin.py:190} INFO - [2025-02-12T19:00:11.014+0000] {dag.py:3239} INFO - Sync 1 DAGs
[2025-02-12T19:00:11.057+0000] {logging_mixin.py:190} INFO - [2025-02-12T19:00:11.057+0000] {dag.py:4180} INFO - Setting next_dagrun for welcome_dag to 2025-02-11 23:00:00+00:00, run_after=2025-02-12 23:00:00+00:00
[2025-02-12T19:00:11.158+0000] {processor.py:208} INFO - Processing /opt/airflow/dags/welcom_dag.py took 0.246 seconds
[2025-02-12T19:00:42.182+0000] {processor.py:186} INFO - Started process (PID=143) to work on /opt/airflow/dags/welcom_dag.py
[2025-02-12T19:00:42.183+0000] {processor.py:914} INFO - Processing file /opt/airflow/dags/welcom_dag.py for tasks to queue
[2025-02-12T19:00:42.185+0000] {logging_mixin.py:190} INFO - [2025-02-12T19:00:42.185+0000] {dagbag.py:588} INFO - Filling up the DagBag from /opt/airflow/dags/welcom_dag.py
[2025-02-12T19:00:42.215+0000] {processor.py:925} INFO - DAG(s) 'welcome_dag' retrieved from /opt/airflow/dags/welcom_dag.py
[2025-02-12T19:00:42.254+0000] {logging_mixin.py:190} INFO - [2025-02-12T19:00:42.254+0000] {dag.py:3239} INFO - Sync 1 DAGs
[2025-02-12T19:00:42.288+0000] {logging_mixin.py:190} INFO - [2025-02-12T19:00:42.288+0000] {dag.py:4180} INFO - Setting next_dagrun for welcome_dag to 2025-02-11 23:00:00+00:00, run_after=2025-02-12 23:00:00+00:00
[2025-02-12T19:00:42.365+0000] {processor.py:208} INFO - Processing /opt/airflow/dags/welcom_dag.py took 0.189 seconds
[2025-02-12T19:01:14.593+0000] {processor.py:186} INFO - Started process (PID=144) to work on /opt/airflow/dags/welcom_dag.py
[2025-02-12T19:01:14.594+0000] {processor.py:914} INFO - Processing file /opt/airflow/dags/welcom_dag.py for tasks to queue
[2025-02-12T19:01:14.597+0000] {logging_mixin.py:190} INFO - [2025-02-12T19:01:14.596+0000] {dagbag.py:588} INFO - Filling up the DagBag from /opt/airflow/dags/welcom_dag.py
[2025-02-12T19:01:14.624+0000] {processor.py:925} INFO - DAG(s) 'welcome_dag' retrieved from /opt/airflow/dags/welcom_dag.py
[2025-02-12T19:01:14.662+0000] {logging_mixin.py:190} INFO - [2025-02-12T19:01:14.661+0000] {dag.py:3239} INFO - Sync 1 DAGs
[2025-02-12T19:01:14.694+0000] {logging_mixin.py:190} INFO - [2025-02-12T19:01:14.694+0000] {dag.py:4180} INFO - Setting next_dagrun for welcome_dag to 2025-02-11 23:00:00+00:00, run_after=2025-02-12 23:00:00+00:00
[2025-02-12T19:01:14.753+0000] {processor.py:208} INFO - Processing /opt/airflow/dags/welcom_dag.py took 0.165 seconds
[2025-02-12T19:01:45.807+0000] {processor.py:186} INFO - Started process (PID=145) to work on /opt/airflow/dags/welcom_dag.py
[2025-02-12T19:01:45.808+0000] {processor.py:914} INFO - Processing file /opt/airflow/dags/welcom_dag.py for tasks to queue
[2025-02-12T19:01:45.811+0000] {logging_mixin.py:190} INFO - [2025-02-12T19:01:45.810+0000] {dagbag.py:588} INFO - Filling up the DagBag from /opt/airflow/dags/welcom_dag.py
[2025-02-12T19:01:45.841+0000] {processor.py:925} INFO - DAG(s) 'welcome_dag' retrieved from /opt/airflow/dags/welcom_dag.py
[2025-02-12T19:01:45.877+0000] {logging_mixin.py:190} INFO - [2025-02-12T19:01:45.876+0000] {dag.py:3239} INFO - Sync 1 DAGs
[2025-02-12T19:01:45.909+0000] {logging_mixin.py:190} INFO - [2025-02-12T19:01:45.909+0000] {dag.py:4180} INFO - Setting next_dagrun for welcome_dag to 2025-02-11 23:00:00+00:00, run_after=2025-02-12 23:00:00+00:00
[2025-02-12T19:01:45.975+0000] {processor.py:208} INFO - Processing /opt/airflow/dags/welcom_dag.py took 0.173 seconds
[2025-02-12T19:02:17.064+0000] {processor.py:186} INFO - Started process (PID=146) to work on /opt/airflow/dags/welcom_dag.py
[2025-02-12T19:02:17.065+0000] {processor.py:914} INFO - Processing file /opt/airflow/dags/welcom_dag.py for tasks to queue
[2025-02-12T19:02:17.068+0000] {logging_mixin.py:190} INFO - [2025-02-12T19:02:17.068+0000] {dagbag.py:588} INFO - Filling up the DagBag from /opt/airflow/dags/welcom_dag.py
[2025-02-12T19:02:17.098+0000] {processor.py:925} INFO - DAG(s) 'welcome_dag' retrieved from /opt/airflow/dags/welcom_dag.py
[2025-02-12T19:02:17.133+0000] {logging_mixin.py:190} INFO - [2025-02-12T19:02:17.133+0000] {dag.py:3239} INFO - Sync 1 DAGs
[2025-02-12T19:02:17.169+0000] {logging_mixin.py:190} INFO - [2025-02-12T19:02:17.169+0000] {dag.py:4180} INFO - Setting next_dagrun for welcome_dag to 2025-02-11 23:00:00+00:00, run_after=2025-02-12 23:00:00+00:00
[2025-02-12T19:02:17.248+0000] {processor.py:208} INFO - Processing /opt/airflow/dags/welcom_dag.py took 0.190 seconds
[2025-02-12T19:02:49.332+0000] {processor.py:186} INFO - Started process (PID=147) to work on /opt/airflow/dags/welcom_dag.py
[2025-02-12T19:02:49.333+0000] {processor.py:914} INFO - Processing file /opt/airflow/dags/welcom_dag.py for tasks to queue
[2025-02-12T19:02:49.335+0000] {logging_mixin.py:190} INFO - [2025-02-12T19:02:49.334+0000] {dagbag.py:588} INFO - Filling up the DagBag from /opt/airflow/dags/welcom_dag.py
[2025-02-12T19:02:49.361+0000] {processor.py:925} INFO - DAG(s) 'welcome_dag' retrieved from /opt/airflow/dags/welcom_dag.py
[2025-02-12T19:02:49.394+0000] {logging_mixin.py:190} INFO - [2025-02-12T19:02:49.394+0000] {dag.py:3239} INFO - Sync 1 DAGs
[2025-02-12T19:02:49.427+0000] {logging_mixin.py:190} INFO - [2025-02-12T19:02:49.427+0000] {dag.py:4180} INFO - Setting next_dagrun for welcome_dag to 2025-02-11 23:00:00+00:00, run_after=2025-02-12 23:00:00+00:00
[2025-02-12T19:02:49.484+0000] {processor.py:208} INFO - Processing /opt/airflow/dags/welcom_dag.py took 0.158 seconds
[2025-02-12T19:03:20.608+0000] {processor.py:186} INFO - Started process (PID=148) to work on /opt/airflow/dags/welcom_dag.py
[2025-02-12T19:03:20.609+0000] {processor.py:914} INFO - Processing file /opt/airflow/dags/welcom_dag.py for tasks to queue
[2025-02-12T19:03:20.612+0000] {logging_mixin.py:190} INFO - [2025-02-12T19:03:20.612+0000] {dagbag.py:588} INFO - Filling up the DagBag from /opt/airflow/dags/welcom_dag.py
[2025-02-12T19:03:20.649+0000] {processor.py:925} INFO - DAG(s) 'welcome_dag' retrieved from /opt/airflow/dags/welcom_dag.py
[2025-02-12T19:03:20.690+0000] {logging_mixin.py:190} INFO - [2025-02-12T19:03:20.689+0000] {dag.py:3239} INFO - Sync 1 DAGs
[2025-02-12T19:03:20.729+0000] {logging_mixin.py:190} INFO - [2025-02-12T19:03:20.729+0000] {dag.py:4180} INFO - Setting next_dagrun for welcome_dag to 2025-02-11 23:00:00+00:00, run_after=2025-02-12 23:00:00+00:00
[2025-02-12T19:03:20.797+0000] {processor.py:208} INFO - Processing /opt/airflow/dags/welcom_dag.py took 0.196 seconds
[2025-02-12T19:03:52.211+0000] {processor.py:186} INFO - Started process (PID=149) to work on /opt/airflow/dags/welcom_dag.py
[2025-02-12T19:03:52.212+0000] {processor.py:914} INFO - Processing file /opt/airflow/dags/welcom_dag.py for tasks to queue
[2025-02-12T19:03:52.215+0000] {logging_mixin.py:190} INFO - [2025-02-12T19:03:52.215+0000] {dagbag.py:588} INFO - Filling up the DagBag from /opt/airflow/dags/welcom_dag.py
[2025-02-12T19:03:52.241+0000] {processor.py:925} INFO - DAG(s) 'welcome_dag' retrieved from /opt/airflow/dags/welcom_dag.py
[2025-02-12T19:03:52.274+0000] {logging_mixin.py:190} INFO - [2025-02-12T19:03:52.273+0000] {dag.py:3239} INFO - Sync 1 DAGs
[2025-02-12T19:03:52.304+0000] {logging_mixin.py:190} INFO - [2025-02-12T19:03:52.303+0000] {dag.py:4180} INFO - Setting next_dagrun for welcome_dag to 2025-02-11 23:00:00+00:00, run_after=2025-02-12 23:00:00+00:00
[2025-02-12T19:03:52.386+0000] {processor.py:208} INFO - Processing /opt/airflow/dags/welcom_dag.py took 0.181 seconds
[2025-02-12T19:04:23.884+0000] {processor.py:186} INFO - Started process (PID=150) to work on /opt/airflow/dags/welcom_dag.py
[2025-02-12T19:04:23.885+0000] {processor.py:914} INFO - Processing file /opt/airflow/dags/welcom_dag.py for tasks to queue
[2025-02-12T19:04:23.888+0000] {logging_mixin.py:190} INFO - [2025-02-12T19:04:23.887+0000] {dagbag.py:588} INFO - Filling up the DagBag from /opt/airflow/dags/welcom_dag.py
[2025-02-12T19:04:23.923+0000] {processor.py:925} INFO - DAG(s) 'welcome_dag' retrieved from /opt/airflow/dags/welcom_dag.py
[2025-02-12T19:04:23.982+0000] {logging_mixin.py:190} INFO - [2025-02-12T19:04:23.981+0000] {dag.py:3239} INFO - Sync 1 DAGs
[2025-02-12T19:04:24.025+0000] {logging_mixin.py:190} INFO - [2025-02-12T19:04:24.024+0000] {dag.py:4180} INFO - Setting next_dagrun for welcome_dag to 2025-02-11 23:00:00+00:00, run_after=2025-02-12 23:00:00+00:00
[2025-02-12T19:04:24.096+0000] {processor.py:208} INFO - Processing /opt/airflow/dags/welcom_dag.py took 0.219 seconds
[2025-02-12T19:47:19.183+0000] {processor.py:186} INFO - Started process (PID=68) to work on /opt/airflow/dags/welcom_dag.py
[2025-02-12T19:47:19.184+0000] {processor.py:914} INFO - Processing file /opt/airflow/dags/welcom_dag.py for tasks to queue
[2025-02-12T19:47:19.187+0000] {logging_mixin.py:190} INFO - [2025-02-12T19:47:19.187+0000] {dagbag.py:588} INFO - Filling up the DagBag from /opt/airflow/dags/welcom_dag.py
[2025-02-12T19:47:19.235+0000] {processor.py:925} INFO - DAG(s) 'welcome_dag' retrieved from /opt/airflow/dags/welcom_dag.py
[2025-02-12T19:47:19.292+0000] {logging_mixin.py:190} INFO - [2025-02-12T19:47:19.292+0000] {dag.py:3239} INFO - Sync 1 DAGs
[2025-02-12T19:47:19.325+0000] {logging_mixin.py:190} INFO - [2025-02-12T19:47:19.325+0000] {dag.py:4180} INFO - Setting next_dagrun for welcome_dag to 2025-02-11 23:00:00+00:00, run_after=2025-02-12 23:00:00+00:00
[2025-02-12T19:47:19.389+0000] {processor.py:208} INFO - Processing /opt/airflow/dags/welcom_dag.py took 0.212 seconds
[2025-02-12T19:47:49.700+0000] {processor.py:186} INFO - Started process (PID=93) to work on /opt/airflow/dags/welcom_dag.py
[2025-02-12T19:47:49.701+0000] {processor.py:914} INFO - Processing file /opt/airflow/dags/welcom_dag.py for tasks to queue
[2025-02-12T19:47:49.703+0000] {logging_mixin.py:190} INFO - [2025-02-12T19:47:49.703+0000] {dagbag.py:588} INFO - Filling up the DagBag from /opt/airflow/dags/welcom_dag.py
[2025-02-12T19:47:49.734+0000] {processor.py:925} INFO - DAG(s) 'welcome_dag' retrieved from /opt/airflow/dags/welcom_dag.py
[2025-02-12T19:47:49.773+0000] {logging_mixin.py:190} INFO - [2025-02-12T19:47:49.772+0000] {dag.py:3239} INFO - Sync 1 DAGs
[2025-02-12T19:47:49.808+0000] {logging_mixin.py:190} INFO - [2025-02-12T19:47:49.807+0000] {dag.py:4180} INFO - Setting next_dagrun for welcome_dag to 2025-02-11 23:00:00+00:00, run_after=2025-02-12 23:00:00+00:00
[2025-02-12T19:47:49.874+0000] {processor.py:208} INFO - Processing /opt/airflow/dags/welcom_dag.py took 0.183 seconds
[2025-02-12T19:48:20.073+0000] {processor.py:186} INFO - Started process (PID=94) to work on /opt/airflow/dags/welcom_dag.py
[2025-02-12T19:48:20.074+0000] {processor.py:914} INFO - Processing file /opt/airflow/dags/welcom_dag.py for tasks to queue
[2025-02-12T19:48:20.077+0000] {logging_mixin.py:190} INFO - [2025-02-12T19:48:20.077+0000] {dagbag.py:588} INFO - Filling up the DagBag from /opt/airflow/dags/welcom_dag.py
[2025-02-12T19:48:20.105+0000] {processor.py:925} INFO - DAG(s) 'welcome_dag' retrieved from /opt/airflow/dags/welcom_dag.py
[2025-02-12T19:48:20.142+0000] {logging_mixin.py:190} INFO - [2025-02-12T19:48:20.141+0000] {dag.py:3239} INFO - Sync 1 DAGs
[2025-02-12T19:48:20.180+0000] {logging_mixin.py:190} INFO - [2025-02-12T19:48:20.180+0000] {dag.py:4180} INFO - Setting next_dagrun for welcome_dag to 2025-02-11 23:00:00+00:00, run_after=2025-02-12 23:00:00+00:00
[2025-02-12T19:48:20.268+0000] {processor.py:208} INFO - Processing /opt/airflow/dags/welcom_dag.py took 0.202 seconds
[2025-02-12T19:48:50.955+0000] {processor.py:186} INFO - Started process (PID=95) to work on /opt/airflow/dags/welcom_dag.py
[2025-02-12T19:48:50.956+0000] {processor.py:914} INFO - Processing file /opt/airflow/dags/welcom_dag.py for tasks to queue
[2025-02-12T19:48:50.960+0000] {logging_mixin.py:190} INFO - [2025-02-12T19:48:50.959+0000] {dagbag.py:588} INFO - Filling up the DagBag from /opt/airflow/dags/welcom_dag.py
[2025-02-12T19:48:50.995+0000] {processor.py:925} INFO - DAG(s) 'welcome_dag' retrieved from /opt/airflow/dags/welcom_dag.py
[2025-02-12T19:48:51.037+0000] {logging_mixin.py:190} INFO - [2025-02-12T19:48:51.037+0000] {dag.py:3239} INFO - Sync 1 DAGs
[2025-02-12T19:48:51.073+0000] {logging_mixin.py:190} INFO - [2025-02-12T19:48:51.072+0000] {dag.py:4180} INFO - Setting next_dagrun for welcome_dag to 2025-02-11 23:00:00+00:00, run_after=2025-02-12 23:00:00+00:00
[2025-02-12T19:48:51.147+0000] {processor.py:208} INFO - Processing /opt/airflow/dags/welcom_dag.py took 0.198 seconds
[2025-02-12T19:49:22.368+0000] {processor.py:186} INFO - Started process (PID=96) to work on /opt/airflow/dags/welcom_dag.py
[2025-02-12T19:49:22.369+0000] {processor.py:914} INFO - Processing file /opt/airflow/dags/welcom_dag.py for tasks to queue
[2025-02-12T19:49:22.372+0000] {logging_mixin.py:190} INFO - [2025-02-12T19:49:22.372+0000] {dagbag.py:588} INFO - Filling up the DagBag from /opt/airflow/dags/welcom_dag.py
[2025-02-12T19:49:22.400+0000] {processor.py:925} INFO - DAG(s) 'welcome_dag' retrieved from /opt/airflow/dags/welcom_dag.py
[2025-02-12T19:49:22.437+0000] {logging_mixin.py:190} INFO - [2025-02-12T19:49:22.436+0000] {dag.py:3239} INFO - Sync 1 DAGs
[2025-02-12T19:49:22.469+0000] {logging_mixin.py:190} INFO - [2025-02-12T19:49:22.469+0000] {dag.py:4180} INFO - Setting next_dagrun for welcome_dag to 2025-02-11 23:00:00+00:00, run_after=2025-02-12 23:00:00+00:00
[2025-02-12T19:49:22.535+0000] {processor.py:208} INFO - Processing /opt/airflow/dags/welcom_dag.py took 0.172 seconds
[2025-02-12T19:49:52.740+0000] {processor.py:186} INFO - Started process (PID=97) to work on /opt/airflow/dags/welcom_dag.py
[2025-02-12T19:49:52.741+0000] {processor.py:914} INFO - Processing file /opt/airflow/dags/welcom_dag.py for tasks to queue
[2025-02-12T19:49:52.743+0000] {logging_mixin.py:190} INFO - [2025-02-12T19:49:52.743+0000] {dagbag.py:588} INFO - Filling up the DagBag from /opt/airflow/dags/welcom_dag.py
[2025-02-12T19:49:52.770+0000] {processor.py:925} INFO - DAG(s) 'welcome_dag' retrieved from /opt/airflow/dags/welcom_dag.py
[2025-02-12T19:49:52.803+0000] {logging_mixin.py:190} INFO - [2025-02-12T19:49:52.803+0000] {dag.py:3239} INFO - Sync 1 DAGs
[2025-02-12T19:49:52.836+0000] {logging_mixin.py:190} INFO - [2025-02-12T19:49:52.836+0000] {dag.py:4180} INFO - Setting next_dagrun for welcome_dag to 2025-02-11 23:00:00+00:00, run_after=2025-02-12 23:00:00+00:00
[2025-02-12T19:49:52.908+0000] {processor.py:208} INFO - Processing /opt/airflow/dags/welcom_dag.py took 0.173 seconds
[2025-02-12T19:50:23.725+0000] {processor.py:186} INFO - Started process (PID=98) to work on /opt/airflow/dags/welcom_dag.py
[2025-02-12T19:50:23.726+0000] {processor.py:914} INFO - Processing file /opt/airflow/dags/welcom_dag.py for tasks to queue
[2025-02-12T19:50:23.728+0000] {logging_mixin.py:190} INFO - [2025-02-12T19:50:23.728+0000] {dagbag.py:588} INFO - Filling up the DagBag from /opt/airflow/dags/welcom_dag.py
[2025-02-12T19:50:23.759+0000] {processor.py:925} INFO - DAG(s) 'welcome_dag' retrieved from /opt/airflow/dags/welcom_dag.py
[2025-02-12T19:50:23.793+0000] {logging_mixin.py:190} INFO - [2025-02-12T19:50:23.793+0000] {dag.py:3239} INFO - Sync 1 DAGs
[2025-02-12T19:50:23.826+0000] {logging_mixin.py:190} INFO - [2025-02-12T19:50:23.825+0000] {dag.py:4180} INFO - Setting next_dagrun for welcome_dag to 2025-02-11 23:00:00+00:00, run_after=2025-02-12 23:00:00+00:00
[2025-02-12T19:50:23.897+0000] {processor.py:208} INFO - Processing /opt/airflow/dags/welcom_dag.py took 0.177 seconds
[2025-02-12T19:50:54.715+0000] {processor.py:186} INFO - Started process (PID=99) to work on /opt/airflow/dags/welcom_dag.py
[2025-02-12T19:50:54.716+0000] {processor.py:914} INFO - Processing file /opt/airflow/dags/welcom_dag.py for tasks to queue
[2025-02-12T19:50:54.719+0000] {logging_mixin.py:190} INFO - [2025-02-12T19:50:54.718+0000] {dagbag.py:588} INFO - Filling up the DagBag from /opt/airflow/dags/welcom_dag.py
[2025-02-12T19:50:54.747+0000] {processor.py:925} INFO - DAG(s) 'welcome_dag' retrieved from /opt/airflow/dags/welcom_dag.py
[2025-02-12T19:50:54.783+0000] {logging_mixin.py:190} INFO - [2025-02-12T19:50:54.783+0000] {dag.py:3239} INFO - Sync 1 DAGs
[2025-02-12T19:50:54.816+0000] {logging_mixin.py:190} INFO - [2025-02-12T19:50:54.815+0000] {dag.py:4180} INFO - Setting next_dagrun for welcome_dag to 2025-02-11 23:00:00+00:00, run_after=2025-02-12 23:00:00+00:00
[2025-02-12T19:50:54.881+0000] {processor.py:208} INFO - Processing /opt/airflow/dags/welcom_dag.py took 0.171 seconds
[2025-02-12T19:51:25.246+0000] {processor.py:186} INFO - Started process (PID=100) to work on /opt/airflow/dags/welcom_dag.py
[2025-02-12T19:51:25.247+0000] {processor.py:914} INFO - Processing file /opt/airflow/dags/welcom_dag.py for tasks to queue
[2025-02-12T19:51:25.250+0000] {logging_mixin.py:190} INFO - [2025-02-12T19:51:25.250+0000] {dagbag.py:588} INFO - Filling up the DagBag from /opt/airflow/dags/welcom_dag.py
[2025-02-12T19:51:25.280+0000] {processor.py:925} INFO - DAG(s) 'welcome_dag' retrieved from /opt/airflow/dags/welcom_dag.py
[2025-02-12T19:51:25.313+0000] {logging_mixin.py:190} INFO - [2025-02-12T19:51:25.312+0000] {dag.py:3239} INFO - Sync 1 DAGs
[2025-02-12T19:51:25.343+0000] {logging_mixin.py:190} INFO - [2025-02-12T19:51:25.343+0000] {dag.py:4180} INFO - Setting next_dagrun for welcome_dag to 2025-02-11 23:00:00+00:00, run_after=2025-02-12 23:00:00+00:00
[2025-02-12T19:51:25.430+0000] {processor.py:208} INFO - Processing /opt/airflow/dags/welcom_dag.py took 0.190 seconds
[2025-02-12T19:51:56.522+0000] {processor.py:186} INFO - Started process (PID=101) to work on /opt/airflow/dags/welcom_dag.py
[2025-02-12T19:51:56.524+0000] {processor.py:914} INFO - Processing file /opt/airflow/dags/welcom_dag.py for tasks to queue
[2025-02-12T19:51:56.526+0000] {logging_mixin.py:190} INFO - [2025-02-12T19:51:56.525+0000] {dagbag.py:588} INFO - Filling up the DagBag from /opt/airflow/dags/welcom_dag.py
[2025-02-12T19:51:56.557+0000] {processor.py:925} INFO - DAG(s) 'welcome_dag' retrieved from /opt/airflow/dags/welcom_dag.py
[2025-02-12T19:51:56.595+0000] {logging_mixin.py:190} INFO - [2025-02-12T19:51:56.595+0000] {dag.py:3239} INFO - Sync 1 DAGs
[2025-02-12T19:51:56.631+0000] {logging_mixin.py:190} INFO - [2025-02-12T19:51:56.631+0000] {dag.py:4180} INFO - Setting next_dagrun for welcome_dag to 2025-02-11 23:00:00+00:00, run_after=2025-02-12 23:00:00+00:00
[2025-02-12T19:51:56.702+0000] {processor.py:208} INFO - Processing /opt/airflow/dags/welcom_dag.py took 0.185 seconds
[2025-02-12T19:52:27.561+0000] {processor.py:186} INFO - Started process (PID=102) to work on /opt/airflow/dags/welcom_dag.py
[2025-02-12T19:52:27.562+0000] {processor.py:914} INFO - Processing file /opt/airflow/dags/welcom_dag.py for tasks to queue
[2025-02-12T19:52:27.564+0000] {logging_mixin.py:190} INFO - [2025-02-12T19:52:27.564+0000] {dagbag.py:588} INFO - Filling up the DagBag from /opt/airflow/dags/welcom_dag.py
[2025-02-12T19:52:27.593+0000] {processor.py:925} INFO - DAG(s) 'welcome_dag' retrieved from /opt/airflow/dags/welcom_dag.py
[2025-02-12T19:52:27.625+0000] {logging_mixin.py:190} INFO - [2025-02-12T19:52:27.625+0000] {dag.py:3239} INFO - Sync 1 DAGs
[2025-02-12T19:52:27.657+0000] {logging_mixin.py:190} INFO - [2025-02-12T19:52:27.657+0000] {dag.py:4180} INFO - Setting next_dagrun for welcome_dag to 2025-02-11 23:00:00+00:00, run_after=2025-02-12 23:00:00+00:00
[2025-02-12T19:52:27.734+0000] {processor.py:208} INFO - Processing /opt/airflow/dags/welcom_dag.py took 0.178 seconds
[2025-02-12T19:52:58.722+0000] {processor.py:186} INFO - Started process (PID=103) to work on /opt/airflow/dags/welcom_dag.py
[2025-02-12T19:52:58.723+0000] {processor.py:914} INFO - Processing file /opt/airflow/dags/welcom_dag.py for tasks to queue
[2025-02-12T19:52:58.725+0000] {logging_mixin.py:190} INFO - [2025-02-12T19:52:58.724+0000] {dagbag.py:588} INFO - Filling up the DagBag from /opt/airflow/dags/welcom_dag.py
[2025-02-12T19:52:58.756+0000] {processor.py:925} INFO - DAG(s) 'welcome_dag' retrieved from /opt/airflow/dags/welcom_dag.py
[2025-02-12T19:52:58.790+0000] {logging_mixin.py:190} INFO - [2025-02-12T19:52:58.790+0000] {dag.py:3239} INFO - Sync 1 DAGs
[2025-02-12T19:52:58.822+0000] {logging_mixin.py:190} INFO - [2025-02-12T19:52:58.822+0000] {dag.py:4180} INFO - Setting next_dagrun for welcome_dag to 2025-02-11 23:00:00+00:00, run_after=2025-02-12 23:00:00+00:00
[2025-02-12T19:52:58.889+0000] {processor.py:208} INFO - Processing /opt/airflow/dags/welcom_dag.py took 0.173 seconds
[2025-02-12T19:53:30.204+0000] {processor.py:186} INFO - Started process (PID=104) to work on /opt/airflow/dags/welcom_dag.py
[2025-02-12T19:53:30.205+0000] {processor.py:914} INFO - Processing file /opt/airflow/dags/welcom_dag.py for tasks to queue
[2025-02-12T19:53:30.207+0000] {logging_mixin.py:190} INFO - [2025-02-12T19:53:30.207+0000] {dagbag.py:588} INFO - Filling up the DagBag from /opt/airflow/dags/welcom_dag.py
[2025-02-12T19:53:30.239+0000] {processor.py:925} INFO - DAG(s) 'welcome_dag' retrieved from /opt/airflow/dags/welcom_dag.py
[2025-02-12T19:53:30.275+0000] {logging_mixin.py:190} INFO - [2025-02-12T19:53:30.275+0000] {dag.py:3239} INFO - Sync 1 DAGs
[2025-02-12T19:53:30.310+0000] {logging_mixin.py:190} INFO - [2025-02-12T19:53:30.310+0000] {dag.py:4180} INFO - Setting next_dagrun for welcome_dag to 2025-02-11 23:00:00+00:00, run_after=2025-02-12 23:00:00+00:00
[2025-02-12T19:53:30.384+0000] {processor.py:208} INFO - Processing /opt/airflow/dags/welcom_dag.py took 0.186 seconds
[2025-02-12T19:54:01.662+0000] {processor.py:186} INFO - Started process (PID=105) to work on /opt/airflow/dags/welcom_dag.py
[2025-02-12T19:54:01.663+0000] {processor.py:914} INFO - Processing file /opt/airflow/dags/welcom_dag.py for tasks to queue
[2025-02-12T19:54:01.666+0000] {logging_mixin.py:190} INFO - [2025-02-12T19:54:01.666+0000] {dagbag.py:588} INFO - Filling up the DagBag from /opt/airflow/dags/welcom_dag.py
[2025-02-12T19:54:01.697+0000] {processor.py:925} INFO - DAG(s) 'welcome_dag' retrieved from /opt/airflow/dags/welcom_dag.py
[2025-02-12T19:54:01.732+0000] {logging_mixin.py:190} INFO - [2025-02-12T19:54:01.732+0000] {dag.py:3239} INFO - Sync 1 DAGs
[2025-02-12T19:54:01.767+0000] {logging_mixin.py:190} INFO - [2025-02-12T19:54:01.767+0000] {dag.py:4180} INFO - Setting next_dagrun for welcome_dag to 2025-02-11 23:00:00+00:00, run_after=2025-02-12 23:00:00+00:00
[2025-02-12T19:54:01.849+0000] {processor.py:208} INFO - Processing /opt/airflow/dags/welcom_dag.py took 0.192 seconds
[2025-02-12T19:54:34.304+0000] {processor.py:186} INFO - Started process (PID=106) to work on /opt/airflow/dags/welcom_dag.py
[2025-02-12T19:54:34.306+0000] {processor.py:914} INFO - Processing file /opt/airflow/dags/welcom_dag.py for tasks to queue
[2025-02-12T19:54:34.308+0000] {logging_mixin.py:190} INFO - [2025-02-12T19:54:34.307+0000] {dagbag.py:588} INFO - Filling up the DagBag from /opt/airflow/dags/welcom_dag.py
[2025-02-12T19:54:34.333+0000] {processor.py:925} INFO - DAG(s) 'welcome_dag' retrieved from /opt/airflow/dags/welcom_dag.py
[2025-02-12T19:54:34.365+0000] {logging_mixin.py:190} INFO - [2025-02-12T19:54:34.365+0000] {dag.py:3239} INFO - Sync 1 DAGs
[2025-02-12T19:54:34.397+0000] {logging_mixin.py:190} INFO - [2025-02-12T19:54:34.397+0000] {dag.py:4180} INFO - Setting next_dagrun for welcome_dag to 2025-02-11 23:00:00+00:00, run_after=2025-02-12 23:00:00+00:00
[2025-02-12T19:54:34.461+0000] {processor.py:208} INFO - Processing /opt/airflow/dags/welcom_dag.py took 0.162 seconds
[2025-02-12T19:55:05.170+0000] {processor.py:186} INFO - Started process (PID=107) to work on /opt/airflow/dags/welcom_dag.py
[2025-02-12T19:55:05.171+0000] {processor.py:914} INFO - Processing file /opt/airflow/dags/welcom_dag.py for tasks to queue
[2025-02-12T19:55:05.173+0000] {logging_mixin.py:190} INFO - [2025-02-12T19:55:05.173+0000] {dagbag.py:588} INFO - Filling up the DagBag from /opt/airflow/dags/welcom_dag.py
[2025-02-12T19:55:05.202+0000] {processor.py:925} INFO - DAG(s) 'welcome_dag' retrieved from /opt/airflow/dags/welcom_dag.py
[2025-02-12T19:55:05.235+0000] {logging_mixin.py:190} INFO - [2025-02-12T19:55:05.235+0000] {dag.py:3239} INFO - Sync 1 DAGs
[2025-02-12T19:55:05.265+0000] {logging_mixin.py:190} INFO - [2025-02-12T19:55:05.265+0000] {dag.py:4180} INFO - Setting next_dagrun for welcome_dag to 2025-02-11 23:00:00+00:00, run_after=2025-02-12 23:00:00+00:00
[2025-02-12T19:55:05.332+0000] {processor.py:208} INFO - Processing /opt/airflow/dags/welcom_dag.py took 0.167 seconds
[2025-02-12T19:55:37.176+0000] {processor.py:186} INFO - Started process (PID=108) to work on /opt/airflow/dags/welcom_dag.py
[2025-02-12T19:55:37.177+0000] {processor.py:914} INFO - Processing file /opt/airflow/dags/welcom_dag.py for tasks to queue
[2025-02-12T19:55:37.180+0000] {logging_mixin.py:190} INFO - [2025-02-12T19:55:37.179+0000] {dagbag.py:588} INFO - Filling up the DagBag from /opt/airflow/dags/welcom_dag.py
[2025-02-12T19:55:37.208+0000] {processor.py:925} INFO - DAG(s) 'welcome_dag' retrieved from /opt/airflow/dags/welcom_dag.py
[2025-02-12T19:55:37.242+0000] {logging_mixin.py:190} INFO - [2025-02-12T19:55:37.242+0000] {dag.py:3239} INFO - Sync 1 DAGs
[2025-02-12T19:55:37.273+0000] {logging_mixin.py:190} INFO - [2025-02-12T19:55:37.273+0000] {dag.py:4180} INFO - Setting next_dagrun for welcome_dag to 2025-02-11 23:00:00+00:00, run_after=2025-02-12 23:00:00+00:00
[2025-02-12T19:55:37.356+0000] {processor.py:208} INFO - Processing /opt/airflow/dags/welcom_dag.py took 0.185 seconds
[2025-02-12T19:56:09.200+0000] {processor.py:186} INFO - Started process (PID=109) to work on /opt/airflow/dags/welcom_dag.py
[2025-02-12T19:56:09.201+0000] {processor.py:914} INFO - Processing file /opt/airflow/dags/welcom_dag.py for tasks to queue
[2025-02-12T19:56:09.203+0000] {logging_mixin.py:190} INFO - [2025-02-12T19:56:09.203+0000] {dagbag.py:588} INFO - Filling up the DagBag from /opt/airflow/dags/welcom_dag.py
[2025-02-12T19:56:09.231+0000] {processor.py:925} INFO - DAG(s) 'welcome_dag' retrieved from /opt/airflow/dags/welcom_dag.py
[2025-02-12T19:56:09.264+0000] {logging_mixin.py:190} INFO - [2025-02-12T19:56:09.264+0000] {dag.py:3239} INFO - Sync 1 DAGs
[2025-02-12T19:56:09.294+0000] {logging_mixin.py:190} INFO - [2025-02-12T19:56:09.294+0000] {dag.py:4180} INFO - Setting next_dagrun for welcome_dag to 2025-02-11 23:00:00+00:00, run_after=2025-02-12 23:00:00+00:00
[2025-02-12T19:56:09.373+0000] {processor.py:208} INFO - Processing /opt/airflow/dags/welcom_dag.py took 0.178 seconds
[2025-02-12T19:56:41.159+0000] {processor.py:186} INFO - Started process (PID=110) to work on /opt/airflow/dags/welcom_dag.py
[2025-02-12T19:56:41.160+0000] {processor.py:914} INFO - Processing file /opt/airflow/dags/welcom_dag.py for tasks to queue
[2025-02-12T19:56:41.163+0000] {logging_mixin.py:190} INFO - [2025-02-12T19:56:41.162+0000] {dagbag.py:588} INFO - Filling up the DagBag from /opt/airflow/dags/welcom_dag.py
[2025-02-12T19:56:41.195+0000] {processor.py:925} INFO - DAG(s) 'welcome_dag' retrieved from /opt/airflow/dags/welcom_dag.py
[2025-02-12T19:56:41.228+0000] {logging_mixin.py:190} INFO - [2025-02-12T19:56:41.227+0000] {dag.py:3239} INFO - Sync 1 DAGs
[2025-02-12T19:56:41.260+0000] {logging_mixin.py:190} INFO - [2025-02-12T19:56:41.260+0000] {dag.py:4180} INFO - Setting next_dagrun for welcome_dag to 2025-02-11 23:00:00+00:00, run_after=2025-02-12 23:00:00+00:00
[2025-02-12T19:56:41.323+0000] {processor.py:208} INFO - Processing /opt/airflow/dags/welcom_dag.py took 0.169 seconds
[2025-02-12T19:57:13.294+0000] {processor.py:186} INFO - Started process (PID=111) to work on /opt/airflow/dags/welcom_dag.py
[2025-02-12T19:57:13.295+0000] {processor.py:914} INFO - Processing file /opt/airflow/dags/welcom_dag.py for tasks to queue
[2025-02-12T19:57:13.298+0000] {logging_mixin.py:190} INFO - [2025-02-12T19:57:13.297+0000] {dagbag.py:588} INFO - Filling up the DagBag from /opt/airflow/dags/welcom_dag.py
[2025-02-12T19:57:13.327+0000] {processor.py:925} INFO - DAG(s) 'welcome_dag' retrieved from /opt/airflow/dags/welcom_dag.py
[2025-02-12T19:57:13.369+0000] {logging_mixin.py:190} INFO - [2025-02-12T19:57:13.369+0000] {dag.py:3239} INFO - Sync 1 DAGs
[2025-02-12T19:57:13.408+0000] {logging_mixin.py:190} INFO - [2025-02-12T19:57:13.408+0000] {dag.py:4180} INFO - Setting next_dagrun for welcome_dag to 2025-02-11 23:00:00+00:00, run_after=2025-02-12 23:00:00+00:00
[2025-02-12T19:57:13.490+0000] {processor.py:208} INFO - Processing /opt/airflow/dags/welcom_dag.py took 0.203 seconds
[2025-02-12T19:57:44.191+0000] {processor.py:186} INFO - Started process (PID=112) to work on /opt/airflow/dags/welcom_dag.py
[2025-02-12T19:57:44.192+0000] {processor.py:914} INFO - Processing file /opt/airflow/dags/welcom_dag.py for tasks to queue
[2025-02-12T19:57:44.194+0000] {logging_mixin.py:190} INFO - [2025-02-12T19:57:44.194+0000] {dagbag.py:588} INFO - Filling up the DagBag from /opt/airflow/dags/welcom_dag.py
[2025-02-12T19:57:44.226+0000] {processor.py:925} INFO - DAG(s) 'welcome_dag' retrieved from /opt/airflow/dags/welcom_dag.py
[2025-02-12T19:57:44.260+0000] {logging_mixin.py:190} INFO - [2025-02-12T19:57:44.260+0000] {dag.py:3239} INFO - Sync 1 DAGs
[2025-02-12T19:57:44.291+0000] {logging_mixin.py:190} INFO - [2025-02-12T19:57:44.291+0000] {dag.py:4180} INFO - Setting next_dagrun for welcome_dag to 2025-02-11 23:00:00+00:00, run_after=2025-02-12 23:00:00+00:00
[2025-02-12T19:57:44.364+0000] {processor.py:208} INFO - Processing /opt/airflow/dags/welcom_dag.py took 0.179 seconds
[2025-02-12T19:58:16.548+0000] {processor.py:186} INFO - Started process (PID=113) to work on /opt/airflow/dags/welcom_dag.py
[2025-02-12T19:58:16.550+0000] {processor.py:914} INFO - Processing file /opt/airflow/dags/welcom_dag.py for tasks to queue
[2025-02-12T19:58:16.552+0000] {logging_mixin.py:190} INFO - [2025-02-12T19:58:16.551+0000] {dagbag.py:588} INFO - Filling up the DagBag from /opt/airflow/dags/welcom_dag.py
[2025-02-12T19:58:16.581+0000] {processor.py:925} INFO - DAG(s) 'welcome_dag' retrieved from /opt/airflow/dags/welcom_dag.py
[2025-02-12T19:58:16.615+0000] {logging_mixin.py:190} INFO - [2025-02-12T19:58:16.614+0000] {dag.py:3239} INFO - Sync 1 DAGs
[2025-02-12T19:58:16.644+0000] {logging_mixin.py:190} INFO - [2025-02-12T19:58:16.644+0000] {dag.py:4180} INFO - Setting next_dagrun for welcome_dag to 2025-02-11 23:00:00+00:00, run_after=2025-02-12 23:00:00+00:00
[2025-02-12T19:58:16.707+0000] {processor.py:208} INFO - Processing /opt/airflow/dags/welcom_dag.py took 0.164 seconds
[2025-02-12T19:58:47.608+0000] {processor.py:186} INFO - Started process (PID=114) to work on /opt/airflow/dags/welcom_dag.py
[2025-02-12T19:58:47.609+0000] {processor.py:914} INFO - Processing file /opt/airflow/dags/welcom_dag.py for tasks to queue
[2025-02-12T19:58:47.611+0000] {logging_mixin.py:190} INFO - [2025-02-12T19:58:47.611+0000] {dagbag.py:588} INFO - Filling up the DagBag from /opt/airflow/dags/welcom_dag.py
[2025-02-12T19:58:47.640+0000] {processor.py:925} INFO - DAG(s) 'welcome_dag' retrieved from /opt/airflow/dags/welcom_dag.py
[2025-02-12T19:58:47.674+0000] {logging_mixin.py:190} INFO - [2025-02-12T19:58:47.674+0000] {dag.py:3239} INFO - Sync 1 DAGs
[2025-02-12T19:58:47.704+0000] {logging_mixin.py:190} INFO - [2025-02-12T19:58:47.704+0000] {dag.py:4180} INFO - Setting next_dagrun for welcome_dag to 2025-02-11 23:00:00+00:00, run_after=2025-02-12 23:00:00+00:00
[2025-02-12T19:58:47.767+0000] {processor.py:208} INFO - Processing /opt/airflow/dags/welcom_dag.py took 0.165 seconds
[2025-02-12T19:59:19.839+0000] {processor.py:186} INFO - Started process (PID=115) to work on /opt/airflow/dags/welcom_dag.py
[2025-02-12T19:59:19.840+0000] {processor.py:914} INFO - Processing file /opt/airflow/dags/welcom_dag.py for tasks to queue
[2025-02-12T19:59:19.842+0000] {logging_mixin.py:190} INFO - [2025-02-12T19:59:19.841+0000] {dagbag.py:588} INFO - Filling up the DagBag from /opt/airflow/dags/welcom_dag.py
[2025-02-12T19:59:19.875+0000] {processor.py:925} INFO - DAG(s) 'welcome_dag' retrieved from /opt/airflow/dags/welcom_dag.py
[2025-02-12T19:59:19.909+0000] {logging_mixin.py:190} INFO - [2025-02-12T19:59:19.909+0000] {dag.py:3239} INFO - Sync 1 DAGs
[2025-02-12T19:59:19.943+0000] {logging_mixin.py:190} INFO - [2025-02-12T19:59:19.943+0000] {dag.py:4180} INFO - Setting next_dagrun for welcome_dag to 2025-02-11 23:00:00+00:00, run_after=2025-02-12 23:00:00+00:00
[2025-02-12T19:59:20.033+0000] {processor.py:208} INFO - Processing /opt/airflow/dags/welcom_dag.py took 0.200 seconds
[2025-02-12T19:59:51.271+0000] {processor.py:186} INFO - Started process (PID=116) to work on /opt/airflow/dags/welcom_dag.py
[2025-02-12T19:59:51.273+0000] {processor.py:914} INFO - Processing file /opt/airflow/dags/welcom_dag.py for tasks to queue
[2025-02-12T19:59:51.276+0000] {logging_mixin.py:190} INFO - [2025-02-12T19:59:51.276+0000] {dagbag.py:588} INFO - Filling up the DagBag from /opt/airflow/dags/welcom_dag.py
[2025-02-12T19:59:51.306+0000] {processor.py:925} INFO - DAG(s) 'welcome_dag' retrieved from /opt/airflow/dags/welcom_dag.py
[2025-02-12T19:59:51.340+0000] {logging_mixin.py:190} INFO - [2025-02-12T19:59:51.340+0000] {dag.py:3239} INFO - Sync 1 DAGs
[2025-02-12T19:59:51.373+0000] {logging_mixin.py:190} INFO - [2025-02-12T19:59:51.373+0000] {dag.py:4180} INFO - Setting next_dagrun for welcome_dag to 2025-02-11 23:00:00+00:00, run_after=2025-02-12 23:00:00+00:00
[2025-02-12T19:59:51.456+0000] {processor.py:208} INFO - Processing /opt/airflow/dags/welcom_dag.py took 0.191 seconds
[2025-02-12T20:00:23.759+0000] {processor.py:186} INFO - Started process (PID=117) to work on /opt/airflow/dags/welcom_dag.py
[2025-02-12T20:00:23.760+0000] {processor.py:914} INFO - Processing file /opt/airflow/dags/welcom_dag.py for tasks to queue
[2025-02-12T20:00:23.763+0000] {logging_mixin.py:190} INFO - [2025-02-12T20:00:23.762+0000] {dagbag.py:588} INFO - Filling up the DagBag from /opt/airflow/dags/welcom_dag.py
[2025-02-12T20:00:23.792+0000] {processor.py:925} INFO - DAG(s) 'welcome_dag' retrieved from /opt/airflow/dags/welcom_dag.py
[2025-02-12T20:00:23.825+0000] {logging_mixin.py:190} INFO - [2025-02-12T20:00:23.825+0000] {dag.py:3239} INFO - Sync 1 DAGs
[2025-02-12T20:00:23.855+0000] {logging_mixin.py:190} INFO - [2025-02-12T20:00:23.855+0000] {dag.py:4180} INFO - Setting next_dagrun for welcome_dag to 2025-02-11 23:00:00+00:00, run_after=2025-02-12 23:00:00+00:00
[2025-02-12T20:00:23.923+0000] {processor.py:208} INFO - Processing /opt/airflow/dags/welcom_dag.py took 0.170 seconds
[2025-02-12T20:00:54.898+0000] {processor.py:186} INFO - Started process (PID=118) to work on /opt/airflow/dags/welcom_dag.py
[2025-02-12T20:00:54.900+0000] {processor.py:914} INFO - Processing file /opt/airflow/dags/welcom_dag.py for tasks to queue
[2025-02-12T20:00:54.903+0000] {logging_mixin.py:190} INFO - [2025-02-12T20:00:54.903+0000] {dagbag.py:588} INFO - Filling up the DagBag from /opt/airflow/dags/welcom_dag.py
[2025-02-12T20:00:54.933+0000] {processor.py:925} INFO - DAG(s) 'welcome_dag' retrieved from /opt/airflow/dags/welcom_dag.py
[2025-02-12T20:00:54.966+0000] {logging_mixin.py:190} INFO - [2025-02-12T20:00:54.966+0000] {dag.py:3239} INFO - Sync 1 DAGs
[2025-02-12T20:00:54.997+0000] {logging_mixin.py:190} INFO - [2025-02-12T20:00:54.997+0000] {dag.py:4180} INFO - Setting next_dagrun for welcome_dag to 2025-02-11 23:00:00+00:00, run_after=2025-02-12 23:00:00+00:00
[2025-02-12T20:00:55.055+0000] {processor.py:208} INFO - Processing /opt/airflow/dags/welcom_dag.py took 0.163 seconds
[2025-02-12T20:01:27.128+0000] {processor.py:186} INFO - Started process (PID=119) to work on /opt/airflow/dags/welcom_dag.py
[2025-02-12T20:01:27.129+0000] {processor.py:914} INFO - Processing file /opt/airflow/dags/welcom_dag.py for tasks to queue
[2025-02-12T20:01:27.133+0000] {logging_mixin.py:190} INFO - [2025-02-12T20:01:27.132+0000] {dagbag.py:588} INFO - Filling up the DagBag from /opt/airflow/dags/welcom_dag.py
[2025-02-12T20:01:27.171+0000] {processor.py:925} INFO - DAG(s) 'welcome_dag' retrieved from /opt/airflow/dags/welcom_dag.py
[2025-02-12T20:01:27.219+0000] {logging_mixin.py:190} INFO - [2025-02-12T20:01:27.219+0000] {dag.py:3239} INFO - Sync 1 DAGs
[2025-02-12T20:01:27.260+0000] {logging_mixin.py:190} INFO - [2025-02-12T20:01:27.259+0000] {dag.py:4180} INFO - Setting next_dagrun for welcome_dag to 2025-02-11 23:00:00+00:00, run_after=2025-02-12 23:00:00+00:00
[2025-02-12T20:01:27.333+0000] {processor.py:208} INFO - Processing /opt/airflow/dags/welcom_dag.py took 0.214 seconds
[2025-02-12T20:01:59.220+0000] {processor.py:186} INFO - Started process (PID=120) to work on /opt/airflow/dags/welcom_dag.py
[2025-02-12T20:01:59.221+0000] {processor.py:914} INFO - Processing file /opt/airflow/dags/welcom_dag.py for tasks to queue
[2025-02-12T20:01:59.224+0000] {logging_mixin.py:190} INFO - [2025-02-12T20:01:59.223+0000] {dagbag.py:588} INFO - Filling up the DagBag from /opt/airflow/dags/welcom_dag.py
[2025-02-12T20:01:59.256+0000] {processor.py:925} INFO - DAG(s) 'welcome_dag' retrieved from /opt/airflow/dags/welcom_dag.py
[2025-02-12T20:01:59.294+0000] {logging_mixin.py:190} INFO - [2025-02-12T20:01:59.293+0000] {dag.py:3239} INFO - Sync 1 DAGs
[2025-02-12T20:01:59.331+0000] {logging_mixin.py:190} INFO - [2025-02-12T20:01:59.330+0000] {dag.py:4180} INFO - Setting next_dagrun for welcome_dag to 2025-02-11 23:00:00+00:00, run_after=2025-02-12 23:00:00+00:00
[2025-02-12T20:01:59.396+0000] {processor.py:208} INFO - Processing /opt/airflow/dags/welcom_dag.py took 0.181 seconds
[2025-02-12T20:02:30.222+0000] {processor.py:186} INFO - Started process (PID=121) to work on /opt/airflow/dags/welcom_dag.py
[2025-02-12T20:02:30.223+0000] {processor.py:914} INFO - Processing file /opt/airflow/dags/welcom_dag.py for tasks to queue
[2025-02-12T20:02:30.225+0000] {logging_mixin.py:190} INFO - [2025-02-12T20:02:30.225+0000] {dagbag.py:588} INFO - Filling up the DagBag from /opt/airflow/dags/welcom_dag.py
[2025-02-12T20:02:30.255+0000] {processor.py:925} INFO - DAG(s) 'welcome_dag' retrieved from /opt/airflow/dags/welcom_dag.py
[2025-02-12T20:02:30.292+0000] {logging_mixin.py:190} INFO - [2025-02-12T20:02:30.291+0000] {dag.py:3239} INFO - Sync 1 DAGs
[2025-02-12T20:02:30.324+0000] {logging_mixin.py:190} INFO - [2025-02-12T20:02:30.324+0000] {dag.py:4180} INFO - Setting next_dagrun for welcome_dag to 2025-02-11 23:00:00+00:00, run_after=2025-02-12 23:00:00+00:00
[2025-02-12T20:02:30.391+0000] {processor.py:208} INFO - Processing /opt/airflow/dags/welcom_dag.py took 0.175 seconds
[2025-02-12T20:03:00.717+0000] {processor.py:186} INFO - Started process (PID=122) to work on /opt/airflow/dags/welcom_dag.py
[2025-02-12T20:03:00.718+0000] {processor.py:914} INFO - Processing file /opt/airflow/dags/welcom_dag.py for tasks to queue
[2025-02-12T20:03:00.720+0000] {logging_mixin.py:190} INFO - [2025-02-12T20:03:00.720+0000] {dagbag.py:588} INFO - Filling up the DagBag from /opt/airflow/dags/welcom_dag.py
[2025-02-12T20:03:00.753+0000] {processor.py:925} INFO - DAG(s) 'welcome_dag' retrieved from /opt/airflow/dags/welcom_dag.py
[2025-02-12T20:03:01.769+0000] {logging_mixin.py:190} INFO - [2025-02-12T20:03:01.769+0000] {dag.py:3239} INFO - Sync 1 DAGs
[2025-02-12T20:03:01.803+0000] {logging_mixin.py:190} INFO - [2025-02-12T20:03:01.802+0000] {dag.py:4180} INFO - Setting next_dagrun for welcome_dag to 2025-02-11 23:00:00+00:00, run_after=2025-02-12 23:00:00+00:00
[2025-02-12T20:03:01.878+0000] {processor.py:208} INFO - Processing /opt/airflow/dags/welcom_dag.py took 0.186 seconds
[2025-02-12T20:03:34.216+0000] {processor.py:186} INFO - Started process (PID=123) to work on /opt/airflow/dags/welcom_dag.py
[2025-02-12T20:03:34.217+0000] {processor.py:914} INFO - Processing file /opt/airflow/dags/welcom_dag.py for tasks to queue
[2025-02-12T20:03:34.220+0000] {logging_mixin.py:190} INFO - [2025-02-12T20:03:34.219+0000] {dagbag.py:588} INFO - Filling up the DagBag from /opt/airflow/dags/welcom_dag.py
[2025-02-12T20:03:34.251+0000] {processor.py:925} INFO - DAG(s) 'welcome_dag' retrieved from /opt/airflow/dags/welcom_dag.py
[2025-02-12T20:03:34.287+0000] {logging_mixin.py:190} INFO - [2025-02-12T20:03:34.286+0000] {dag.py:3239} INFO - Sync 1 DAGs
[2025-02-12T20:03:34.322+0000] {logging_mixin.py:190} INFO - [2025-02-12T20:03:34.322+0000] {dag.py:4180} INFO - Setting next_dagrun for welcome_dag to 2025-02-11 23:00:00+00:00, run_after=2025-02-12 23:00:00+00:00
[2025-02-12T20:03:34.386+0000] {processor.py:208} INFO - Processing /opt/airflow/dags/welcom_dag.py took 0.176 seconds
[2025-02-12T20:04:05.575+0000] {processor.py:186} INFO - Started process (PID=124) to work on /opt/airflow/dags/welcom_dag.py
[2025-02-12T20:04:05.576+0000] {processor.py:914} INFO - Processing file /opt/airflow/dags/welcom_dag.py for tasks to queue
[2025-02-12T20:04:05.579+0000] {logging_mixin.py:190} INFO - [2025-02-12T20:04:05.578+0000] {dagbag.py:588} INFO - Filling up the DagBag from /opt/airflow/dags/welcom_dag.py
[2025-02-12T20:04:05.606+0000] {processor.py:925} INFO - DAG(s) 'welcome_dag' retrieved from /opt/airflow/dags/welcom_dag.py
[2025-02-12T20:04:05.637+0000] {logging_mixin.py:190} INFO - [2025-02-12T20:04:05.637+0000] {dag.py:3239} INFO - Sync 1 DAGs
[2025-02-12T20:04:05.668+0000] {logging_mixin.py:190} INFO - [2025-02-12T20:04:05.668+0000] {dag.py:4180} INFO - Setting next_dagrun for welcome_dag to 2025-02-11 23:00:00+00:00, run_after=2025-02-12 23:00:00+00:00
[2025-02-12T20:04:05.736+0000] {processor.py:208} INFO - Processing /opt/airflow/dags/welcom_dag.py took 0.167 seconds
[2025-02-12T20:04:37.877+0000] {processor.py:186} INFO - Started process (PID=125) to work on /opt/airflow/dags/welcom_dag.py
[2025-02-12T20:04:37.878+0000] {processor.py:914} INFO - Processing file /opt/airflow/dags/welcom_dag.py for tasks to queue
[2025-02-12T20:04:37.882+0000] {logging_mixin.py:190} INFO - [2025-02-12T20:04:37.881+0000] {dagbag.py:588} INFO - Filling up the DagBag from /opt/airflow/dags/welcom_dag.py
[2025-02-12T20:04:37.924+0000] {processor.py:925} INFO - DAG(s) 'welcome_dag' retrieved from /opt/airflow/dags/welcom_dag.py
[2025-02-12T20:04:37.959+0000] {logging_mixin.py:190} INFO - [2025-02-12T20:04:37.958+0000] {dag.py:3239} INFO - Sync 1 DAGs
[2025-02-12T20:04:37.995+0000] {logging_mixin.py:190} INFO - [2025-02-12T20:04:37.994+0000] {dag.py:4180} INFO - Setting next_dagrun for welcome_dag to 2025-02-11 23:00:00+00:00, run_after=2025-02-12 23:00:00+00:00
[2025-02-12T20:04:38.058+0000] {processor.py:208} INFO - Processing /opt/airflow/dags/welcom_dag.py took 0.191 seconds
[2025-02-12T20:05:09.393+0000] {processor.py:186} INFO - Started process (PID=126) to work on /opt/airflow/dags/welcom_dag.py
[2025-02-12T20:05:09.395+0000] {processor.py:914} INFO - Processing file /opt/airflow/dags/welcom_dag.py for tasks to queue
[2025-02-12T20:05:09.397+0000] {logging_mixin.py:190} INFO - [2025-02-12T20:05:09.397+0000] {dagbag.py:588} INFO - Filling up the DagBag from /opt/airflow/dags/welcom_dag.py
[2025-02-12T20:05:09.428+0000] {processor.py:925} INFO - DAG(s) 'welcome_dag' retrieved from /opt/airflow/dags/welcom_dag.py
[2025-02-12T20:05:09.462+0000] {logging_mixin.py:190} INFO - [2025-02-12T20:05:09.462+0000] {dag.py:3239} INFO - Sync 1 DAGs
[2025-02-12T20:05:09.494+0000] {logging_mixin.py:190} INFO - [2025-02-12T20:05:09.494+0000] {dag.py:4180} INFO - Setting next_dagrun for welcome_dag to 2025-02-11 23:00:00+00:00, run_after=2025-02-12 23:00:00+00:00
[2025-02-12T20:05:09.561+0000] {processor.py:208} INFO - Processing /opt/airflow/dags/welcom_dag.py took 0.173 seconds
[2025-02-12T20:05:40.757+0000] {processor.py:186} INFO - Started process (PID=127) to work on /opt/airflow/dags/welcom_dag.py
[2025-02-12T20:05:40.758+0000] {processor.py:914} INFO - Processing file /opt/airflow/dags/welcom_dag.py for tasks to queue
[2025-02-12T20:05:40.761+0000] {logging_mixin.py:190} INFO - [2025-02-12T20:05:40.761+0000] {dagbag.py:588} INFO - Filling up the DagBag from /opt/airflow/dags/welcom_dag.py
[2025-02-12T20:05:40.792+0000] {processor.py:925} INFO - DAG(s) 'welcome_dag' retrieved from /opt/airflow/dags/welcom_dag.py
[2025-02-12T20:05:40.827+0000] {logging_mixin.py:190} INFO - [2025-02-12T20:05:40.827+0000] {dag.py:3239} INFO - Sync 1 DAGs
[2025-02-12T20:05:40.858+0000] {logging_mixin.py:190} INFO - [2025-02-12T20:05:40.858+0000] {dag.py:4180} INFO - Setting next_dagrun for welcome_dag to 2025-02-11 23:00:00+00:00, run_after=2025-02-12 23:00:00+00:00
[2025-02-12T20:05:40.924+0000] {processor.py:208} INFO - Processing /opt/airflow/dags/welcom_dag.py took 0.173 seconds
[2025-02-12T20:06:13.385+0000] {processor.py:186} INFO - Started process (PID=128) to work on /opt/airflow/dags/welcom_dag.py
[2025-02-12T20:06:13.386+0000] {processor.py:914} INFO - Processing file /opt/airflow/dags/welcom_dag.py for tasks to queue
[2025-02-12T20:06:13.388+0000] {logging_mixin.py:190} INFO - [2025-02-12T20:06:13.388+0000] {dagbag.py:588} INFO - Filling up the DagBag from /opt/airflow/dags/welcom_dag.py
[2025-02-12T20:06:13.418+0000] {processor.py:925} INFO - DAG(s) 'welcome_dag' retrieved from /opt/airflow/dags/welcom_dag.py
[2025-02-12T20:06:13.452+0000] {logging_mixin.py:190} INFO - [2025-02-12T20:06:13.451+0000] {dag.py:3239} INFO - Sync 1 DAGs
[2025-02-12T20:06:13.483+0000] {logging_mixin.py:190} INFO - [2025-02-12T20:06:13.482+0000] {dag.py:4180} INFO - Setting next_dagrun for welcome_dag to 2025-02-11 23:00:00+00:00, run_after=2025-02-12 23:00:00+00:00
[2025-02-12T20:06:13.553+0000] {processor.py:208} INFO - Processing /opt/airflow/dags/welcom_dag.py took 0.173 seconds
[2025-02-12T20:06:44.787+0000] {processor.py:186} INFO - Started process (PID=129) to work on /opt/airflow/dags/welcom_dag.py
[2025-02-12T20:06:44.789+0000] {processor.py:914} INFO - Processing file /opt/airflow/dags/welcom_dag.py for tasks to queue
[2025-02-12T20:06:44.794+0000] {logging_mixin.py:190} INFO - [2025-02-12T20:06:44.792+0000] {dagbag.py:588} INFO - Filling up the DagBag from /opt/airflow/dags/welcom_dag.py
[2025-02-12T20:06:44.829+0000] {processor.py:925} INFO - DAG(s) 'welcome_dag' retrieved from /opt/airflow/dags/welcom_dag.py
[2025-02-12T20:06:44.870+0000] {logging_mixin.py:190} INFO - [2025-02-12T20:06:44.869+0000] {dag.py:3239} INFO - Sync 1 DAGs
[2025-02-12T20:06:44.906+0000] {logging_mixin.py:190} INFO - [2025-02-12T20:06:44.906+0000] {dag.py:4180} INFO - Setting next_dagrun for welcome_dag to 2025-02-11 23:00:00+00:00, run_after=2025-02-12 23:00:00+00:00
[2025-02-12T20:06:44.979+0000] {processor.py:208} INFO - Processing /opt/airflow/dags/welcom_dag.py took 0.199 seconds
[2025-02-12T20:07:16.081+0000] {processor.py:186} INFO - Started process (PID=130) to work on /opt/airflow/dags/welcom_dag.py
[2025-02-12T20:07:16.082+0000] {processor.py:914} INFO - Processing file /opt/airflow/dags/welcom_dag.py for tasks to queue
[2025-02-12T20:07:16.084+0000] {logging_mixin.py:190} INFO - [2025-02-12T20:07:16.084+0000] {dagbag.py:588} INFO - Filling up the DagBag from /opt/airflow/dags/welcom_dag.py
[2025-02-12T20:07:16.112+0000] {processor.py:925} INFO - DAG(s) 'welcome_dag' retrieved from /opt/airflow/dags/welcom_dag.py
[2025-02-12T20:07:16.150+0000] {logging_mixin.py:190} INFO - [2025-02-12T20:07:16.150+0000] {dag.py:3239} INFO - Sync 1 DAGs
[2025-02-12T20:07:16.183+0000] {logging_mixin.py:190} INFO - [2025-02-12T20:07:16.183+0000] {dag.py:4180} INFO - Setting next_dagrun for welcome_dag to 2025-02-11 23:00:00+00:00, run_after=2025-02-12 23:00:00+00:00
[2025-02-12T20:07:16.283+0000] {processor.py:208} INFO - Processing /opt/airflow/dags/welcom_dag.py took 0.208 seconds
[2025-02-12T20:07:48.049+0000] {processor.py:186} INFO - Started process (PID=133) to work on /opt/airflow/dags/welcom_dag.py
[2025-02-12T20:07:48.051+0000] {processor.py:914} INFO - Processing file /opt/airflow/dags/welcom_dag.py for tasks to queue
[2025-02-12T20:07:48.053+0000] {logging_mixin.py:190} INFO - [2025-02-12T20:07:48.053+0000] {dagbag.py:588} INFO - Filling up the DagBag from /opt/airflow/dags/welcom_dag.py
[2025-02-12T20:07:48.083+0000] {processor.py:925} INFO - DAG(s) 'welcome_dag' retrieved from /opt/airflow/dags/welcom_dag.py
[2025-02-12T20:07:48.120+0000] {logging_mixin.py:190} INFO - [2025-02-12T20:07:48.120+0000] {dag.py:3239} INFO - Sync 1 DAGs
[2025-02-12T20:07:48.151+0000] {logging_mixin.py:190} INFO - [2025-02-12T20:07:48.151+0000] {dag.py:4180} INFO - Setting next_dagrun for welcome_dag to 2025-02-11 23:00:00+00:00, run_after=2025-02-12 23:00:00+00:00
[2025-02-12T20:07:48.212+0000] {processor.py:208} INFO - Processing /opt/airflow/dags/welcom_dag.py took 0.170 seconds
[2025-02-12T20:08:18.404+0000] {processor.py:186} INFO - Started process (PID=152) to work on /opt/airflow/dags/welcom_dag.py
[2025-02-12T20:08:18.406+0000] {processor.py:914} INFO - Processing file /opt/airflow/dags/welcom_dag.py for tasks to queue
[2025-02-12T20:08:18.408+0000] {logging_mixin.py:190} INFO - [2025-02-12T20:08:18.408+0000] {dagbag.py:588} INFO - Filling up the DagBag from /opt/airflow/dags/welcom_dag.py
[2025-02-12T20:08:19.436+0000] {processor.py:925} INFO - DAG(s) 'welcome_dag' retrieved from /opt/airflow/dags/welcom_dag.py
[2025-02-12T20:08:19.496+0000] {logging_mixin.py:190} INFO - [2025-02-12T20:08:19.496+0000] {dag.py:3239} INFO - Sync 1 DAGs
[2025-02-12T20:08:19.553+0000] {logging_mixin.py:190} INFO - [2025-02-12T20:08:19.552+0000] {dag.py:4180} INFO - Setting next_dagrun for welcome_dag to 2025-02-11 23:00:00+00:00, run_after=2025-02-12 23:00:00+00:00
[2025-02-12T20:08:19.629+0000] {processor.py:208} INFO - Processing /opt/airflow/dags/welcom_dag.py took 0.256 seconds
[2025-02-12T20:08:51.543+0000] {processor.py:186} INFO - Started process (PID=155) to work on /opt/airflow/dags/welcom_dag.py
[2025-02-12T20:08:51.544+0000] {processor.py:914} INFO - Processing file /opt/airflow/dags/welcom_dag.py for tasks to queue
[2025-02-12T20:08:51.547+0000] {logging_mixin.py:190} INFO - [2025-02-12T20:08:51.546+0000] {dagbag.py:588} INFO - Filling up the DagBag from /opt/airflow/dags/welcom_dag.py
[2025-02-12T20:08:51.577+0000] {processor.py:925} INFO - DAG(s) 'welcome_dag' retrieved from /opt/airflow/dags/welcom_dag.py
[2025-02-12T20:08:51.611+0000] {logging_mixin.py:190} INFO - [2025-02-12T20:08:51.611+0000] {dag.py:3239} INFO - Sync 1 DAGs
[2025-02-12T20:08:51.645+0000] {logging_mixin.py:190} INFO - [2025-02-12T20:08:51.645+0000] {dag.py:4180} INFO - Setting next_dagrun for welcome_dag to 2025-02-11 23:00:00+00:00, run_after=2025-02-12 23:00:00+00:00
[2025-02-12T20:08:51.720+0000] {processor.py:208} INFO - Processing /opt/airflow/dags/welcom_dag.py took 0.182 seconds
[2025-02-12T20:09:23.804+0000] {processor.py:186} INFO - Started process (PID=158) to work on /opt/airflow/dags/welcom_dag.py
[2025-02-12T20:09:23.805+0000] {processor.py:914} INFO - Processing file /opt/airflow/dags/welcom_dag.py for tasks to queue
[2025-02-12T20:09:23.808+0000] {logging_mixin.py:190} INFO - [2025-02-12T20:09:23.808+0000] {dagbag.py:588} INFO - Filling up the DagBag from /opt/airflow/dags/welcom_dag.py
[2025-02-12T20:09:23.843+0000] {processor.py:925} INFO - DAG(s) 'welcome_dag' retrieved from /opt/airflow/dags/welcom_dag.py
[2025-02-12T20:09:23.878+0000] {logging_mixin.py:190} INFO - [2025-02-12T20:09:23.877+0000] {dag.py:3239} INFO - Sync 1 DAGs
[2025-02-12T20:09:23.911+0000] {logging_mixin.py:190} INFO - [2025-02-12T20:09:23.910+0000] {dag.py:4180} INFO - Setting next_dagrun for welcome_dag to 2025-02-11 23:00:00+00:00, run_after=2025-02-12 23:00:00+00:00
[2025-02-12T20:09:23.979+0000] {processor.py:208} INFO - Processing /opt/airflow/dags/welcom_dag.py took 0.180 seconds
[2025-02-12T20:09:55.422+0000] {processor.py:186} INFO - Started process (PID=161) to work on /opt/airflow/dags/welcom_dag.py
[2025-02-12T20:09:55.424+0000] {processor.py:914} INFO - Processing file /opt/airflow/dags/welcom_dag.py for tasks to queue
[2025-02-12T20:09:55.427+0000] {logging_mixin.py:190} INFO - [2025-02-12T20:09:55.426+0000] {dagbag.py:588} INFO - Filling up the DagBag from /opt/airflow/dags/welcom_dag.py
[2025-02-12T20:09:55.466+0000] {processor.py:925} INFO - DAG(s) 'welcome_dag' retrieved from /opt/airflow/dags/welcom_dag.py
[2025-02-12T20:09:55.507+0000] {logging_mixin.py:190} INFO - [2025-02-12T20:09:55.507+0000] {dag.py:3239} INFO - Sync 1 DAGs
[2025-02-12T20:09:55.546+0000] {logging_mixin.py:190} INFO - [2025-02-12T20:09:55.546+0000] {dag.py:4180} INFO - Setting next_dagrun for welcome_dag to 2025-02-11 23:00:00+00:00, run_after=2025-02-12 23:00:00+00:00
[2025-02-12T20:09:55.632+0000] {processor.py:208} INFO - Processing /opt/airflow/dags/welcom_dag.py took 0.216 seconds
[2025-02-12T20:10:27.282+0000] {processor.py:186} INFO - Started process (PID=164) to work on /opt/airflow/dags/welcom_dag.py
[2025-02-12T20:10:27.283+0000] {processor.py:914} INFO - Processing file /opt/airflow/dags/welcom_dag.py for tasks to queue
[2025-02-12T20:10:27.285+0000] {logging_mixin.py:190} INFO - [2025-02-12T20:10:27.285+0000] {dagbag.py:588} INFO - Filling up the DagBag from /opt/airflow/dags/welcom_dag.py
[2025-02-12T20:10:27.316+0000] {processor.py:925} INFO - DAG(s) 'welcome_dag' retrieved from /opt/airflow/dags/welcom_dag.py
[2025-02-12T20:10:27.351+0000] {logging_mixin.py:190} INFO - [2025-02-12T20:10:27.350+0000] {dag.py:3239} INFO - Sync 1 DAGs
[2025-02-12T20:10:27.384+0000] {logging_mixin.py:190} INFO - [2025-02-12T20:10:27.383+0000] {dag.py:4180} INFO - Setting next_dagrun for welcome_dag to 2025-02-11 23:00:00+00:00, run_after=2025-02-12 23:00:00+00:00
[2025-02-12T20:10:27.446+0000] {processor.py:208} INFO - Processing /opt/airflow/dags/welcom_dag.py took 0.170 seconds
[2025-02-12T20:10:58.982+0000] {processor.py:186} INFO - Started process (PID=183) to work on /opt/airflow/dags/welcom_dag.py
[2025-02-12T20:10:58.983+0000] {processor.py:914} INFO - Processing file /opt/airflow/dags/welcom_dag.py for tasks to queue
[2025-02-12T20:10:58.985+0000] {logging_mixin.py:190} INFO - [2025-02-12T20:10:58.985+0000] {dagbag.py:588} INFO - Filling up the DagBag from /opt/airflow/dags/welcom_dag.py
[2025-02-12T20:10:59.016+0000] {processor.py:925} INFO - DAG(s) 'welcome_dag' retrieved from /opt/airflow/dags/welcom_dag.py
[2025-02-12T20:10:59.051+0000] {logging_mixin.py:190} INFO - [2025-02-12T20:10:59.051+0000] {dag.py:3239} INFO - Sync 1 DAGs
[2025-02-12T20:10:59.084+0000] {logging_mixin.py:190} INFO - [2025-02-12T20:10:59.084+0000] {dag.py:4180} INFO - Setting next_dagrun for welcome_dag to 2025-02-11 23:00:00+00:00, run_after=2025-02-12 23:00:00+00:00
[2025-02-12T20:10:59.156+0000] {processor.py:208} INFO - Processing /opt/airflow/dags/welcom_dag.py took 0.180 seconds
[2025-02-12T20:11:30.219+0000] {processor.py:186} INFO - Started process (PID=186) to work on /opt/airflow/dags/welcom_dag.py
[2025-02-12T20:11:30.220+0000] {processor.py:914} INFO - Processing file /opt/airflow/dags/welcom_dag.py for tasks to queue
[2025-02-12T20:11:30.222+0000] {logging_mixin.py:190} INFO - [2025-02-12T20:11:30.222+0000] {dagbag.py:588} INFO - Filling up the DagBag from /opt/airflow/dags/welcom_dag.py
[2025-02-12T20:11:30.253+0000] {processor.py:925} INFO - DAG(s) 'welcome_dag' retrieved from /opt/airflow/dags/welcom_dag.py
[2025-02-12T20:11:30.291+0000] {logging_mixin.py:190} INFO - [2025-02-12T20:11:30.291+0000] {dag.py:3239} INFO - Sync 1 DAGs
[2025-02-12T20:11:30.325+0000] {logging_mixin.py:190} INFO - [2025-02-12T20:11:30.325+0000] {dag.py:4180} INFO - Setting next_dagrun for welcome_dag to 2025-02-11 23:00:00+00:00, run_after=2025-02-12 23:00:00+00:00
[2025-02-12T20:11:30.397+0000] {processor.py:208} INFO - Processing /opt/airflow/dags/welcom_dag.py took 0.184 seconds
[2025-02-12T20:12:00.845+0000] {processor.py:186} INFO - Started process (PID=189) to work on /opt/airflow/dags/welcom_dag.py
[2025-02-12T20:12:00.846+0000] {processor.py:914} INFO - Processing file /opt/airflow/dags/welcom_dag.py for tasks to queue
[2025-02-12T20:12:01.827+0000] {logging_mixin.py:190} INFO - [2025-02-12T20:12:01.827+0000] {dagbag.py:588} INFO - Filling up the DagBag from /opt/airflow/dags/welcom_dag.py
[2025-02-12T20:12:01.856+0000] {processor.py:925} INFO - DAG(s) 'welcome_dag' retrieved from /opt/airflow/dags/welcom_dag.py
[2025-02-12T20:12:01.894+0000] {logging_mixin.py:190} INFO - [2025-02-12T20:12:01.894+0000] {dag.py:3239} INFO - Sync 1 DAGs
[2025-02-12T20:12:01.927+0000] {logging_mixin.py:190} INFO - [2025-02-12T20:12:01.927+0000] {dag.py:4180} INFO - Setting next_dagrun for welcome_dag to 2025-02-11 23:00:00+00:00, run_after=2025-02-12 23:00:00+00:00
[2025-02-12T20:12:02.005+0000] {processor.py:208} INFO - Processing /opt/airflow/dags/welcom_dag.py took 0.188 seconds
[2025-02-12T20:12:34.660+0000] {processor.py:186} INFO - Started process (PID=192) to work on /opt/airflow/dags/welcom_dag.py
[2025-02-12T20:12:34.661+0000] {processor.py:914} INFO - Processing file /opt/airflow/dags/welcom_dag.py for tasks to queue
[2025-02-12T20:12:34.663+0000] {logging_mixin.py:190} INFO - [2025-02-12T20:12:34.663+0000] {dagbag.py:588} INFO - Filling up the DagBag from /opt/airflow/dags/welcom_dag.py
[2025-02-12T20:12:34.688+0000] {processor.py:925} INFO - DAG(s) 'welcome_dag' retrieved from /opt/airflow/dags/welcom_dag.py
[2025-02-12T20:12:34.721+0000] {logging_mixin.py:190} INFO - [2025-02-12T20:12:34.721+0000] {dag.py:3239} INFO - Sync 1 DAGs
[2025-02-12T20:12:34.751+0000] {logging_mixin.py:190} INFO - [2025-02-12T20:12:34.751+0000] {dag.py:4180} INFO - Setting next_dagrun for welcome_dag to 2025-02-11 23:00:00+00:00, run_after=2025-02-12 23:00:00+00:00
[2025-02-12T20:12:34.822+0000] {processor.py:208} INFO - Processing /opt/airflow/dags/welcom_dag.py took 0.167 seconds
[2025-02-12T20:13:06.113+0000] {processor.py:186} INFO - Started process (PID=211) to work on /opt/airflow/dags/welcom_dag.py
[2025-02-12T20:13:06.115+0000] {processor.py:914} INFO - Processing file /opt/airflow/dags/welcom_dag.py for tasks to queue
[2025-02-12T20:13:06.117+0000] {logging_mixin.py:190} INFO - [2025-02-12T20:13:06.117+0000] {dagbag.py:588} INFO - Filling up the DagBag from /opt/airflow/dags/welcom_dag.py
[2025-02-12T20:13:06.148+0000] {processor.py:925} INFO - DAG(s) 'welcome_dag' retrieved from /opt/airflow/dags/welcom_dag.py
[2025-02-12T20:13:06.183+0000] {logging_mixin.py:190} INFO - [2025-02-12T20:13:06.183+0000] {dag.py:3239} INFO - Sync 1 DAGs
[2025-02-12T20:13:06.214+0000] {logging_mixin.py:190} INFO - [2025-02-12T20:13:06.214+0000] {dag.py:4180} INFO - Setting next_dagrun for welcome_dag to 2025-02-11 23:00:00+00:00, run_after=2025-02-12 23:00:00+00:00
[2025-02-12T20:13:06.284+0000] {processor.py:208} INFO - Processing /opt/airflow/dags/welcom_dag.py took 0.176 seconds
[2025-02-12T20:13:37.569+0000] {processor.py:186} INFO - Started process (PID=214) to work on /opt/airflow/dags/welcom_dag.py
[2025-02-12T20:13:37.570+0000] {processor.py:914} INFO - Processing file /opt/airflow/dags/welcom_dag.py for tasks to queue
[2025-02-12T20:13:37.572+0000] {logging_mixin.py:190} INFO - [2025-02-12T20:13:37.572+0000] {dagbag.py:588} INFO - Filling up the DagBag from /opt/airflow/dags/welcom_dag.py
[2025-02-12T20:13:37.600+0000] {processor.py:925} INFO - DAG(s) 'welcome_dag' retrieved from /opt/airflow/dags/welcom_dag.py
[2025-02-12T20:13:37.635+0000] {logging_mixin.py:190} INFO - [2025-02-12T20:13:37.635+0000] {dag.py:3239} INFO - Sync 1 DAGs
[2025-02-12T20:13:37.665+0000] {logging_mixin.py:190} INFO - [2025-02-12T20:13:37.664+0000] {dag.py:4180} INFO - Setting next_dagrun for welcome_dag to 2025-02-11 23:00:00+00:00, run_after=2025-02-12 23:00:00+00:00
[2025-02-12T20:13:37.743+0000] {processor.py:208} INFO - Processing /opt/airflow/dags/welcom_dag.py took 0.180 seconds
[2025-02-12T20:14:09.024+0000] {processor.py:186} INFO - Started process (PID=217) to work on /opt/airflow/dags/welcom_dag.py
[2025-02-12T20:14:09.025+0000] {processor.py:914} INFO - Processing file /opt/airflow/dags/welcom_dag.py for tasks to queue
[2025-02-12T20:14:09.028+0000] {logging_mixin.py:190} INFO - [2025-02-12T20:14:09.027+0000] {dagbag.py:588} INFO - Filling up the DagBag from /opt/airflow/dags/welcom_dag.py
[2025-02-12T20:14:09.056+0000] {processor.py:925} INFO - DAG(s) 'welcome_dag' retrieved from /opt/airflow/dags/welcom_dag.py
[2025-02-12T20:14:09.091+0000] {logging_mixin.py:190} INFO - [2025-02-12T20:14:09.091+0000] {dag.py:3239} INFO - Sync 1 DAGs
[2025-02-12T20:14:09.123+0000] {logging_mixin.py:190} INFO - [2025-02-12T20:14:09.122+0000] {dag.py:4180} INFO - Setting next_dagrun for welcome_dag to 2025-02-11 23:00:00+00:00, run_after=2025-02-12 23:00:00+00:00
[2025-02-12T20:14:09.185+0000] {processor.py:208} INFO - Processing /opt/airflow/dags/welcom_dag.py took 0.167 seconds
[2025-02-12T20:14:41.353+0000] {processor.py:186} INFO - Started process (PID=220) to work on /opt/airflow/dags/welcom_dag.py
[2025-02-12T20:14:41.354+0000] {processor.py:914} INFO - Processing file /opt/airflow/dags/welcom_dag.py for tasks to queue
[2025-02-12T20:14:41.357+0000] {logging_mixin.py:190} INFO - [2025-02-12T20:14:41.357+0000] {dagbag.py:588} INFO - Filling up the DagBag from /opt/airflow/dags/welcom_dag.py
[2025-02-12T20:14:41.386+0000] {processor.py:925} INFO - DAG(s) 'welcome_dag' retrieved from /opt/airflow/dags/welcom_dag.py
[2025-02-12T20:14:41.420+0000] {logging_mixin.py:190} INFO - [2025-02-12T20:14:41.419+0000] {dag.py:3239} INFO - Sync 1 DAGs
[2025-02-12T20:14:41.453+0000] {logging_mixin.py:190} INFO - [2025-02-12T20:14:41.453+0000] {dag.py:4180} INFO - Setting next_dagrun for welcome_dag to 2025-02-11 23:00:00+00:00, run_after=2025-02-12 23:00:00+00:00
[2025-02-12T20:14:41.518+0000] {processor.py:208} INFO - Processing /opt/airflow/dags/welcom_dag.py took 0.170 seconds
[2025-02-12T20:15:13.604+0000] {processor.py:186} INFO - Started process (PID=223) to work on /opt/airflow/dags/welcom_dag.py
[2025-02-12T20:15:13.605+0000] {processor.py:914} INFO - Processing file /opt/airflow/dags/welcom_dag.py for tasks to queue
[2025-02-12T20:15:13.607+0000] {logging_mixin.py:190} INFO - [2025-02-12T20:15:13.607+0000] {dagbag.py:588} INFO - Filling up the DagBag from /opt/airflow/dags/welcom_dag.py
[2025-02-12T20:15:13.641+0000] {processor.py:925} INFO - DAG(s) 'welcome_dag' retrieved from /opt/airflow/dags/welcom_dag.py
[2025-02-12T20:15:13.675+0000] {logging_mixin.py:190} INFO - [2025-02-12T20:15:13.675+0000] {dag.py:3239} INFO - Sync 1 DAGs
[2025-02-12T20:15:13.705+0000] {logging_mixin.py:190} INFO - [2025-02-12T20:15:13.705+0000] {dag.py:4180} INFO - Setting next_dagrun for welcome_dag to 2025-02-11 23:00:00+00:00, run_after=2025-02-12 23:00:00+00:00
[2025-02-12T20:15:13.770+0000] {processor.py:208} INFO - Processing /opt/airflow/dags/welcom_dag.py took 0.172 seconds
[2025-02-12T20:15:44.463+0000] {processor.py:186} INFO - Started process (PID=226) to work on /opt/airflow/dags/welcom_dag.py
[2025-02-12T20:15:44.465+0000] {processor.py:914} INFO - Processing file /opt/airflow/dags/welcom_dag.py for tasks to queue
[2025-02-12T20:15:44.469+0000] {logging_mixin.py:190} INFO - [2025-02-12T20:15:44.468+0000] {dagbag.py:588} INFO - Filling up the DagBag from /opt/airflow/dags/welcom_dag.py
[2025-02-12T20:15:44.508+0000] {processor.py:925} INFO - DAG(s) 'welcome_dag' retrieved from /opt/airflow/dags/welcom_dag.py
[2025-02-12T20:15:44.559+0000] {logging_mixin.py:190} INFO - [2025-02-12T20:15:44.559+0000] {dag.py:3239} INFO - Sync 1 DAGs
[2025-02-12T20:15:44.595+0000] {logging_mixin.py:190} INFO - [2025-02-12T20:15:44.594+0000] {dag.py:4180} INFO - Setting next_dagrun for welcome_dag to 2025-02-11 23:00:00+00:00, run_after=2025-02-12 23:00:00+00:00
[2025-02-12T20:15:44.668+0000] {processor.py:208} INFO - Processing /opt/airflow/dags/welcom_dag.py took 0.218 seconds
[2025-02-12T20:16:16.352+0000] {processor.py:186} INFO - Started process (PID=245) to work on /opt/airflow/dags/welcom_dag.py
[2025-02-12T20:16:16.353+0000] {processor.py:914} INFO - Processing file /opt/airflow/dags/welcom_dag.py for tasks to queue
[2025-02-12T20:16:16.356+0000] {logging_mixin.py:190} INFO - [2025-02-12T20:16:16.355+0000] {dagbag.py:588} INFO - Filling up the DagBag from /opt/airflow/dags/welcom_dag.py
[2025-02-12T20:16:16.392+0000] {processor.py:925} INFO - DAG(s) 'welcome_dag' retrieved from /opt/airflow/dags/welcom_dag.py
[2025-02-12T20:16:16.434+0000] {logging_mixin.py:190} INFO - [2025-02-12T20:16:16.433+0000] {dag.py:3239} INFO - Sync 1 DAGs
[2025-02-12T20:16:16.472+0000] {logging_mixin.py:190} INFO - [2025-02-12T20:16:16.472+0000] {dag.py:4180} INFO - Setting next_dagrun for welcome_dag to 2025-02-11 23:00:00+00:00, run_after=2025-02-12 23:00:00+00:00
[2025-02-12T20:16:16.551+0000] {processor.py:208} INFO - Processing /opt/airflow/dags/welcom_dag.py took 0.204 seconds
[2025-02-12T20:16:48.801+0000] {processor.py:186} INFO - Started process (PID=248) to work on /opt/airflow/dags/welcom_dag.py
[2025-02-12T20:16:48.803+0000] {processor.py:914} INFO - Processing file /opt/airflow/dags/welcom_dag.py for tasks to queue
[2025-02-12T20:16:48.806+0000] {logging_mixin.py:190} INFO - [2025-02-12T20:16:48.805+0000] {dagbag.py:588} INFO - Filling up the DagBag from /opt/airflow/dags/welcom_dag.py
[2025-02-12T20:16:48.842+0000] {processor.py:925} INFO - DAG(s) 'welcome_dag' retrieved from /opt/airflow/dags/welcom_dag.py
[2025-02-12T20:16:48.878+0000] {logging_mixin.py:190} INFO - [2025-02-12T20:16:48.878+0000] {dag.py:3239} INFO - Sync 1 DAGs
[2025-02-12T20:16:48.907+0000] {logging_mixin.py:190} INFO - [2025-02-12T20:16:48.907+0000] {dag.py:4180} INFO - Setting next_dagrun for welcome_dag to 2025-02-11 23:00:00+00:00, run_after=2025-02-12 23:00:00+00:00
[2025-02-12T20:16:48.965+0000] {processor.py:208} INFO - Processing /opt/airflow/dags/welcom_dag.py took 0.171 seconds
