[2025-02-12T18:48:01.800+0000] {manager.py:483} INFO - Processing files using up to 1 processes at a time 
[2025-02-12T18:48:01.801+0000] {manager.py:484} INFO - Process each file at most once every 30 seconds
[2025-02-12T18:48:01.802+0000] {manager.py:485} INFO - Checking for new files in /opt/airflow/dags every 300 seconds
[2025-02-12T18:48:01.803+0000] {manager.py:821} INFO - Searching for files in /opt/airflow/dags
[2025-02-12T18:48:01.804+0000] {manager.py:824} INFO - There are 0 files in /opt/airflow/dags
[2025-02-12T18:53:01.988+0000] {manager.py:821} INFO - Searching for files in /opt/airflow/dags
[2025-02-12T18:53:02.003+0000] {manager.py:824} INFO - There are 0 files in /opt/airflow/dags
[2025-02-12T18:58:02.277+0000] {manager.py:821} INFO - Searching for files in /opt/airflow/dags
[2025-02-12T18:58:02.289+0000] {manager.py:824} INFO - There are 1 files in /opt/airflow/dags
[2025-02-12T18:58:06.718+0000] {manager.py:997} INFO - 
================================================================================
DAG File Processing Stats

File Path                        PID    Runtime      # DAGs    # Errors  Last Runtime    Last Run               Last # of DB Queries
-------------------------------  -----  ---------  --------  ----------  --------------  -------------------  ----------------------
/opt/airflow/dags/welcom_dag.py                           1           0  2.52s           2025-02-12T18:58:04                      45
================================================================================
[2025-02-12T18:58:38.623+0000] {manager.py:997} INFO - 
================================================================================
DAG File Processing Stats

File Path                        PID    Runtime      # DAGs    # Errors  Last Runtime    Last Run               Last # of DB Queries
-------------------------------  -----  ---------  --------  ----------  --------------  -------------------  ----------------------
/opt/airflow/dags/welcom_dag.py                           1           0  0.30s           2025-02-12T18:58:36                      12
================================================================================
[2025-02-12T18:59:09.243+0000] {manager.py:997} INFO - 
================================================================================
DAG File Processing Stats

File Path                        PID    Runtime      # DAGs    # Errors  Last Runtime    Last Run               Last # of DB Queries
-------------------------------  -----  ---------  --------  ----------  --------------  -------------------  ----------------------
/opt/airflow/dags/welcom_dag.py                           1           0  0.30s           2025-02-12T18:59:08                      12
================================================================================
[2025-02-12T18:59:42.629+0000] {manager.py:997} INFO - 
================================================================================
DAG File Processing Stats

File Path                        PID    Runtime      # DAGs    # Errors  Last Runtime    Last Run               Last # of DB Queries
-------------------------------  -----  ---------  --------  ----------  --------------  -------------------  ----------------------
/opt/airflow/dags/welcom_dag.py                           1           0  0.30s           2025-02-12T18:59:39                      12
================================================================================
[2025-02-12T19:00:14.854+0000] {manager.py:997} INFO - 
================================================================================
DAG File Processing Stats

File Path                        PID    Runtime      # DAGs    # Errors  Last Runtime    Last Run               Last # of DB Queries
-------------------------------  -----  ---------  --------  ----------  --------------  -------------------  ----------------------
/opt/airflow/dags/welcom_dag.py                           1           0  0.30s           2025-02-12T19:00:11                      12
================================================================================
[2025-02-12T19:00:47.297+0000] {manager.py:997} INFO - 
================================================================================
DAG File Processing Stats

File Path                        PID    Runtime      # DAGs    # Errors  Last Runtime    Last Run               Last # of DB Queries
-------------------------------  -----  ---------  --------  ----------  --------------  -------------------  ----------------------
/opt/airflow/dags/welcom_dag.py                           1           0  0.30s           2025-02-12T19:00:42                      12
================================================================================
[2025-02-12T19:01:19.144+0000] {manager.py:997} INFO - 
================================================================================
DAG File Processing Stats

File Path                        PID    Runtime      # DAGs    # Errors  Last Runtime    Last Run               Last # of DB Queries
-------------------------------  -----  ---------  --------  ----------  --------------  -------------------  ----------------------
/opt/airflow/dags/welcom_dag.py                           1           0  0.20s           2025-02-12T19:01:14                      12
================================================================================
[2025-02-12T19:01:50.896+0000] {manager.py:997} INFO - 
================================================================================
DAG File Processing Stats

File Path                        PID    Runtime      # DAGs    # Errors  Last Runtime    Last Run               Last # of DB Queries
-------------------------------  -----  ---------  --------  ----------  --------------  -------------------  ----------------------
/opt/airflow/dags/welcom_dag.py                           1           0  0.20s           2025-02-12T19:01:45                      12
================================================================================
[2025-02-12T19:02:22.730+0000] {manager.py:997} INFO - 
================================================================================
DAG File Processing Stats

File Path                        PID    Runtime      # DAGs    # Errors  Last Runtime    Last Run               Last # of DB Queries
-------------------------------  -----  ---------  --------  ----------  --------------  -------------------  ----------------------
/opt/airflow/dags/welcom_dag.py                           1           0  0.30s           2025-02-12T19:02:17                      12
================================================================================
[2025-02-12T19:02:54.461+0000] {manager.py:997} INFO - 
================================================================================
DAG File Processing Stats

File Path                        PID    Runtime      # DAGs    # Errors  Last Runtime    Last Run               Last # of DB Queries
-------------------------------  -----  ---------  --------  ----------  --------------  -------------------  ----------------------
/opt/airflow/dags/welcom_dag.py                           1           0  0.20s           2025-02-12T19:02:49                      12
================================================================================
[2025-02-12T19:03:02.842+0000] {manager.py:821} INFO - Searching for files in /opt/airflow/dags
[2025-02-12T19:03:02.871+0000] {manager.py:824} INFO - There are 1 files in /opt/airflow/dags
[2025-02-12T19:03:26.375+0000] {manager.py:997} INFO - 
================================================================================
DAG File Processing Stats

File Path                        PID    Runtime      # DAGs    # Errors  Last Runtime    Last Run               Last # of DB Queries
-------------------------------  -----  ---------  --------  ----------  --------------  -------------------  ----------------------
/opt/airflow/dags/welcom_dag.py                           1           0  0.30s           2025-02-12T19:03:20                      12
================================================================================
[2025-02-12T19:03:58.298+0000] {manager.py:997} INFO - 
================================================================================
DAG File Processing Stats

File Path                        PID    Runtime      # DAGs    # Errors  Last Runtime    Last Run               Last # of DB Queries
-------------------------------  -----  ---------  --------  ----------  --------------  -------------------  ----------------------
/opt/airflow/dags/welcom_dag.py                           1           0  0.21s           2025-02-12T19:03:52                      12
================================================================================
[2025-02-12T19:04:30.187+0000] {manager.py:997} INFO - 
================================================================================
DAG File Processing Stats

File Path                        PID    Runtime      # DAGs    # Errors  Last Runtime    Last Run               Last # of DB Queries
-------------------------------  -----  ---------  --------  ----------  --------------  -------------------  ----------------------
/opt/airflow/dags/welcom_dag.py                           1           0  0.30s           2025-02-12T19:04:24                      12
================================================================================
[2025-02-12T19:47:19.007+0000] {manager.py:483} INFO - Processing files using up to 1 processes at a time 
[2025-02-12T19:47:19.007+0000] {manager.py:484} INFO - Process each file at most once every 30 seconds
[2025-02-12T19:47:19.008+0000] {manager.py:485} INFO - Checking for new files in /opt/airflow/dags every 300 seconds
[2025-02-12T19:47:19.008+0000] {manager.py:821} INFO - Searching for files in /opt/airflow/dags
[2025-02-12T19:47:19.051+0000] {manager.py:824} INFO - There are 1 files in /opt/airflow/dags
[2025-02-12T19:47:19.467+0000] {manager.py:997} INFO - 
================================================================================
DAG File Processing Stats

File Path                        PID    Runtime      # DAGs    # Errors  Last Runtime    Last Run               Last # of DB Queries
-------------------------------  -----  ---------  --------  ----------  --------------  -------------------  ----------------------
/opt/airflow/dags/welcom_dag.py                           1           0  0.30s           2025-02-12T19:47:19                      12
================================================================================
[2025-02-12T19:47:51.454+0000] {manager.py:997} INFO - 
================================================================================
DAG File Processing Stats

File Path                        PID    Runtime      # DAGs    # Errors  Last Runtime    Last Run               Last # of DB Queries
-------------------------------  -----  ---------  --------  ----------  --------------  -------------------  ----------------------
/opt/airflow/dags/welcom_dag.py                           1           0  0.21s           2025-02-12T19:47:49                      12
================================================================================
[2025-02-12T19:48:24.037+0000] {manager.py:997} INFO - 
================================================================================
DAG File Processing Stats

File Path                        PID    Runtime      # DAGs    # Errors  Last Runtime    Last Run               Last # of DB Queries
-------------------------------  -----  ---------  --------  ----------  --------------  -------------------  ----------------------
/opt/airflow/dags/welcom_dag.py                           1           0  0.30s           2025-02-12T19:48:20                      12
================================================================================
[2025-02-12T19:48:56.368+0000] {manager.py:997} INFO - 
================================================================================
DAG File Processing Stats

File Path                        PID    Runtime      # DAGs    # Errors  Last Runtime    Last Run               Last # of DB Queries
-------------------------------  -----  ---------  --------  ----------  --------------  -------------------  ----------------------
/opt/airflow/dags/welcom_dag.py                           1           0  0.31s           2025-02-12T19:48:51                      12
================================================================================
[2025-02-12T19:49:28.481+0000] {manager.py:997} INFO - 
================================================================================
DAG File Processing Stats

File Path                        PID    Runtime      # DAGs    # Errors  Last Runtime    Last Run               Last # of DB Queries
-------------------------------  -----  ---------  --------  ----------  --------------  -------------------  ----------------------
/opt/airflow/dags/welcom_dag.py                           1           0  0.20s           2025-02-12T19:49:22                      12
================================================================================
[2025-02-12T19:50:00.604+0000] {manager.py:997} INFO - 
================================================================================
DAG File Processing Stats

File Path                        PID    Runtime      # DAGs    # Errors  Last Runtime    Last Run               Last # of DB Queries
-------------------------------  -----  ---------  --------  ----------  --------------  -------------------  ----------------------
/opt/airflow/dags/welcom_dag.py                           1           0  0.20s           2025-02-12T19:49:52                      12
================================================================================
[2025-02-12T19:50:32.686+0000] {manager.py:997} INFO - 
================================================================================
DAG File Processing Stats

File Path                        PID    Runtime      # DAGs    # Errors  Last Runtime    Last Run               Last # of DB Queries
-------------------------------  -----  ---------  --------  ----------  --------------  -------------------  ----------------------
/opt/airflow/dags/welcom_dag.py                           1           0  0.20s           2025-02-12T19:50:23                      12
================================================================================
[2025-02-12T19:51:04.785+0000] {manager.py:997} INFO - 
================================================================================
DAG File Processing Stats

File Path                        PID    Runtime      # DAGs    # Errors  Last Runtime    Last Run               Last # of DB Queries
-------------------------------  -----  ---------  --------  ----------  --------------  -------------------  ----------------------
/opt/airflow/dags/welcom_dag.py                           1           0  0.20s           2025-02-12T19:50:54                      12
================================================================================
[2025-02-12T19:51:36.979+0000] {manager.py:997} INFO - 
================================================================================
DAG File Processing Stats

File Path                        PID    Runtime      # DAGs    # Errors  Last Runtime    Last Run               Last # of DB Queries
-------------------------------  -----  ---------  --------  ----------  --------------  -------------------  ----------------------
/opt/airflow/dags/welcom_dag.py                           1           0  0.30s           2025-02-12T19:51:25                      12
================================================================================
[2025-02-12T19:52:09.077+0000] {manager.py:997} INFO - 
================================================================================
DAG File Processing Stats

File Path                        PID    Runtime      # DAGs    # Errors  Last Runtime    Last Run               Last # of DB Queries
-------------------------------  -----  ---------  --------  ----------  --------------  -------------------  ----------------------
/opt/airflow/dags/welcom_dag.py                           1           0  0.21s           2025-02-12T19:51:56                      12
================================================================================
[2025-02-12T19:52:19.196+0000] {manager.py:821} INFO - Searching for files in /opt/airflow/dags
[2025-02-12T19:52:19.236+0000] {manager.py:824} INFO - There are 1 files in /opt/airflow/dags
[2025-02-12T19:52:41.140+0000] {manager.py:997} INFO - 
================================================================================
DAG File Processing Stats

File Path                        PID    Runtime      # DAGs    # Errors  Last Runtime    Last Run               Last # of DB Queries
-------------------------------  -----  ---------  --------  ----------  --------------  -------------------  ----------------------
/opt/airflow/dags/welcom_dag.py                           1           0  0.20s           2025-02-12T19:52:27                      12
================================================================================
[2025-02-12T19:53:13.250+0000] {manager.py:997} INFO - 
================================================================================
DAG File Processing Stats

File Path                        PID    Runtime      # DAGs    # Errors  Last Runtime    Last Run               Last # of DB Queries
-------------------------------  -----  ---------  --------  ----------  --------------  -------------------  ----------------------
/opt/airflow/dags/welcom_dag.py                           1           0  0.20s           2025-02-12T19:52:58                      12
================================================================================
[2025-02-12T19:53:45.441+0000] {manager.py:997} INFO - 
================================================================================
DAG File Processing Stats

File Path                        PID    Runtime      # DAGs    # Errors  Last Runtime    Last Run               Last # of DB Queries
-------------------------------  -----  ---------  --------  ----------  --------------  -------------------  ----------------------
/opt/airflow/dags/welcom_dag.py                           1           0  0.30s           2025-02-12T19:53:30                      12
================================================================================
[2025-02-12T19:54:17.484+0000] {manager.py:997} INFO - 
================================================================================
DAG File Processing Stats

File Path                        PID    Runtime      # DAGs    # Errors  Last Runtime    Last Run               Last # of DB Queries
-------------------------------  -----  ---------  --------  ----------  --------------  -------------------  ----------------------
/opt/airflow/dags/welcom_dag.py                           1           0  1.29s           2025-02-12T19:54:01                      12
================================================================================
[2025-02-12T19:54:49.683+0000] {manager.py:997} INFO - 
================================================================================
DAG File Processing Stats

File Path                        PID    Runtime      # DAGs    # Errors  Last Runtime    Last Run               Last # of DB Queries
-------------------------------  -----  ---------  --------  ----------  --------------  -------------------  ----------------------
/opt/airflow/dags/welcom_dag.py                           1           0  0.20s           2025-02-12T19:54:34                      12
================================================================================
[2025-02-12T19:55:21.813+0000] {manager.py:997} INFO - 
================================================================================
DAG File Processing Stats

File Path                        PID    Runtime      # DAGs    # Errors  Last Runtime    Last Run               Last # of DB Queries
-------------------------------  -----  ---------  --------  ----------  --------------  -------------------  ----------------------
/opt/airflow/dags/welcom_dag.py                           1           0  0.20s           2025-02-12T19:55:05                      12
================================================================================
[2025-02-12T19:55:53.946+0000] {manager.py:997} INFO - 
================================================================================
DAG File Processing Stats

File Path                        PID    Runtime      # DAGs    # Errors  Last Runtime    Last Run               Last # of DB Queries
-------------------------------  -----  ---------  --------  ----------  --------------  -------------------  ----------------------
/opt/airflow/dags/welcom_dag.py                           1           0  0.30s           2025-02-12T19:55:37                      12
================================================================================
[2025-02-12T19:56:26.062+0000] {manager.py:997} INFO - 
================================================================================
DAG File Processing Stats

File Path                        PID    Runtime      # DAGs    # Errors  Last Runtime    Last Run               Last # of DB Queries
-------------------------------  -----  ---------  --------  ----------  --------------  -------------------  ----------------------
/opt/airflow/dags/welcom_dag.py                           1           0  0.20s           2025-02-12T19:56:09                      12
================================================================================
[2025-02-12T19:56:58.091+0000] {manager.py:997} INFO - 
================================================================================
DAG File Processing Stats

File Path                        PID    Runtime      # DAGs    # Errors  Last Runtime    Last Run               Last # of DB Queries
-------------------------------  -----  ---------  --------  ----------  --------------  -------------------  ----------------------
/opt/airflow/dags/welcom_dag.py                           1           0  0.20s           2025-02-12T19:56:41                      12
================================================================================
[2025-02-12T19:57:20.105+0000] {manager.py:821} INFO - Searching for files in /opt/airflow/dags
[2025-02-12T19:57:20.156+0000] {manager.py:824} INFO - There are 1 files in /opt/airflow/dags
[2025-02-12T19:57:30.243+0000] {manager.py:997} INFO - 
================================================================================
DAG File Processing Stats

File Path                        PID    Runtime      # DAGs    # Errors  Last Runtime    Last Run               Last # of DB Queries
-------------------------------  -----  ---------  --------  ----------  --------------  -------------------  ----------------------
/opt/airflow/dags/welcom_dag.py                           1           0  0.30s           2025-02-12T19:57:13                      12
================================================================================
[2025-02-12T19:58:02.442+0000] {manager.py:997} INFO - 
================================================================================
DAG File Processing Stats

File Path                        PID    Runtime      # DAGs    # Errors  Last Runtime    Last Run               Last # of DB Queries
-------------------------------  -----  ---------  --------  ----------  --------------  -------------------  ----------------------
/opt/airflow/dags/welcom_dag.py                           1           0  0.21s           2025-02-12T19:57:44                      12
================================================================================
[2025-02-12T19:58:34.602+0000] {manager.py:997} INFO - 
================================================================================
DAG File Processing Stats

File Path                        PID    Runtime      # DAGs    # Errors  Last Runtime    Last Run               Last # of DB Queries
-------------------------------  -----  ---------  --------  ----------  --------------  -------------------  ----------------------
/opt/airflow/dags/welcom_dag.py                           1           0  0.20s           2025-02-12T19:58:16                      12
================================================================================
[2025-02-12T19:59:06.625+0000] {manager.py:997} INFO - 
================================================================================
DAG File Processing Stats

File Path                        PID    Runtime      # DAGs    # Errors  Last Runtime    Last Run               Last # of DB Queries
-------------------------------  -----  ---------  --------  ----------  --------------  -------------------  ----------------------
/opt/airflow/dags/welcom_dag.py                           1           0  0.20s           2025-02-12T19:58:47                      12
================================================================================
[2025-02-12T19:59:39.198+0000] {manager.py:997} INFO - 
================================================================================
DAG File Processing Stats

File Path                        PID    Runtime      # DAGs    # Errors  Last Runtime    Last Run               Last # of DB Queries
-------------------------------  -----  ---------  --------  ----------  --------------  -------------------  ----------------------
/opt/airflow/dags/welcom_dag.py                           1           0  0.30s           2025-02-12T19:59:20                      12
================================================================================
[2025-02-12T20:00:11.635+0000] {manager.py:997} INFO - 
================================================================================
DAG File Processing Stats

File Path                        PID    Runtime      # DAGs    # Errors  Last Runtime    Last Run               Last # of DB Queries
-------------------------------  -----  ---------  --------  ----------  --------------  -------------------  ----------------------
/opt/airflow/dags/welcom_dag.py                           1           0  0.30s           2025-02-12T19:59:51                      12
================================================================================
[2025-02-12T20:00:44.143+0000] {manager.py:997} INFO - 
================================================================================
DAG File Processing Stats

File Path                        PID    Runtime      # DAGs    # Errors  Last Runtime    Last Run               Last # of DB Queries
-------------------------------  -----  ---------  --------  ----------  --------------  -------------------  ----------------------
/opt/airflow/dags/welcom_dag.py                           1           0  0.20s           2025-02-12T20:00:23                      12
================================================================================
[2025-02-12T20:01:16.867+0000] {manager.py:997} INFO - 
================================================================================
DAG File Processing Stats

File Path                        PID    Runtime      # DAGs    # Errors  Last Runtime    Last Run               Last # of DB Queries
-------------------------------  -----  ---------  --------  ----------  --------------  -------------------  ----------------------
/opt/airflow/dags/welcom_dag.py                           1           0  0.20s           2025-02-12T20:00:55                      12
================================================================================
[2025-02-12T20:01:49.524+0000] {manager.py:997} INFO - 
================================================================================
DAG File Processing Stats

File Path                        PID    Runtime      # DAGs    # Errors  Last Runtime    Last Run               Last # of DB Queries
-------------------------------  -----  ---------  --------  ----------  --------------  -------------------  ----------------------
/opt/airflow/dags/welcom_dag.py                           1           0  0.30s           2025-02-12T20:01:27                      12
================================================================================
[2025-02-12T20:02:20.461+0000] {manager.py:821} INFO - Searching for files in /opt/airflow/dags
[2025-02-12T20:02:20.503+0000] {manager.py:824} INFO - There are 1 files in /opt/airflow/dags
[2025-02-12T20:02:22.223+0000] {manager.py:997} INFO - 
================================================================================
DAG File Processing Stats

File Path                        PID    Runtime      # DAGs    # Errors  Last Runtime    Last Run               Last # of DB Queries
-------------------------------  -----  ---------  --------  ----------  --------------  -------------------  ----------------------
/opt/airflow/dags/welcom_dag.py                           1           0  0.20s           2025-02-12T20:01:59                      12
================================================================================
[2025-02-12T20:02:54.779+0000] {manager.py:997} INFO - 
================================================================================
DAG File Processing Stats

File Path                        PID    Runtime      # DAGs    # Errors  Last Runtime    Last Run               Last # of DB Queries
-------------------------------  -----  ---------  --------  ----------  --------------  -------------------  ----------------------
/opt/airflow/dags/welcom_dag.py                           1           0  0.20s           2025-02-12T20:02:30                      12
================================================================================
[2025-02-12T20:03:27.318+0000] {manager.py:997} INFO - 
================================================================================
DAG File Processing Stats

File Path                        PID    Runtime      # DAGs    # Errors  Last Runtime    Last Run               Last # of DB Queries
-------------------------------  -----  ---------  --------  ----------  --------------  -------------------  ----------------------
/opt/airflow/dags/welcom_dag.py                           1           0  1.28s           2025-02-12T20:03:01                      12
================================================================================
[2025-02-12T20:03:59.764+0000] {manager.py:997} INFO - 
================================================================================
DAG File Processing Stats

File Path                        PID    Runtime      # DAGs    # Errors  Last Runtime    Last Run               Last # of DB Queries
-------------------------------  -----  ---------  --------  ----------  --------------  -------------------  ----------------------
/opt/airflow/dags/welcom_dag.py                           1           0  0.20s           2025-02-12T20:03:34                      12
================================================================================
[2025-02-12T20:04:31.594+0000] {manager.py:997} INFO - 
================================================================================
DAG File Processing Stats

File Path                        PID    Runtime      # DAGs    # Errors  Last Runtime    Last Run               Last # of DB Queries
-------------------------------  -----  ---------  --------  ----------  --------------  -------------------  ----------------------
/opt/airflow/dags/welcom_dag.py                           1           0  0.20s           2025-02-12T20:04:05                      12
================================================================================
[2025-02-12T20:05:03.580+0000] {manager.py:997} INFO - 
================================================================================
DAG File Processing Stats

File Path                        PID    Runtime      # DAGs    # Errors  Last Runtime    Last Run               Last # of DB Queries
-------------------------------  -----  ---------  --------  ----------  --------------  -------------------  ----------------------
/opt/airflow/dags/welcom_dag.py                           1           0  0.30s           2025-02-12T20:04:38                      12
================================================================================
[2025-02-12T20:05:36.098+0000] {manager.py:997} INFO - 
================================================================================
DAG File Processing Stats

File Path                        PID    Runtime      # DAGs    # Errors  Last Runtime    Last Run               Last # of DB Queries
-------------------------------  -----  ---------  --------  ----------  --------------  -------------------  ----------------------
/opt/airflow/dags/welcom_dag.py                           1           0  0.20s           2025-02-12T20:05:09                      12
================================================================================
[2025-02-12T20:06:08.667+0000] {manager.py:997} INFO - 
================================================================================
DAG File Processing Stats

File Path                        PID    Runtime      # DAGs    # Errors  Last Runtime    Last Run               Last # of DB Queries
-------------------------------  -----  ---------  --------  ----------  --------------  -------------------  ----------------------
/opt/airflow/dags/welcom_dag.py                           1           0  0.20s           2025-02-12T20:05:40                      12
================================================================================
[2025-02-12T20:06:41.067+0000] {manager.py:997} INFO - 
================================================================================
DAG File Processing Stats

File Path                        PID    Runtime      # DAGs    # Errors  Last Runtime    Last Run               Last # of DB Queries
-------------------------------  -----  ---------  --------  ----------  --------------  -------------------  ----------------------
/opt/airflow/dags/welcom_dag.py                           1           0  0.20s           2025-02-12T20:06:13                      12
================================================================================
[2025-02-12T20:07:13.618+0000] {manager.py:997} INFO - 
================================================================================
DAG File Processing Stats

File Path                        PID    Runtime      # DAGs    # Errors  Last Runtime    Last Run               Last # of DB Queries
-------------------------------  -----  ---------  --------  ----------  --------------  -------------------  ----------------------
/opt/airflow/dags/welcom_dag.py                           1           0  0.30s           2025-02-12T20:06:45                      12
================================================================================
[2025-02-12T20:07:20.647+0000] {manager.py:821} INFO - Searching for files in /opt/airflow/dags
[2025-02-12T20:07:20.686+0000] {manager.py:824} INFO - There are 2 files in /opt/airflow/dags
[2025-02-12T20:07:48.229+0000] {manager.py:997} INFO - 
================================================================================
DAG File Processing Stats

File Path                              PID    Runtime      # DAGs    # Errors  Last Runtime    Last Run               Last # of DB Queries
-------------------------------------  -----  ---------  --------  ----------  --------------  -------------------  ----------------------
/opt/airflow/dags/etl_calories_dag.py                           1           0  1.31s           2025-02-12T20:07:22                      45
/opt/airflow/dags/welcom_dag.py                                 1           0  0.20s           2025-02-12T20:07:48                      12
================================================================================
[2025-02-12T20:08:20.867+0000] {manager.py:997} INFO - 
================================================================================
DAG File Processing Stats

File Path                              PID    Runtime      # DAGs    # Errors  Last Runtime    Last Run               Last # of DB Queries
-------------------------------------  -----  ---------  --------  ----------  --------------  -------------------  ----------------------
/opt/airflow/dags/welcom_dag.py                                 1           0  1.28s           2025-02-12T20:08:19                      12
/opt/airflow/dags/etl_calories_dag.py                           1           0  0.70s           2025-02-12T20:07:57                      12
================================================================================
[2025-02-12T20:08:52.682+0000] {manager.py:997} INFO - 
================================================================================
DAG File Processing Stats

File Path                              PID    Runtime      # DAGs    # Errors  Last Runtime    Last Run               Last # of DB Queries
-------------------------------------  -----  ---------  --------  ----------  --------------  -------------------  ----------------------
/opt/airflow/dags/etl_calories_dag.py                           1           0  0.91s           2025-02-12T20:08:29                      12
/opt/airflow/dags/welcom_dag.py                                 1           0  0.21s           2025-02-12T20:08:51                      12
================================================================================
[2025-02-12T20:09:25.197+0000] {manager.py:997} INFO - 
================================================================================
DAG File Processing Stats

File Path                              PID    Runtime      # DAGs    # Errors  Last Runtime    Last Run               Last # of DB Queries
-------------------------------------  -----  ---------  --------  ----------  --------------  -------------------  ----------------------
/opt/airflow/dags/etl_calories_dag.py                           1           0  0.81s           2025-02-12T20:09:01                      12
/opt/airflow/dags/welcom_dag.py                                 1           0  0.21s           2025-02-12T20:09:23                      12
================================================================================
[2025-02-12T20:09:57.446+0000] {manager.py:997} INFO - 
================================================================================
DAG File Processing Stats

File Path                              PID    Runtime      # DAGs    # Errors  Last Runtime    Last Run               Last # of DB Queries
-------------------------------------  -----  ---------  --------  ----------  --------------  -------------------  ----------------------
/opt/airflow/dags/etl_calories_dag.py                           1           0  0.71s           2025-02-12T20:09:32                      12
/opt/airflow/dags/welcom_dag.py                                 1           0  0.30s           2025-02-12T20:09:55                      12
================================================================================
[2025-02-12T20:10:29.708+0000] {manager.py:997} INFO - 
================================================================================
DAG File Processing Stats

File Path                              PID    Runtime      # DAGs    # Errors  Last Runtime    Last Run               Last # of DB Queries
-------------------------------------  -----  ---------  --------  ----------  --------------  -------------------  ----------------------
/opt/airflow/dags/etl_calories_dag.py                           1           0  0.70s           2025-02-12T20:10:03                      12
/opt/airflow/dags/welcom_dag.py                                 1           0  0.20s           2025-02-12T20:10:27                      12
================================================================================
[2025-02-12T20:11:01.984+0000] {manager.py:997} INFO - 
================================================================================
DAG File Processing Stats

File Path                              PID    Runtime      # DAGs    # Errors  Last Runtime    Last Run               Last # of DB Queries
-------------------------------------  -----  ---------  --------  ----------  --------------  -------------------  ----------------------
/opt/airflow/dags/etl_calories_dag.py                           1           0  0.70s           2025-02-12T20:10:35                      12
/opt/airflow/dags/welcom_dag.py                                 1           0  0.20s           2025-02-12T20:10:59                      12
================================================================================
[2025-02-12T20:11:34.382+0000] {manager.py:997} INFO - 
================================================================================
DAG File Processing Stats

File Path                              PID    Runtime      # DAGs    # Errors  Last Runtime    Last Run               Last # of DB Queries
-------------------------------------  -----  ---------  --------  ----------  --------------  -------------------  ----------------------
/opt/airflow/dags/etl_calories_dag.py                           1           0  0.70s           2025-02-12T20:11:07                      12
/opt/airflow/dags/welcom_dag.py                                 1           0  0.30s           2025-02-12T20:11:30                      12
================================================================================
[2025-02-12T20:12:06.683+0000] {manager.py:997} INFO - 
================================================================================
DAG File Processing Stats

File Path                              PID    Runtime      # DAGs    # Errors  Last Runtime    Last Run               Last # of DB Queries
-------------------------------------  -----  ---------  --------  ----------  --------------  -------------------  ----------------------
/opt/airflow/dags/welcom_dag.py                                 1           0  1.28s           2025-02-12T20:12:02                      12
/opt/airflow/dags/etl_calories_dag.py                           1           0  0.70s           2025-02-12T20:11:38                      12
================================================================================
[2025-02-12T20:12:21.346+0000] {manager.py:821} INFO - Searching for files in /opt/airflow/dags
[2025-02-12T20:12:21.401+0000] {manager.py:824} INFO - There are 2 files in /opt/airflow/dags
[2025-02-12T20:12:38.978+0000] {manager.py:997} INFO - 
================================================================================
DAG File Processing Stats

File Path                              PID    Runtime      # DAGs    # Errors  Last Runtime    Last Run               Last # of DB Queries
-------------------------------------  -----  ---------  --------  ----------  --------------  -------------------  ----------------------
/opt/airflow/dags/etl_calories_dag.py                           1           0  0.70s           2025-02-12T20:12:09                      12
/opt/airflow/dags/welcom_dag.py                                 1           0  0.20s           2025-02-12T20:12:34                      12
================================================================================
[2025-02-12T20:13:11.646+0000] {manager.py:997} INFO - 
================================================================================
DAG File Processing Stats

File Path                              PID    Runtime      # DAGs    # Errors  Last Runtime    Last Run               Last # of DB Queries
-------------------------------------  -----  ---------  --------  ----------  --------------  -------------------  ----------------------
/opt/airflow/dags/etl_calories_dag.py                           1           0  0.71s           2025-02-12T20:13:11                      12
/opt/airflow/dags/welcom_dag.py                                 1           0  0.20s           2025-02-12T20:13:06                      12
================================================================================
[2025-02-12T20:13:44.557+0000] {manager.py:997} INFO - 
================================================================================
DAG File Processing Stats

File Path                              PID    Runtime      # DAGs    # Errors  Last Runtime    Last Run               Last # of DB Queries
-------------------------------------  -----  ---------  --------  ----------  --------------  -------------------  ----------------------
/opt/airflow/dags/etl_calories_dag.py                           1           0  0.70s           2025-02-12T20:13:43                      12
/opt/airflow/dags/welcom_dag.py                                 1           0  0.21s           2025-02-12T20:13:37                      12
================================================================================
[2025-02-12T20:14:17.150+0000] {manager.py:997} INFO - 
================================================================================
DAG File Processing Stats

File Path                              PID    Runtime      # DAGs    # Errors  Last Runtime    Last Run               Last # of DB Queries
-------------------------------------  -----  ---------  --------  ----------  --------------  -------------------  ----------------------
/opt/airflow/dags/etl_calories_dag.py                           1           0  0.70s           2025-02-12T20:14:14                      12
/opt/airflow/dags/welcom_dag.py                                 1           0  0.20s           2025-02-12T20:14:09                      12
================================================================================
[2025-02-12T20:14:48.956+0000] {manager.py:997} INFO - 
================================================================================
DAG File Processing Stats

File Path                              PID    Runtime      # DAGs    # Errors  Last Runtime    Last Run               Last # of DB Queries
-------------------------------------  -----  ---------  --------  ----------  --------------  -------------------  ----------------------
/opt/airflow/dags/etl_calories_dag.py                           1           0  0.71s           2025-02-12T20:14:45                      12
/opt/airflow/dags/welcom_dag.py                                 1           0  0.20s           2025-02-12T20:14:41                      12
================================================================================
[2025-02-12T20:15:21.716+0000] {manager.py:997} INFO - 
================================================================================
DAG File Processing Stats

File Path                              PID    Runtime      # DAGs    # Errors  Last Runtime    Last Run               Last # of DB Queries
-------------------------------------  -----  ---------  --------  ----------  --------------  -------------------  ----------------------
/opt/airflow/dags/etl_calories_dag.py                           1           0  0.70s           2025-02-12T20:15:16                      12
/opt/airflow/dags/welcom_dag.py                                 1           0  0.20s           2025-02-12T20:15:13                      12
================================================================================
[2025-02-12T20:15:53.580+0000] {manager.py:997} INFO - 
================================================================================
DAG File Processing Stats

File Path                              PID    Runtime      # DAGs    # Errors  Last Runtime    Last Run               Last # of DB Queries
-------------------------------------  -----  ---------  --------  ----------  --------------  -------------------  ----------------------
/opt/airflow/dags/etl_calories_dag.py                           1           0  1.11s           2025-02-12T20:15:48                      12
/opt/airflow/dags/welcom_dag.py                                 1           0  0.30s           2025-02-12T20:15:44                      12
================================================================================
[2025-02-12T20:16:25.427+0000] {manager.py:997} INFO - 
================================================================================
DAG File Processing Stats

File Path                              PID    Runtime      # DAGs    # Errors  Last Runtime    Last Run               Last # of DB Queries
-------------------------------------  -----  ---------  --------  ----------  --------------  -------------------  ----------------------
/opt/airflow/dags/etl_calories_dag.py                           1           0  0.70s           2025-02-12T20:16:19                      12
/opt/airflow/dags/welcom_dag.py                                 1           0  0.30s           2025-02-12T20:16:16                      12
================================================================================
