[2025-08-06T14:33:47.967+0000] {local_task_job_runner.py:123} INFO - ::group::Pre task execution logs
[2025-08-06T14:33:47.990+0000] {taskinstance.py:2614} INFO - Dependencies all met for dep_context=non-requeueable deps ti=<TaskInstance: API_JSON_to_stg.truncate_stg_table manual__2025-07-14T21:47:13.236590+00:00 [queued]>
[2025-08-06T14:33:48.002+0000] {taskinstance.py:2614} INFO - Dependencies all met for dep_context=requeueable deps ti=<TaskInstance: API_JSON_to_stg.truncate_stg_table manual__2025-07-14T21:47:13.236590+00:00 [queued]>
[2025-08-06T14:33:48.003+0000] {taskinstance.py:2867} INFO - Starting attempt 1 of 1
[2025-08-06T14:33:48.025+0000] {taskinstance.py:2890} INFO - Executing <Task(SQLExecuteQueryOperator): truncate_stg_table> on 2025-07-14 21:47:13.236590+00:00
[2025-08-06T14:33:48.034+0000] {standard_task_runner.py:104} INFO - Running: ['***', 'tasks', 'run', 'API_JSON_to_stg', 'truncate_stg_table', 'manual__2025-07-14T21:47:13.236590+00:00', '--job-id', '1481', '--raw', '--subdir', 'DAGS_FOLDER/1_pipeline_api_to_psql.py', '--cfg-path', '/tmp/tmpj26xhhrq']
[2025-08-06T14:33:48.038+0000] {standard_task_runner.py:105} INFO - Job 1481: Subtask truncate_stg_table
[2025-08-06T14:33:48.039+0000] {logging_mixin.py:190} WARNING - /home/***/.local/lib/python3.12/site-packages/***/task/task_runner/standard_task_runner.py:70 DeprecationWarning: This process (pid=217) is multi-threaded, use of fork() may lead to deadlocks in the child.
[2025-08-06T14:33:48.040+0000] {standard_task_runner.py:72} INFO - Started process 218 to run task
[2025-08-06T14:33:48.116+0000] {task_command.py:467} INFO - Running <TaskInstance: API_JSON_to_stg.truncate_stg_table manual__2025-07-14T21:47:13.236590+00:00 [running]> on host fc40bc5a8e74
[2025-08-06T14:33:48.250+0000] {taskinstance.py:3134} INFO - Exporting env vars: AIRFLOW_CTX_DAG_OWNER='***' AIRFLOW_CTX_DAG_ID='API_JSON_to_stg' AIRFLOW_CTX_TASK_ID='truncate_stg_table' AIRFLOW_CTX_EXECUTION_DATE='2025-07-14T21:47:13.236590+00:00' AIRFLOW_CTX_TRY_NUMBER='1' AIRFLOW_CTX_DAG_RUN_ID='manual__2025-07-14T21:47:13.236590+00:00'
[2025-08-06T14:33:48.251+0000] {taskinstance.py:732} INFO - ::endgroup::
[2025-08-06T14:33:48.294+0000] {sql.py:295} INFO - Executing: 
        DROP TABLE IF EXISTS stg_clients CASCADE;
        DROP TABLE IF EXISTS stg_posts CASCADE;
        DROP TABLE IF EXISTS stg_unmanaged_clients CASCADE;
        DROP TABLE IF EXISTS stg_insights CASCADE;
    
[2025-08-06T14:33:48.312+0000] {base.py:84} INFO - Retrieving connection 'postgres'
[2025-08-06T14:33:48.332+0000] {base.py:84} INFO - Retrieving connection 'postgres'
[2025-08-06T14:33:48.398+0000] {sql.py:511} INFO - Running statement: 
        DROP TABLE IF EXISTS stg_clients CASCADE;
        DROP TABLE IF EXISTS stg_posts CASCADE;
        DROP TABLE IF EXISTS stg_unmanaged_clients CASCADE;
        DROP TABLE IF EXISTS stg_insights CASCADE;
    , parameters: None
[2025-08-06T14:33:48.439+0000] {logging_mixin.py:190} WARNING - /home/***/.local/lib/python3.12/site-packages/***/providers/common/sql/hooks/sql.py:470 DeprecationWarning: Import of fetch_all_handler from the '***.providers.common.sql.hooks' module is deprecated and will
be removed in the future. Please import it from '***.providers.common.sql.hooks.handlers'.
[2025-08-06T14:33:48.441+0000] {logging_mixin.py:190} WARNING - /home/***/.local/lib/python3.12/site-packages/***/providers/common/sql/hooks/sql.py:471 DeprecationWarning: Import of return_single_query_results from the '***.providers.common.sql.hooks' module is deprecated and will
be removed in the future. Please import it from '***.providers.common.sql.hooks.handlers'.
[2025-08-06T14:33:48.523+0000] {logging_mixin.py:190} WARNING - /home/***/.local/lib/python3.12/site-packages/***/providers/common/sql/hooks/sql.py:486 DeprecationWarning: Import of return_single_query_results from the '***.providers.common.sql.hooks' module is deprecated and will
be removed in the future. Please import it from '***.providers.common.sql.hooks.handlers'.
[2025-08-06T14:33:48.527+0000] {logging_mixin.py:190} WARNING - /home/***/.local/lib/python3.12/site-packages/***/providers/common/sql/operators/sql.py:311 DeprecationWarning: Import of return_single_query_results from the '***.providers.common.sql.hooks' module is deprecated and will
be removed in the future. Please import it from '***.providers.common.sql.hooks.handlers'.
[2025-08-06T14:33:48.546+0000] {taskinstance.py:341} INFO - ::group::Post task execution logs
[2025-08-06T14:33:48.548+0000] {taskinstance.py:353} INFO - Marking task as SUCCESS. dag_id=API_JSON_to_stg, task_id=truncate_stg_table, run_id=manual__2025-07-14T21:47:13.236590+00:00, execution_date=20250714T214713, start_date=20250806T143347, end_date=20250806T143348
[2025-08-06T14:33:48.619+0000] {local_task_job_runner.py:266} INFO - Task exited with return code 0
[2025-08-06T14:33:48.641+0000] {taskinstance.py:3901} INFO - 0 downstream tasks scheduled from follow-on schedule check
[2025-08-06T14:33:48.645+0000] {local_task_job_runner.py:245} INFO - ::endgroup::
