[2025-08-06T14:13:54.558+0000] {processor.py:186} INFO - Started process (PID=172) to work on /opt/airflow/dags/3_pipeline_ods_to_dw.py
[2025-08-06T14:13:54.560+0000] {processor.py:914} INFO - Processing file /opt/airflow/dags/3_pipeline_ods_to_dw.py for tasks to queue
[2025-08-06T14:13:54.565+0000] {logging_mixin.py:190} INFO - [2025-08-06T14:13:54.564+0000] {dagbag.py:588} INFO - Filling up the DagBag from /opt/airflow/dags/3_pipeline_ods_to_dw.py
[2025-08-06T14:13:54.603+0000] {processor.py:925} INFO - DAG(s) 'ods_to_dw' retrieved from /opt/airflow/dags/3_pipeline_ods_to_dw.py
[2025-08-06T14:13:54.677+0000] {logging_mixin.py:190} INFO - [2025-08-06T14:13:54.677+0000] {dag.py:3239} INFO - Sync 1 DAGs
[2025-08-06T14:13:54.734+0000] {logging_mixin.py:190} INFO - [2025-08-06T14:13:54.733+0000] {dag.py:4180} INFO - Setting next_dagrun for ods_to_dw to None, run_after=None
[2025-08-06T14:13:54.772+0000] {processor.py:208} INFO - Processing /opt/airflow/dags/3_pipeline_ods_to_dw.py took 0.222 seconds
[2025-08-06T14:14:25.144+0000] {processor.py:186} INFO - Started process (PID=187) to work on /opt/airflow/dags/3_pipeline_ods_to_dw.py
[2025-08-06T14:14:25.145+0000] {processor.py:914} INFO - Processing file /opt/airflow/dags/3_pipeline_ods_to_dw.py for tasks to queue
[2025-08-06T14:14:25.149+0000] {logging_mixin.py:190} INFO - [2025-08-06T14:14:25.149+0000] {dagbag.py:588} INFO - Filling up the DagBag from /opt/airflow/dags/3_pipeline_ods_to_dw.py
[2025-08-06T14:14:25.177+0000] {processor.py:925} INFO - DAG(s) 'ods_to_dw' retrieved from /opt/airflow/dags/3_pipeline_ods_to_dw.py
[2025-08-06T14:14:25.210+0000] {logging_mixin.py:190} INFO - [2025-08-06T14:14:25.210+0000] {dag.py:3239} INFO - Sync 1 DAGs
[2025-08-06T14:14:25.228+0000] {logging_mixin.py:190} INFO - [2025-08-06T14:14:25.227+0000] {dag.py:4180} INFO - Setting next_dagrun for ods_to_dw to None, run_after=None
[2025-08-06T14:14:25.251+0000] {processor.py:208} INFO - Processing /opt/airflow/dags/3_pipeline_ods_to_dw.py took 0.116 seconds
[2025-08-06T14:14:55.612+0000] {processor.py:186} INFO - Started process (PID=202) to work on /opt/airflow/dags/3_pipeline_ods_to_dw.py
[2025-08-06T14:14:55.613+0000] {processor.py:914} INFO - Processing file /opt/airflow/dags/3_pipeline_ods_to_dw.py for tasks to queue
[2025-08-06T14:14:55.615+0000] {logging_mixin.py:190} INFO - [2025-08-06T14:14:55.615+0000] {dagbag.py:588} INFO - Filling up the DagBag from /opt/airflow/dags/3_pipeline_ods_to_dw.py
[2025-08-06T14:14:55.639+0000] {processor.py:925} INFO - DAG(s) 'ods_to_dw' retrieved from /opt/airflow/dags/3_pipeline_ods_to_dw.py
[2025-08-06T14:14:55.670+0000] {logging_mixin.py:190} INFO - [2025-08-06T14:14:55.670+0000] {dag.py:3239} INFO - Sync 1 DAGs
[2025-08-06T14:14:55.688+0000] {logging_mixin.py:190} INFO - [2025-08-06T14:14:55.688+0000] {dag.py:4180} INFO - Setting next_dagrun for ods_to_dw to None, run_after=None
[2025-08-06T14:14:55.712+0000] {processor.py:208} INFO - Processing /opt/airflow/dags/3_pipeline_ods_to_dw.py took 0.106 seconds
[2025-08-06T14:15:26.037+0000] {processor.py:186} INFO - Started process (PID=217) to work on /opt/airflow/dags/3_pipeline_ods_to_dw.py
[2025-08-06T14:15:26.038+0000] {processor.py:914} INFO - Processing file /opt/airflow/dags/3_pipeline_ods_to_dw.py for tasks to queue
[2025-08-06T14:15:26.040+0000] {logging_mixin.py:190} INFO - [2025-08-06T14:15:26.040+0000] {dagbag.py:588} INFO - Filling up the DagBag from /opt/airflow/dags/3_pipeline_ods_to_dw.py
[2025-08-06T14:15:26.063+0000] {processor.py:925} INFO - DAG(s) 'ods_to_dw' retrieved from /opt/airflow/dags/3_pipeline_ods_to_dw.py
[2025-08-06T14:15:26.095+0000] {logging_mixin.py:190} INFO - [2025-08-06T14:15:26.095+0000] {dag.py:3239} INFO - Sync 1 DAGs
[2025-08-06T14:15:26.111+0000] {logging_mixin.py:190} INFO - [2025-08-06T14:15:26.111+0000] {dag.py:4180} INFO - Setting next_dagrun for ods_to_dw to None, run_after=None
[2025-08-06T14:15:26.136+0000] {processor.py:208} INFO - Processing /opt/airflow/dags/3_pipeline_ods_to_dw.py took 0.106 seconds
[2025-08-06T14:15:56.491+0000] {processor.py:186} INFO - Started process (PID=232) to work on /opt/airflow/dags/3_pipeline_ods_to_dw.py
[2025-08-06T14:15:56.492+0000] {processor.py:914} INFO - Processing file /opt/airflow/dags/3_pipeline_ods_to_dw.py for tasks to queue
[2025-08-06T14:15:56.495+0000] {logging_mixin.py:190} INFO - [2025-08-06T14:15:56.495+0000] {dagbag.py:588} INFO - Filling up the DagBag from /opt/airflow/dags/3_pipeline_ods_to_dw.py
[2025-08-06T14:15:56.521+0000] {processor.py:925} INFO - DAG(s) 'ods_to_dw' retrieved from /opt/airflow/dags/3_pipeline_ods_to_dw.py
[2025-08-06T14:15:56.555+0000] {logging_mixin.py:190} INFO - [2025-08-06T14:15:56.555+0000] {dag.py:3239} INFO - Sync 1 DAGs
[2025-08-06T14:15:56.582+0000] {logging_mixin.py:190} INFO - [2025-08-06T14:15:56.581+0000] {dag.py:4180} INFO - Setting next_dagrun for ods_to_dw to None, run_after=None
[2025-08-06T14:15:56.609+0000] {processor.py:208} INFO - Processing /opt/airflow/dags/3_pipeline_ods_to_dw.py took 0.125 seconds
[2025-08-06T14:16:26.987+0000] {processor.py:186} INFO - Started process (PID=247) to work on /opt/airflow/dags/3_pipeline_ods_to_dw.py
[2025-08-06T14:16:26.989+0000] {processor.py:914} INFO - Processing file /opt/airflow/dags/3_pipeline_ods_to_dw.py for tasks to queue
[2025-08-06T14:16:26.991+0000] {logging_mixin.py:190} INFO - [2025-08-06T14:16:26.991+0000] {dagbag.py:588} INFO - Filling up the DagBag from /opt/airflow/dags/3_pipeline_ods_to_dw.py
[2025-08-06T14:16:27.015+0000] {processor.py:925} INFO - DAG(s) 'ods_to_dw' retrieved from /opt/airflow/dags/3_pipeline_ods_to_dw.py
[2025-08-06T14:16:27.047+0000] {logging_mixin.py:190} INFO - [2025-08-06T14:16:27.047+0000] {dag.py:3239} INFO - Sync 1 DAGs
[2025-08-06T14:16:27.064+0000] {logging_mixin.py:190} INFO - [2025-08-06T14:16:27.064+0000] {dag.py:4180} INFO - Setting next_dagrun for ods_to_dw to None, run_after=None
[2025-08-06T14:16:27.088+0000] {processor.py:208} INFO - Processing /opt/airflow/dags/3_pipeline_ods_to_dw.py took 0.107 seconds
[2025-08-06T14:16:57.452+0000] {processor.py:186} INFO - Started process (PID=262) to work on /opt/airflow/dags/3_pipeline_ods_to_dw.py
[2025-08-06T14:16:57.453+0000] {processor.py:914} INFO - Processing file /opt/airflow/dags/3_pipeline_ods_to_dw.py for tasks to queue
[2025-08-06T14:16:57.455+0000] {logging_mixin.py:190} INFO - [2025-08-06T14:16:57.455+0000] {dagbag.py:588} INFO - Filling up the DagBag from /opt/airflow/dags/3_pipeline_ods_to_dw.py
[2025-08-06T14:16:57.478+0000] {processor.py:925} INFO - DAG(s) 'ods_to_dw' retrieved from /opt/airflow/dags/3_pipeline_ods_to_dw.py
[2025-08-06T14:16:57.510+0000] {logging_mixin.py:190} INFO - [2025-08-06T14:16:57.510+0000] {dag.py:3239} INFO - Sync 1 DAGs
[2025-08-06T14:16:57.527+0000] {logging_mixin.py:190} INFO - [2025-08-06T14:16:57.527+0000] {dag.py:4180} INFO - Setting next_dagrun for ods_to_dw to None, run_after=None
[2025-08-06T14:16:57.550+0000] {processor.py:208} INFO - Processing /opt/airflow/dags/3_pipeline_ods_to_dw.py took 0.105 seconds
[2025-08-06T14:17:27.897+0000] {processor.py:186} INFO - Started process (PID=277) to work on /opt/airflow/dags/3_pipeline_ods_to_dw.py
[2025-08-06T14:17:27.898+0000] {processor.py:914} INFO - Processing file /opt/airflow/dags/3_pipeline_ods_to_dw.py for tasks to queue
[2025-08-06T14:17:27.901+0000] {logging_mixin.py:190} INFO - [2025-08-06T14:17:27.901+0000] {dagbag.py:588} INFO - Filling up the DagBag from /opt/airflow/dags/3_pipeline_ods_to_dw.py
[2025-08-06T14:17:27.925+0000] {processor.py:925} INFO - DAG(s) 'ods_to_dw' retrieved from /opt/airflow/dags/3_pipeline_ods_to_dw.py
[2025-08-06T14:17:27.959+0000] {logging_mixin.py:190} INFO - [2025-08-06T14:17:27.959+0000] {dag.py:3239} INFO - Sync 1 DAGs
[2025-08-06T14:17:27.977+0000] {logging_mixin.py:190} INFO - [2025-08-06T14:17:27.977+0000] {dag.py:4180} INFO - Setting next_dagrun for ods_to_dw to None, run_after=None
[2025-08-06T14:17:28.003+0000] {processor.py:208} INFO - Processing /opt/airflow/dags/3_pipeline_ods_to_dw.py took 0.112 seconds
[2025-08-06T14:17:58.363+0000] {processor.py:186} INFO - Started process (PID=292) to work on /opt/airflow/dags/3_pipeline_ods_to_dw.py
[2025-08-06T14:17:58.365+0000] {processor.py:914} INFO - Processing file /opt/airflow/dags/3_pipeline_ods_to_dw.py for tasks to queue
[2025-08-06T14:17:58.367+0000] {logging_mixin.py:190} INFO - [2025-08-06T14:17:58.367+0000] {dagbag.py:588} INFO - Filling up the DagBag from /opt/airflow/dags/3_pipeline_ods_to_dw.py
[2025-08-06T14:17:58.393+0000] {processor.py:925} INFO - DAG(s) 'ods_to_dw' retrieved from /opt/airflow/dags/3_pipeline_ods_to_dw.py
[2025-08-06T14:17:58.425+0000] {logging_mixin.py:190} INFO - [2025-08-06T14:17:58.424+0000] {dag.py:3239} INFO - Sync 1 DAGs
[2025-08-06T14:17:58.444+0000] {logging_mixin.py:190} INFO - [2025-08-06T14:17:58.444+0000] {dag.py:4180} INFO - Setting next_dagrun for ods_to_dw to None, run_after=None
[2025-08-06T14:17:58.468+0000] {processor.py:208} INFO - Processing /opt/airflow/dags/3_pipeline_ods_to_dw.py took 0.111 seconds
[2025-08-06T14:18:28.829+0000] {processor.py:186} INFO - Started process (PID=307) to work on /opt/airflow/dags/3_pipeline_ods_to_dw.py
[2025-08-06T14:18:28.830+0000] {processor.py:914} INFO - Processing file /opt/airflow/dags/3_pipeline_ods_to_dw.py for tasks to queue
[2025-08-06T14:18:28.833+0000] {logging_mixin.py:190} INFO - [2025-08-06T14:18:28.833+0000] {dagbag.py:588} INFO - Filling up the DagBag from /opt/airflow/dags/3_pipeline_ods_to_dw.py
[2025-08-06T14:18:28.855+0000] {processor.py:925} INFO - DAG(s) 'ods_to_dw' retrieved from /opt/airflow/dags/3_pipeline_ods_to_dw.py
[2025-08-06T14:18:28.886+0000] {logging_mixin.py:190} INFO - [2025-08-06T14:18:28.886+0000] {dag.py:3239} INFO - Sync 1 DAGs
[2025-08-06T14:18:28.904+0000] {logging_mixin.py:190} INFO - [2025-08-06T14:18:28.904+0000] {dag.py:4180} INFO - Setting next_dagrun for ods_to_dw to None, run_after=None
[2025-08-06T14:18:28.928+0000] {processor.py:208} INFO - Processing /opt/airflow/dags/3_pipeline_ods_to_dw.py took 0.105 seconds
[2025-08-06T14:18:59.396+0000] {processor.py:186} INFO - Started process (PID=322) to work on /opt/airflow/dags/3_pipeline_ods_to_dw.py
[2025-08-06T14:18:59.397+0000] {processor.py:914} INFO - Processing file /opt/airflow/dags/3_pipeline_ods_to_dw.py for tasks to queue
[2025-08-06T14:18:59.400+0000] {logging_mixin.py:190} INFO - [2025-08-06T14:18:59.400+0000] {dagbag.py:588} INFO - Filling up the DagBag from /opt/airflow/dags/3_pipeline_ods_to_dw.py
[2025-08-06T14:18:59.425+0000] {processor.py:925} INFO - DAG(s) 'ods_to_dw' retrieved from /opt/airflow/dags/3_pipeline_ods_to_dw.py
[2025-08-06T14:18:59.457+0000] {logging_mixin.py:190} INFO - [2025-08-06T14:18:59.457+0000] {dag.py:3239} INFO - Sync 1 DAGs
[2025-08-06T14:18:59.474+0000] {logging_mixin.py:190} INFO - [2025-08-06T14:18:59.474+0000] {dag.py:4180} INFO - Setting next_dagrun for ods_to_dw to None, run_after=None
[2025-08-06T14:18:59.501+0000] {processor.py:208} INFO - Processing /opt/airflow/dags/3_pipeline_ods_to_dw.py took 0.112 seconds
[2025-08-06T14:19:29.856+0000] {processor.py:186} INFO - Started process (PID=337) to work on /opt/airflow/dags/3_pipeline_ods_to_dw.py
[2025-08-06T14:19:29.857+0000] {processor.py:914} INFO - Processing file /opt/airflow/dags/3_pipeline_ods_to_dw.py for tasks to queue
[2025-08-06T14:19:29.859+0000] {logging_mixin.py:190} INFO - [2025-08-06T14:19:29.859+0000] {dagbag.py:588} INFO - Filling up the DagBag from /opt/airflow/dags/3_pipeline_ods_to_dw.py
[2025-08-06T14:19:29.882+0000] {processor.py:925} INFO - DAG(s) 'ods_to_dw' retrieved from /opt/airflow/dags/3_pipeline_ods_to_dw.py
[2025-08-06T14:19:29.914+0000] {logging_mixin.py:190} INFO - [2025-08-06T14:19:29.913+0000] {dag.py:3239} INFO - Sync 1 DAGs
[2025-08-06T14:19:29.930+0000] {logging_mixin.py:190} INFO - [2025-08-06T14:19:29.929+0000] {dag.py:4180} INFO - Setting next_dagrun for ods_to_dw to None, run_after=None
[2025-08-06T14:19:29.954+0000] {processor.py:208} INFO - Processing /opt/airflow/dags/3_pipeline_ods_to_dw.py took 0.105 seconds
[2025-08-06T14:20:00.324+0000] {processor.py:186} INFO - Started process (PID=352) to work on /opt/airflow/dags/3_pipeline_ods_to_dw.py
[2025-08-06T14:20:00.325+0000] {processor.py:914} INFO - Processing file /opt/airflow/dags/3_pipeline_ods_to_dw.py for tasks to queue
[2025-08-06T14:20:00.328+0000] {logging_mixin.py:190} INFO - [2025-08-06T14:20:00.327+0000] {dagbag.py:588} INFO - Filling up the DagBag from /opt/airflow/dags/3_pipeline_ods_to_dw.py
[2025-08-06T14:20:00.355+0000] {processor.py:925} INFO - DAG(s) 'ods_to_dw' retrieved from /opt/airflow/dags/3_pipeline_ods_to_dw.py
[2025-08-06T14:20:00.400+0000] {logging_mixin.py:190} INFO - [2025-08-06T14:20:00.400+0000] {dag.py:3239} INFO - Sync 1 DAGs
[2025-08-06T14:20:00.424+0000] {logging_mixin.py:190} INFO - [2025-08-06T14:20:00.424+0000] {dag.py:4180} INFO - Setting next_dagrun for ods_to_dw to None, run_after=None
[2025-08-06T14:20:00.455+0000] {processor.py:208} INFO - Processing /opt/airflow/dags/3_pipeline_ods_to_dw.py took 0.139 seconds
[2025-08-06T14:20:30.794+0000] {processor.py:186} INFO - Started process (PID=367) to work on /opt/airflow/dags/3_pipeline_ods_to_dw.py
[2025-08-06T14:20:30.795+0000] {processor.py:914} INFO - Processing file /opt/airflow/dags/3_pipeline_ods_to_dw.py for tasks to queue
[2025-08-06T14:20:30.798+0000] {logging_mixin.py:190} INFO - [2025-08-06T14:20:30.797+0000] {dagbag.py:588} INFO - Filling up the DagBag from /opt/airflow/dags/3_pipeline_ods_to_dw.py
[2025-08-06T14:20:30.823+0000] {processor.py:925} INFO - DAG(s) 'ods_to_dw' retrieved from /opt/airflow/dags/3_pipeline_ods_to_dw.py
[2025-08-06T14:20:30.859+0000] {logging_mixin.py:190} INFO - [2025-08-06T14:20:30.859+0000] {dag.py:3239} INFO - Sync 1 DAGs
[2025-08-06T14:20:30.880+0000] {logging_mixin.py:190} INFO - [2025-08-06T14:20:30.880+0000] {dag.py:4180} INFO - Setting next_dagrun for ods_to_dw to None, run_after=None
[2025-08-06T14:20:30.908+0000] {processor.py:208} INFO - Processing /opt/airflow/dags/3_pipeline_ods_to_dw.py took 0.121 seconds
[2025-08-06T14:21:01.271+0000] {processor.py:186} INFO - Started process (PID=382) to work on /opt/airflow/dags/3_pipeline_ods_to_dw.py
[2025-08-06T14:21:01.273+0000] {processor.py:914} INFO - Processing file /opt/airflow/dags/3_pipeline_ods_to_dw.py for tasks to queue
[2025-08-06T14:21:01.275+0000] {logging_mixin.py:190} INFO - [2025-08-06T14:21:01.275+0000] {dagbag.py:588} INFO - Filling up the DagBag from /opt/airflow/dags/3_pipeline_ods_to_dw.py
[2025-08-06T14:21:01.299+0000] {processor.py:925} INFO - DAG(s) 'ods_to_dw' retrieved from /opt/airflow/dags/3_pipeline_ods_to_dw.py
[2025-08-06T14:21:01.332+0000] {logging_mixin.py:190} INFO - [2025-08-06T14:21:01.332+0000] {dag.py:3239} INFO - Sync 1 DAGs
[2025-08-06T14:21:01.352+0000] {logging_mixin.py:190} INFO - [2025-08-06T14:21:01.352+0000] {dag.py:4180} INFO - Setting next_dagrun for ods_to_dw to None, run_after=None
[2025-08-06T14:21:01.377+0000] {processor.py:208} INFO - Processing /opt/airflow/dags/3_pipeline_ods_to_dw.py took 0.113 seconds
[2025-08-06T14:21:31.767+0000] {processor.py:186} INFO - Started process (PID=397) to work on /opt/airflow/dags/3_pipeline_ods_to_dw.py
[2025-08-06T14:21:31.768+0000] {processor.py:914} INFO - Processing file /opt/airflow/dags/3_pipeline_ods_to_dw.py for tasks to queue
[2025-08-06T14:21:31.771+0000] {logging_mixin.py:190} INFO - [2025-08-06T14:21:31.771+0000] {dagbag.py:588} INFO - Filling up the DagBag from /opt/airflow/dags/3_pipeline_ods_to_dw.py
[2025-08-06T14:21:31.794+0000] {processor.py:925} INFO - DAG(s) 'ods_to_dw' retrieved from /opt/airflow/dags/3_pipeline_ods_to_dw.py
[2025-08-06T14:21:31.826+0000] {logging_mixin.py:190} INFO - [2025-08-06T14:21:31.825+0000] {dag.py:3239} INFO - Sync 1 DAGs
[2025-08-06T14:21:31.842+0000] {logging_mixin.py:190} INFO - [2025-08-06T14:21:31.842+0000] {dag.py:4180} INFO - Setting next_dagrun for ods_to_dw to None, run_after=None
[2025-08-06T14:21:31.866+0000] {processor.py:208} INFO - Processing /opt/airflow/dags/3_pipeline_ods_to_dw.py took 0.106 seconds
[2025-08-06T14:22:02.239+0000] {processor.py:186} INFO - Started process (PID=412) to work on /opt/airflow/dags/3_pipeline_ods_to_dw.py
[2025-08-06T14:22:02.240+0000] {processor.py:914} INFO - Processing file /opt/airflow/dags/3_pipeline_ods_to_dw.py for tasks to queue
[2025-08-06T14:22:02.243+0000] {logging_mixin.py:190} INFO - [2025-08-06T14:22:02.242+0000] {dagbag.py:588} INFO - Filling up the DagBag from /opt/airflow/dags/3_pipeline_ods_to_dw.py
[2025-08-06T14:22:02.268+0000] {processor.py:925} INFO - DAG(s) 'ods_to_dw' retrieved from /opt/airflow/dags/3_pipeline_ods_to_dw.py
[2025-08-06T14:22:02.300+0000] {logging_mixin.py:190} INFO - [2025-08-06T14:22:02.300+0000] {dag.py:3239} INFO - Sync 1 DAGs
[2025-08-06T14:22:02.317+0000] {logging_mixin.py:190} INFO - [2025-08-06T14:22:02.316+0000] {dag.py:4180} INFO - Setting next_dagrun for ods_to_dw to None, run_after=None
[2025-08-06T14:22:02.340+0000] {processor.py:208} INFO - Processing /opt/airflow/dags/3_pipeline_ods_to_dw.py took 0.108 seconds
[2025-08-06T14:22:32.707+0000] {processor.py:186} INFO - Started process (PID=427) to work on /opt/airflow/dags/3_pipeline_ods_to_dw.py
[2025-08-06T14:22:32.708+0000] {processor.py:914} INFO - Processing file /opt/airflow/dags/3_pipeline_ods_to_dw.py for tasks to queue
[2025-08-06T14:22:32.711+0000] {logging_mixin.py:190} INFO - [2025-08-06T14:22:32.711+0000] {dagbag.py:588} INFO - Filling up the DagBag from /opt/airflow/dags/3_pipeline_ods_to_dw.py
[2025-08-06T14:22:32.734+0000] {processor.py:925} INFO - DAG(s) 'ods_to_dw' retrieved from /opt/airflow/dags/3_pipeline_ods_to_dw.py
[2025-08-06T14:22:32.766+0000] {logging_mixin.py:190} INFO - [2025-08-06T14:22:32.765+0000] {dag.py:3239} INFO - Sync 1 DAGs
[2025-08-06T14:22:32.782+0000] {logging_mixin.py:190} INFO - [2025-08-06T14:22:32.781+0000] {dag.py:4180} INFO - Setting next_dagrun for ods_to_dw to None, run_after=None
[2025-08-06T14:22:32.805+0000] {processor.py:208} INFO - Processing /opt/airflow/dags/3_pipeline_ods_to_dw.py took 0.105 seconds
[2025-08-06T14:23:03.166+0000] {processor.py:186} INFO - Started process (PID=442) to work on /opt/airflow/dags/3_pipeline_ods_to_dw.py
[2025-08-06T14:23:03.167+0000] {processor.py:914} INFO - Processing file /opt/airflow/dags/3_pipeline_ods_to_dw.py for tasks to queue
[2025-08-06T14:23:03.170+0000] {logging_mixin.py:190} INFO - [2025-08-06T14:23:03.170+0000] {dagbag.py:588} INFO - Filling up the DagBag from /opt/airflow/dags/3_pipeline_ods_to_dw.py
[2025-08-06T14:23:03.195+0000] {processor.py:925} INFO - DAG(s) 'ods_to_dw' retrieved from /opt/airflow/dags/3_pipeline_ods_to_dw.py
[2025-08-06T14:23:03.227+0000] {logging_mixin.py:190} INFO - [2025-08-06T14:23:03.227+0000] {dag.py:3239} INFO - Sync 1 DAGs
[2025-08-06T14:23:03.244+0000] {logging_mixin.py:190} INFO - [2025-08-06T14:23:03.244+0000] {dag.py:4180} INFO - Setting next_dagrun for ods_to_dw to None, run_after=None
[2025-08-06T14:23:03.269+0000] {processor.py:208} INFO - Processing /opt/airflow/dags/3_pipeline_ods_to_dw.py took 0.111 seconds
[2025-08-06T14:23:33.670+0000] {processor.py:186} INFO - Started process (PID=457) to work on /opt/airflow/dags/3_pipeline_ods_to_dw.py
[2025-08-06T14:23:33.671+0000] {processor.py:914} INFO - Processing file /opt/airflow/dags/3_pipeline_ods_to_dw.py for tasks to queue
[2025-08-06T14:23:33.673+0000] {logging_mixin.py:190} INFO - [2025-08-06T14:23:33.673+0000] {dagbag.py:588} INFO - Filling up the DagBag from /opt/airflow/dags/3_pipeline_ods_to_dw.py
[2025-08-06T14:23:33.697+0000] {processor.py:925} INFO - DAG(s) 'ods_to_dw' retrieved from /opt/airflow/dags/3_pipeline_ods_to_dw.py
[2025-08-06T14:23:33.729+0000] {logging_mixin.py:190} INFO - [2025-08-06T14:23:33.729+0000] {dag.py:3239} INFO - Sync 1 DAGs
[2025-08-06T14:23:33.745+0000] {logging_mixin.py:190} INFO - [2025-08-06T14:23:33.744+0000] {dag.py:4180} INFO - Setting next_dagrun for ods_to_dw to None, run_after=None
[2025-08-06T14:23:33.768+0000] {processor.py:208} INFO - Processing /opt/airflow/dags/3_pipeline_ods_to_dw.py took 0.105 seconds
[2025-08-06T14:24:04.259+0000] {processor.py:186} INFO - Started process (PID=472) to work on /opt/airflow/dags/3_pipeline_ods_to_dw.py
[2025-08-06T14:24:04.261+0000] {processor.py:914} INFO - Processing file /opt/airflow/dags/3_pipeline_ods_to_dw.py for tasks to queue
[2025-08-06T14:24:04.266+0000] {logging_mixin.py:190} INFO - [2025-08-06T14:24:04.265+0000] {dagbag.py:588} INFO - Filling up the DagBag from /opt/airflow/dags/3_pipeline_ods_to_dw.py
[2025-08-06T14:24:04.296+0000] {processor.py:925} INFO - DAG(s) 'ods_to_dw' retrieved from /opt/airflow/dags/3_pipeline_ods_to_dw.py
[2025-08-06T14:24:04.351+0000] {logging_mixin.py:190} INFO - [2025-08-06T14:24:04.350+0000] {dag.py:3239} INFO - Sync 1 DAGs
[2025-08-06T14:24:04.372+0000] {logging_mixin.py:190} INFO - [2025-08-06T14:24:04.372+0000] {dag.py:4180} INFO - Setting next_dagrun for ods_to_dw to None, run_after=None
[2025-08-06T14:24:04.411+0000] {processor.py:208} INFO - Processing /opt/airflow/dags/3_pipeline_ods_to_dw.py took 0.164 seconds
[2025-08-06T14:24:34.835+0000] {processor.py:186} INFO - Started process (PID=487) to work on /opt/airflow/dags/3_pipeline_ods_to_dw.py
[2025-08-06T14:24:34.836+0000] {processor.py:914} INFO - Processing file /opt/airflow/dags/3_pipeline_ods_to_dw.py for tasks to queue
[2025-08-06T14:24:34.839+0000] {logging_mixin.py:190} INFO - [2025-08-06T14:24:34.838+0000] {dagbag.py:588} INFO - Filling up the DagBag from /opt/airflow/dags/3_pipeline_ods_to_dw.py
[2025-08-06T14:24:34.863+0000] {processor.py:925} INFO - DAG(s) 'ods_to_dw' retrieved from /opt/airflow/dags/3_pipeline_ods_to_dw.py
[2025-08-06T14:24:34.896+0000] {logging_mixin.py:190} INFO - [2025-08-06T14:24:34.895+0000] {dag.py:3239} INFO - Sync 1 DAGs
[2025-08-06T14:24:34.913+0000] {logging_mixin.py:190} INFO - [2025-08-06T14:24:34.913+0000] {dag.py:4180} INFO - Setting next_dagrun for ods_to_dw to None, run_after=None
[2025-08-06T14:24:34.937+0000] {processor.py:208} INFO - Processing /opt/airflow/dags/3_pipeline_ods_to_dw.py took 0.108 seconds
[2025-08-06T14:25:05.311+0000] {processor.py:186} INFO - Started process (PID=502) to work on /opt/airflow/dags/3_pipeline_ods_to_dw.py
[2025-08-06T14:25:05.312+0000] {processor.py:914} INFO - Processing file /opt/airflow/dags/3_pipeline_ods_to_dw.py for tasks to queue
[2025-08-06T14:25:05.314+0000] {logging_mixin.py:190} INFO - [2025-08-06T14:25:05.314+0000] {dagbag.py:588} INFO - Filling up the DagBag from /opt/airflow/dags/3_pipeline_ods_to_dw.py
[2025-08-06T14:25:05.337+0000] {processor.py:925} INFO - DAG(s) 'ods_to_dw' retrieved from /opt/airflow/dags/3_pipeline_ods_to_dw.py
[2025-08-06T14:25:05.368+0000] {logging_mixin.py:190} INFO - [2025-08-06T14:25:05.368+0000] {dag.py:3239} INFO - Sync 1 DAGs
[2025-08-06T14:25:05.385+0000] {logging_mixin.py:190} INFO - [2025-08-06T14:25:05.385+0000] {dag.py:4180} INFO - Setting next_dagrun for ods_to_dw to None, run_after=None
[2025-08-06T14:25:05.411+0000] {processor.py:208} INFO - Processing /opt/airflow/dags/3_pipeline_ods_to_dw.py took 0.107 seconds
[2025-08-06T14:25:35.790+0000] {processor.py:186} INFO - Started process (PID=517) to work on /opt/airflow/dags/3_pipeline_ods_to_dw.py
[2025-08-06T14:25:35.791+0000] {processor.py:914} INFO - Processing file /opt/airflow/dags/3_pipeline_ods_to_dw.py for tasks to queue
[2025-08-06T14:25:35.793+0000] {logging_mixin.py:190} INFO - [2025-08-06T14:25:35.793+0000] {dagbag.py:588} INFO - Filling up the DagBag from /opt/airflow/dags/3_pipeline_ods_to_dw.py
[2025-08-06T14:25:35.820+0000] {processor.py:925} INFO - DAG(s) 'ods_to_dw' retrieved from /opt/airflow/dags/3_pipeline_ods_to_dw.py
[2025-08-06T14:25:35.855+0000] {logging_mixin.py:190} INFO - [2025-08-06T14:25:35.854+0000] {dag.py:3239} INFO - Sync 1 DAGs
[2025-08-06T14:25:35.873+0000] {logging_mixin.py:190} INFO - [2025-08-06T14:25:35.873+0000] {dag.py:4180} INFO - Setting next_dagrun for ods_to_dw to None, run_after=None
[2025-08-06T14:25:35.898+0000] {processor.py:208} INFO - Processing /opt/airflow/dags/3_pipeline_ods_to_dw.py took 0.115 seconds
[2025-08-06T14:26:06.270+0000] {processor.py:186} INFO - Started process (PID=532) to work on /opt/airflow/dags/3_pipeline_ods_to_dw.py
[2025-08-06T14:26:06.272+0000] {processor.py:914} INFO - Processing file /opt/airflow/dags/3_pipeline_ods_to_dw.py for tasks to queue
[2025-08-06T14:26:06.276+0000] {logging_mixin.py:190} INFO - [2025-08-06T14:26:06.275+0000] {dagbag.py:588} INFO - Filling up the DagBag from /opt/airflow/dags/3_pipeline_ods_to_dw.py
[2025-08-06T14:26:06.302+0000] {processor.py:925} INFO - DAG(s) 'ods_to_dw' retrieved from /opt/airflow/dags/3_pipeline_ods_to_dw.py
[2025-08-06T14:26:06.344+0000] {logging_mixin.py:190} INFO - [2025-08-06T14:26:06.343+0000] {dag.py:3239} INFO - Sync 1 DAGs
[2025-08-06T14:26:06.366+0000] {logging_mixin.py:190} INFO - [2025-08-06T14:26:06.365+0000] {dag.py:4180} INFO - Setting next_dagrun for ods_to_dw to None, run_after=None
[2025-08-06T14:26:06.318+0000] {processor.py:208} INFO - Processing /opt/airflow/dags/3_pipeline_ods_to_dw.py took 0.130 seconds
[2025-08-06T14:26:36.649+0000] {processor.py:186} INFO - Started process (PID=547) to work on /opt/airflow/dags/3_pipeline_ods_to_dw.py
[2025-08-06T14:26:36.650+0000] {processor.py:914} INFO - Processing file /opt/airflow/dags/3_pipeline_ods_to_dw.py for tasks to queue
[2025-08-06T14:26:36.653+0000] {logging_mixin.py:190} INFO - [2025-08-06T14:26:36.652+0000] {dagbag.py:588} INFO - Filling up the DagBag from /opt/airflow/dags/3_pipeline_ods_to_dw.py
[2025-08-06T14:26:36.677+0000] {processor.py:925} INFO - DAG(s) 'ods_to_dw' retrieved from /opt/airflow/dags/3_pipeline_ods_to_dw.py
[2025-08-06T14:26:36.712+0000] {logging_mixin.py:190} INFO - [2025-08-06T14:26:36.712+0000] {dag.py:3239} INFO - Sync 1 DAGs
[2025-08-06T14:26:36.733+0000] {logging_mixin.py:190} INFO - [2025-08-06T14:26:36.733+0000] {dag.py:4180} INFO - Setting next_dagrun for ods_to_dw to None, run_after=None
[2025-08-06T14:26:36.761+0000] {processor.py:208} INFO - Processing /opt/airflow/dags/3_pipeline_ods_to_dw.py took 0.119 seconds
[2025-08-06T14:27:07.128+0000] {processor.py:186} INFO - Started process (PID=562) to work on /opt/airflow/dags/3_pipeline_ods_to_dw.py
[2025-08-06T14:27:07.129+0000] {processor.py:914} INFO - Processing file /opt/airflow/dags/3_pipeline_ods_to_dw.py for tasks to queue
[2025-08-06T14:27:07.131+0000] {logging_mixin.py:190} INFO - [2025-08-06T14:27:07.131+0000] {dagbag.py:588} INFO - Filling up the DagBag from /opt/airflow/dags/3_pipeline_ods_to_dw.py
[2025-08-06T14:27:07.157+0000] {processor.py:925} INFO - DAG(s) 'ods_to_dw' retrieved from /opt/airflow/dags/3_pipeline_ods_to_dw.py
[2025-08-06T14:27:07.189+0000] {logging_mixin.py:190} INFO - [2025-08-06T14:27:07.189+0000] {dag.py:3239} INFO - Sync 1 DAGs
[2025-08-06T14:27:07.209+0000] {logging_mixin.py:190} INFO - [2025-08-06T14:27:07.209+0000] {dag.py:4180} INFO - Setting next_dagrun for ods_to_dw to None, run_after=None
[2025-08-06T14:27:07.232+0000] {processor.py:208} INFO - Processing /opt/airflow/dags/3_pipeline_ods_to_dw.py took 0.112 seconds
[2025-08-06T14:27:37.584+0000] {processor.py:186} INFO - Started process (PID=577) to work on /opt/airflow/dags/3_pipeline_ods_to_dw.py
[2025-08-06T14:27:37.586+0000] {processor.py:914} INFO - Processing file /opt/airflow/dags/3_pipeline_ods_to_dw.py for tasks to queue
[2025-08-06T14:27:37.588+0000] {logging_mixin.py:190} INFO - [2025-08-06T14:27:37.588+0000] {dagbag.py:588} INFO - Filling up the DagBag from /opt/airflow/dags/3_pipeline_ods_to_dw.py
[2025-08-06T14:27:37.613+0000] {processor.py:925} INFO - DAG(s) 'ods_to_dw' retrieved from /opt/airflow/dags/3_pipeline_ods_to_dw.py
[2025-08-06T14:27:37.644+0000] {logging_mixin.py:190} INFO - [2025-08-06T14:27:37.644+0000] {dag.py:3239} INFO - Sync 1 DAGs
[2025-08-06T14:27:37.663+0000] {logging_mixin.py:190} INFO - [2025-08-06T14:27:37.663+0000] {dag.py:4180} INFO - Setting next_dagrun for ods_to_dw to None, run_after=None
[2025-08-06T14:27:37.686+0000] {processor.py:208} INFO - Processing /opt/airflow/dags/3_pipeline_ods_to_dw.py took 0.108 seconds
[2025-08-06T14:28:08.020+0000] {processor.py:186} INFO - Started process (PID=592) to work on /opt/airflow/dags/3_pipeline_ods_to_dw.py
[2025-08-06T14:28:08.021+0000] {processor.py:914} INFO - Processing file /opt/airflow/dags/3_pipeline_ods_to_dw.py for tasks to queue
[2025-08-06T14:28:08.023+0000] {logging_mixin.py:190} INFO - [2025-08-06T14:28:08.023+0000] {dagbag.py:588} INFO - Filling up the DagBag from /opt/airflow/dags/3_pipeline_ods_to_dw.py
[2025-08-06T14:28:08.046+0000] {processor.py:925} INFO - DAG(s) 'ods_to_dw' retrieved from /opt/airflow/dags/3_pipeline_ods_to_dw.py
[2025-08-06T14:28:08.076+0000] {logging_mixin.py:190} INFO - [2025-08-06T14:28:08.076+0000] {dag.py:3239} INFO - Sync 1 DAGs
[2025-08-06T14:28:08.095+0000] {logging_mixin.py:190} INFO - [2025-08-06T14:28:08.094+0000] {dag.py:4180} INFO - Setting next_dagrun for ods_to_dw to None, run_after=None
[2025-08-06T14:28:08.126+0000] {processor.py:208} INFO - Processing /opt/airflow/dags/3_pipeline_ods_to_dw.py took 0.113 seconds
[2025-08-06T14:28:12.236+0000] {processor.py:186} INFO - Started process (PID=607) to work on /opt/airflow/dags/3_pipeline_ods_to_dw.py
[2025-08-06T14:28:12.237+0000] {processor.py:914} INFO - Processing file /opt/airflow/dags/3_pipeline_ods_to_dw.py for tasks to queue
[2025-08-06T14:28:12.241+0000] {logging_mixin.py:190} INFO - [2025-08-06T14:28:12.240+0000] {dagbag.py:588} INFO - Filling up the DagBag from /opt/airflow/dags/3_pipeline_ods_to_dw.py
[2025-08-06T14:28:12.277+0000] {processor.py:925} INFO - DAG(s) 'ods_to_dw' retrieved from /opt/airflow/dags/3_pipeline_ods_to_dw.py
[2025-08-06T14:28:12.307+0000] {logging_mixin.py:190} INFO - [2025-08-06T14:28:12.307+0000] {dag.py:3239} INFO - Sync 1 DAGs
[2025-08-06T14:28:12.323+0000] {logging_mixin.py:190} INFO - [2025-08-06T14:28:12.323+0000] {dag.py:4180} INFO - Setting next_dagrun for ods_to_dw to None, run_after=None
[2025-08-06T14:28:12.350+0000] {processor.py:208} INFO - Processing /opt/airflow/dags/3_pipeline_ods_to_dw.py took 0.123 seconds
[2025-08-06T14:28:42.897+0000] {processor.py:186} INFO - Started process (PID=622) to work on /opt/airflow/dags/3_pipeline_ods_to_dw.py
[2025-08-06T14:28:42.898+0000] {processor.py:914} INFO - Processing file /opt/airflow/dags/3_pipeline_ods_to_dw.py for tasks to queue
[2025-08-06T14:28:42.901+0000] {logging_mixin.py:190} INFO - [2025-08-06T14:28:42.900+0000] {dagbag.py:588} INFO - Filling up the DagBag from /opt/airflow/dags/3_pipeline_ods_to_dw.py
[2025-08-06T14:28:42.925+0000] {processor.py:925} INFO - DAG(s) 'ods_to_dw' retrieved from /opt/airflow/dags/3_pipeline_ods_to_dw.py
[2025-08-06T14:28:42.954+0000] {logging_mixin.py:190} INFO - [2025-08-06T14:28:42.954+0000] {dag.py:3239} INFO - Sync 1 DAGs
[2025-08-06T14:28:42.969+0000] {logging_mixin.py:190} INFO - [2025-08-06T14:28:42.969+0000] {dag.py:4180} INFO - Setting next_dagrun for ods_to_dw to None, run_after=None
[2025-08-06T14:28:42.991+0000] {processor.py:208} INFO - Processing /opt/airflow/dags/3_pipeline_ods_to_dw.py took 0.100 seconds
[2025-08-06T14:29:13.476+0000] {processor.py:186} INFO - Started process (PID=637) to work on /opt/airflow/dags/3_pipeline_ods_to_dw.py
[2025-08-06T14:29:13.478+0000] {processor.py:914} INFO - Processing file /opt/airflow/dags/3_pipeline_ods_to_dw.py for tasks to queue
[2025-08-06T14:29:13.481+0000] {logging_mixin.py:190} INFO - [2025-08-06T14:29:13.481+0000] {dagbag.py:588} INFO - Filling up the DagBag from /opt/airflow/dags/3_pipeline_ods_to_dw.py
[2025-08-06T14:29:13.507+0000] {processor.py:925} INFO - DAG(s) 'ods_to_dw' retrieved from /opt/airflow/dags/3_pipeline_ods_to_dw.py
[2025-08-06T14:29:13.538+0000] {logging_mixin.py:190} INFO - [2025-08-06T14:29:13.538+0000] {dag.py:3239} INFO - Sync 1 DAGs
[2025-08-06T14:29:13.555+0000] {logging_mixin.py:190} INFO - [2025-08-06T14:29:13.554+0000] {dag.py:4180} INFO - Setting next_dagrun for ods_to_dw to None, run_after=None
[2025-08-06T14:29:13.577+0000] {processor.py:208} INFO - Processing /opt/airflow/dags/3_pipeline_ods_to_dw.py took 0.110 seconds
[2025-08-06T14:29:43.924+0000] {processor.py:186} INFO - Started process (PID=652) to work on /opt/airflow/dags/3_pipeline_ods_to_dw.py
[2025-08-06T14:29:43.925+0000] {processor.py:914} INFO - Processing file /opt/airflow/dags/3_pipeline_ods_to_dw.py for tasks to queue
[2025-08-06T14:29:43.927+0000] {logging_mixin.py:190} INFO - [2025-08-06T14:29:43.927+0000] {dagbag.py:588} INFO - Filling up the DagBag from /opt/airflow/dags/3_pipeline_ods_to_dw.py
[2025-08-06T14:29:43.950+0000] {processor.py:925} INFO - DAG(s) 'ods_to_dw' retrieved from /opt/airflow/dags/3_pipeline_ods_to_dw.py
[2025-08-06T14:29:43.990+0000] {logging_mixin.py:190} INFO - [2025-08-06T14:29:43.990+0000] {dag.py:3239} INFO - Sync 1 DAGs
[2025-08-06T14:29:44.020+0000] {logging_mixin.py:190} INFO - [2025-08-06T14:29:44.019+0000] {dag.py:4180} INFO - Setting next_dagrun for ods_to_dw to None, run_after=None
[2025-08-06T14:29:44.078+0000] {processor.py:208} INFO - Processing /opt/airflow/dags/3_pipeline_ods_to_dw.py took 0.160 seconds
